INFO [2022-04-06 11:42:23] $x
INFO [2022-04-06 11:42:23] list(asd, hssc_sc, mirc_rrb)
INFO [2022-04-06 11:42:23] 
INFO [2022-04-06 11:42:23] $category.names
INFO [2022-04-06 11:42:23] c("ASD DX", "HSSC Group (SC) ", "MIRC Group (RRB)")
INFO [2022-04-06 11:42:23] 
INFO [2022-04-06 11:42:23] $filename
INFO [2022-04-06 11:42:23] [1] "Plots_Tables/male_venn_diagram_size.jpg"
INFO [2022-04-06 11:42:23] 
INFO [2022-04-06 11:42:23] $output
INFO [2022-04-06 11:42:23] [1] TRUE
INFO [2022-04-06 11:42:23] 
INFO [2022-04-06 11:42:23] $col
INFO [2022-04-06 11:42:23] c("#440154ff", "#21908dff", "orange")
INFO [2022-04-06 11:42:23] 
INFO [2022-04-06 11:42:23] $fill
INFO [2022-04-06 11:42:23] c(alpha("#440154ff", 0.3), alpha("#21908dff", 0.3), alpha("orange", 
INFO [2022-04-06 11:42:23]     0.3))
INFO [2022-04-06 11:42:23] 
INFO [2022-04-06 11:42:23] $cex
INFO [2022-04-06 11:42:23] [1] 0.5
INFO [2022-04-06 11:42:23] 
INFO [2022-04-06 11:42:23] $fontfamily
INFO [2022-04-06 11:42:23] [1] "sans"
INFO [2022-04-06 11:42:23] 
INFO [2022-04-06 11:42:23] $cat.cex
INFO [2022-04-06 11:42:23] [1] 0.3
INFO [2022-04-06 11:42:23] 
INFO [2022-04-06 11:42:23] $cat.default.pos
INFO [2022-04-06 11:42:23] [1] "outer"
INFO [2022-04-06 11:42:23] 
INFO [2022-04-06 11:42:23] $cat.pos
INFO [2022-04-06 11:42:23] c(-27, 27, 135)
INFO [2022-04-06 11:42:23] 
INFO [2022-04-06 11:42:23] $cat.dist
INFO [2022-04-06 11:42:23] c(0.055, 0.055, 0.085)
INFO [2022-04-06 11:42:23] 
INFO [2022-04-06 11:42:23] $cat.fontfamily
INFO [2022-04-06 11:42:23] [1] "sans"
INFO [2022-04-06 11:42:23] 
INFO [2022-04-06 11:42:23] $cat.col
INFO [2022-04-06 11:42:23] c("#440154ff", "#21908dff", "orange")
INFO [2022-04-06 11:42:23] 
INFO [2022-04-06 11:42:23] $rotation
INFO [2022-04-06 11:42:23] [1] 1
INFO [2022-04-06 11:42:23] 
INFO [2022-04-06 11:42:23] $height
INFO [2022-04-06 11:42:23] [1] 480
INFO [2022-04-06 11:42:23] 
INFO [2022-04-06 11:42:23] $width
INFO [2022-04-06 11:42:23] [1] 480
INFO [2022-04-06 11:42:23] 
INFO [2022-04-06 11:42:23] $resolution
INFO [2022-04-06 11:42:23] [1] 300
INFO [2022-04-06 11:42:23] 
INFO [2022-04-06 11:42:23] $main
INFO [2022-04-06 11:42:23] [1] "MALES"
INFO [2022-04-06 11:42:23] 
INFO [2022-04-06 11:42:23] $main.cex
INFO [2022-04-06 11:42:23] [1] 0.5
INFO [2022-04-06 11:42:23] 
