INFO [2022-04-06 11:24:45] $x
INFO [2022-04-06 11:24:45] list(asd, hssc_sc, mirc_rrb)
INFO [2022-04-06 11:24:45] 
INFO [2022-04-06 11:24:45] $category.names
INFO [2022-04-06 11:24:45] c("ASD DX", "HSSC Group (SC) ", "MIRC Group (RRB)")
INFO [2022-04-06 11:24:45] 
INFO [2022-04-06 11:24:45] $filename
INFO [2022-04-06 11:24:45] [1] "Plots_Tables/male_venn_diagram.jpg"
INFO [2022-04-06 11:24:45] 
INFO [2022-04-06 11:24:45] $output
INFO [2022-04-06 11:24:45] [1] TRUE
INFO [2022-04-06 11:24:45] 
INFO [2022-04-06 11:24:45] $col
INFO [2022-04-06 11:24:45] c("#440154ff", "#21908dff", "orange")
INFO [2022-04-06 11:24:45] 
INFO [2022-04-06 11:24:45] $fill
INFO [2022-04-06 11:24:45] c(alpha("#440154ff", 0.3), alpha("#21908dff", 0.3), alpha("orange", 
INFO [2022-04-06 11:24:45]     0.3))
INFO [2022-04-06 11:24:45] 
INFO [2022-04-06 11:24:45] $cex
INFO [2022-04-06 11:24:45] [1] 0.5
INFO [2022-04-06 11:24:45] 
INFO [2022-04-06 11:24:45] $fontfamily
INFO [2022-04-06 11:24:45] [1] "sans"
INFO [2022-04-06 11:24:45] 
INFO [2022-04-06 11:24:45] $cat.cex
INFO [2022-04-06 11:24:45] [1] 0.3
INFO [2022-04-06 11:24:45] 
INFO [2022-04-06 11:24:45] $cat.default.pos
INFO [2022-04-06 11:24:45] [1] "outer"
INFO [2022-04-06 11:24:45] 
INFO [2022-04-06 11:24:45] $cat.pos
INFO [2022-04-06 11:24:45] c(-27, 27, 135)
INFO [2022-04-06 11:24:45] 
INFO [2022-04-06 11:24:45] $cat.dist
INFO [2022-04-06 11:24:45] c(0.055, 0.055, 0.085)
INFO [2022-04-06 11:24:45] 
INFO [2022-04-06 11:24:45] $cat.fontfamily
INFO [2022-04-06 11:24:45] [1] "sans"
INFO [2022-04-06 11:24:45] 
INFO [2022-04-06 11:24:45] $cat.col
INFO [2022-04-06 11:24:45] c("#440154ff", "#21908dff", "orange")
INFO [2022-04-06 11:24:45] 
INFO [2022-04-06 11:24:45] $rotation
INFO [2022-04-06 11:24:45] [1] 1
INFO [2022-04-06 11:24:45] 
INFO [2022-04-06 11:24:45] $height
INFO [2022-04-06 11:24:45] [1] 480
INFO [2022-04-06 11:24:45] 
INFO [2022-04-06 11:24:45] $width
INFO [2022-04-06 11:24:45] [1] 480
INFO [2022-04-06 11:24:45] 
INFO [2022-04-06 11:24:45] $resolution
INFO [2022-04-06 11:24:45] [1] 300
INFO [2022-04-06 11:24:45] 
INFO [2022-04-06 11:24:45] $main
INFO [2022-04-06 11:24:45] [1] "MALES"
INFO [2022-04-06 11:24:45] 
INFO [2022-04-06 11:24:45] $main.cex
INFO [2022-04-06 11:24:45] [1] 0.5
INFO [2022-04-06 11:24:45] 
