INFO [2022-04-06 11:24:30] $x
INFO [2022-04-06 11:24:30] list(asd, hssc_sc, mirc_rrb)
INFO [2022-04-06 11:24:30] 
INFO [2022-04-06 11:24:30] $category.names
INFO [2022-04-06 11:24:30] c("ASD DX", "HSSC Group (SC) ", "MIRC Group (RRB)")
INFO [2022-04-06 11:24:30] 
INFO [2022-04-06 11:24:30] $filename
INFO [2022-04-06 11:24:30] [1] "Plots_Tables/male_venn_diagram.jpg"
INFO [2022-04-06 11:24:30] 
INFO [2022-04-06 11:24:30] $output
INFO [2022-04-06 11:24:30] [1] TRUE
INFO [2022-04-06 11:24:30] 
INFO [2022-04-06 11:24:30] $col
INFO [2022-04-06 11:24:30] c("#440154ff", "#21908dff", "orange")
INFO [2022-04-06 11:24:30] 
INFO [2022-04-06 11:24:30] $fill
INFO [2022-04-06 11:24:30] c(alpha("#440154ff", 0.3), alpha("#21908dff", 0.3), alpha("orange", 
INFO [2022-04-06 11:24:30]     0.3))
INFO [2022-04-06 11:24:30] 
INFO [2022-04-06 11:24:30] $cex
INFO [2022-04-06 11:24:30] [1] 0.5
INFO [2022-04-06 11:24:30] 
INFO [2022-04-06 11:24:30] $fontfamily
INFO [2022-04-06 11:24:30] [1] "sans"
INFO [2022-04-06 11:24:30] 
INFO [2022-04-06 11:24:30] $cat.cex
INFO [2022-04-06 11:24:30] [1] 0.3
INFO [2022-04-06 11:24:30] 
INFO [2022-04-06 11:24:30] $cat.default.pos
INFO [2022-04-06 11:24:30] [1] "outer"
INFO [2022-04-06 11:24:30] 
INFO [2022-04-06 11:24:30] $cat.pos
INFO [2022-04-06 11:24:30] c(-27, 27, 135)
INFO [2022-04-06 11:24:30] 
INFO [2022-04-06 11:24:30] $cat.dist
INFO [2022-04-06 11:24:30] c(0.055, 0.055, 0.085)
INFO [2022-04-06 11:24:30] 
INFO [2022-04-06 11:24:30] $cat.fontfamily
INFO [2022-04-06 11:24:30] [1] "sans"
INFO [2022-04-06 11:24:30] 
INFO [2022-04-06 11:24:30] $cat.col
INFO [2022-04-06 11:24:30] c("#440154ff", "#21908dff", "orange")
INFO [2022-04-06 11:24:30] 
INFO [2022-04-06 11:24:30] $rotation
INFO [2022-04-06 11:24:30] [1] 1
INFO [2022-04-06 11:24:30] 
INFO [2022-04-06 11:24:30] $height
INFO [2022-04-06 11:24:30] [1] 480
INFO [2022-04-06 11:24:30] 
INFO [2022-04-06 11:24:30] $width
INFO [2022-04-06 11:24:30] [1] 480
INFO [2022-04-06 11:24:30] 
INFO [2022-04-06 11:24:30] $resolution
INFO [2022-04-06 11:24:30] [1] 300
INFO [2022-04-06 11:24:30] 
INFO [2022-04-06 11:24:30] $main
INFO [2022-04-06 11:24:30] [1] "MALES"
INFO [2022-04-06 11:24:30] 
INFO [2022-04-06 11:24:30] $main.cex
INFO [2022-04-06 11:24:30] [1] 0.5
INFO [2022-04-06 11:24:30] 
