INFO [2021-11-17 17:56:17] $x
INFO [2021-11-17 17:56:17] list(asd, hssc_sc, mirc_rrb)
INFO [2021-11-17 17:56:17] 
INFO [2021-11-17 17:56:17] $category.names
INFO [2021-11-17 17:56:17] c("ASD DX", "HSSC Group (SC) ", "MIRC Group (RRB)")
INFO [2021-11-17 17:56:17] 
INFO [2021-11-17 17:56:17] $filename
INFO [2021-11-17 17:56:17] [1] "Plots_Tables/male_venn_diagram.jpg"
INFO [2021-11-17 17:56:17] 
INFO [2021-11-17 17:56:17] $output
INFO [2021-11-17 17:56:17] [1] TRUE
INFO [2021-11-17 17:56:17] 
INFO [2021-11-17 17:56:17] $col
INFO [2021-11-17 17:56:17] c("#440154ff", "#21908dff", "orange")
INFO [2021-11-17 17:56:17] 
INFO [2021-11-17 17:56:17] $fill
INFO [2021-11-17 17:56:17] c(alpha("#440154ff", 0.3), alpha("#21908dff", 0.3), alpha("orange", 
INFO [2021-11-17 17:56:17]     0.3))
INFO [2021-11-17 17:56:17] 
INFO [2021-11-17 17:56:17] $cex
INFO [2021-11-17 17:56:17] [1] 0.5
INFO [2021-11-17 17:56:17] 
INFO [2021-11-17 17:56:17] $fontfamily
INFO [2021-11-17 17:56:17] [1] "sans"
INFO [2021-11-17 17:56:17] 
INFO [2021-11-17 17:56:17] $cat.cex
INFO [2021-11-17 17:56:17] [1] 0.3
INFO [2021-11-17 17:56:17] 
INFO [2021-11-17 17:56:17] $cat.default.pos
INFO [2021-11-17 17:56:17] [1] "outer"
INFO [2021-11-17 17:56:17] 
INFO [2021-11-17 17:56:17] $cat.pos
INFO [2021-11-17 17:56:17] c(-27, 27, 135)
INFO [2021-11-17 17:56:17] 
INFO [2021-11-17 17:56:17] $cat.dist
INFO [2021-11-17 17:56:17] c(0.055, 0.055, 0.085)
INFO [2021-11-17 17:56:17] 
INFO [2021-11-17 17:56:17] $cat.fontfamily
INFO [2021-11-17 17:56:17] [1] "sans"
INFO [2021-11-17 17:56:17] 
INFO [2021-11-17 17:56:17] $cat.col
INFO [2021-11-17 17:56:17] c("#440154ff", "#21908dff", "orange")
INFO [2021-11-17 17:56:17] 
INFO [2021-11-17 17:56:17] $rotation
INFO [2021-11-17 17:56:17] [1] 1
INFO [2021-11-17 17:56:17] 
INFO [2021-11-17 17:56:17] $height
INFO [2021-11-17 17:56:17] [1] 480
INFO [2021-11-17 17:56:17] 
INFO [2021-11-17 17:56:17] $width
INFO [2021-11-17 17:56:17] [1] 480
INFO [2021-11-17 17:56:17] 
INFO [2021-11-17 17:56:17] $resolution
INFO [2021-11-17 17:56:17] [1] 300
INFO [2021-11-17 17:56:17] 
INFO [2021-11-17 17:56:17] $main
INFO [2021-11-17 17:56:17] [1] "MALES"
INFO [2021-11-17 17:56:17] 
INFO [2021-11-17 17:56:17] $main.cex
INFO [2021-11-17 17:56:17] [1] 0.5
INFO [2021-11-17 17:56:17] 
