INFO [2022-04-06 11:41:35] $x
INFO [2022-04-06 11:41:35] list(asd, hssc_sc, mirc_rrb)
INFO [2022-04-06 11:41:35] 
INFO [2022-04-06 11:41:35] $category.names
INFO [2022-04-06 11:41:35] c("ASD DX", "HSSC Group (SC) ", "MIRC Group (RRB)")
INFO [2022-04-06 11:41:35] 
INFO [2022-04-06 11:41:35] $filename
INFO [2022-04-06 11:41:35] [1] "Plots_Tables/male_venn_diagram.jpg"
INFO [2022-04-06 11:41:35] 
INFO [2022-04-06 11:41:35] $output
INFO [2022-04-06 11:41:35] [1] TRUE
INFO [2022-04-06 11:41:35] 
INFO [2022-04-06 11:41:35] $col
INFO [2022-04-06 11:41:35] c("#440154ff", "#21908dff", "orange")
INFO [2022-04-06 11:41:35] 
INFO [2022-04-06 11:41:35] $fill
INFO [2022-04-06 11:41:35] c(alpha("#440154ff", 0.3), alpha("#21908dff", 0.3), alpha("orange", 
INFO [2022-04-06 11:41:35]     0.3))
INFO [2022-04-06 11:41:35] 
INFO [2022-04-06 11:41:35] $cex
INFO [2022-04-06 11:41:35] [1] 0.5
INFO [2022-04-06 11:41:35] 
INFO [2022-04-06 11:41:35] $fontfamily
INFO [2022-04-06 11:41:35] [1] "sans"
INFO [2022-04-06 11:41:35] 
INFO [2022-04-06 11:41:35] $cat.cex
INFO [2022-04-06 11:41:35] [1] 0.3
INFO [2022-04-06 11:41:35] 
INFO [2022-04-06 11:41:35] $cat.default.pos
INFO [2022-04-06 11:41:35] [1] "outer"
INFO [2022-04-06 11:41:35] 
INFO [2022-04-06 11:41:35] $cat.pos
INFO [2022-04-06 11:41:35] c(-27, 27, 135)
INFO [2022-04-06 11:41:35] 
INFO [2022-04-06 11:41:35] $cat.dist
INFO [2022-04-06 11:41:35] c(0.055, 0.055, 0.085)
INFO [2022-04-06 11:41:35] 
INFO [2022-04-06 11:41:35] $cat.fontfamily
INFO [2022-04-06 11:41:35] [1] "sans"
INFO [2022-04-06 11:41:35] 
INFO [2022-04-06 11:41:35] $cat.col
INFO [2022-04-06 11:41:35] c("#440154ff", "#21908dff", "orange")
INFO [2022-04-06 11:41:35] 
INFO [2022-04-06 11:41:35] $rotation
INFO [2022-04-06 11:41:35] [1] 1
INFO [2022-04-06 11:41:35] 
INFO [2022-04-06 11:41:35] $height
INFO [2022-04-06 11:41:35] [1] 480
INFO [2022-04-06 11:41:35] 
INFO [2022-04-06 11:41:35] $width
INFO [2022-04-06 11:41:35] [1] 480
INFO [2022-04-06 11:41:35] 
INFO [2022-04-06 11:41:35] $resolution
INFO [2022-04-06 11:41:35] [1] 300
INFO [2022-04-06 11:41:35] 
INFO [2022-04-06 11:41:35] $main
INFO [2022-04-06 11:41:35] [1] "MALES"
INFO [2022-04-06 11:41:35] 
INFO [2022-04-06 11:41:35] $main.cex
INFO [2022-04-06 11:41:35] [1] 0.5
INFO [2022-04-06 11:41:35] 
