Mplus.VERSION.8.6
MUTHEN & MUTHEN
06/17/2021  12:18 PM

INPUT INSTRUCTIONS

  TITLE: Measurement Invariance Model for Q9
  DATA: FILE = C:/Users/kdono/OneDrive/Documents/mnlfa_mplus_dir/calibration.dat;
  VARIABLE:
  NAMES = ID EYEC RNAME SOCINT SOCREF QSHOW QQSO Q5 Q9 GNUM AGE;
  MISSING=.;
  !
  !
  !
  !
  USEVARIABLES= EYEC RNAME SOCINT SOCREF QSHOW QQSO Q5 Q9 GNUM AGE ;
  !
  CATEGORICAL= EYEC RNAME SOCINT SOCREF QSHOW QQSO Q5 Q9 ;
  !
  CONSTRAINT= GNUM AGE ;
  ANALYSIS: ESTIMATOR=ML;ALGORITHM=INTEGRATION;INTEGRATION=MONTECARLO;PROCESSORS=4;
  MODEL: [ETA@0]; ETA@1;
  ETA BY EYEC*(l1);
  ETA BY RNAME*(l2);
  ETA BY SOCINT*(l3);
  ETA BY SOCREF*(l4);
  ETA BY QSHOW*(l5);
  ETA BY QQSO*(l6);
  ETA BY Q5*(l7);
  ETA BY Q9*(l8);
  Q9 on GNUM AGE;
  MODEL CONSTRAINT: new(
  l8_00*1
  l8_1*0
  l8_2*0
  );
  l8=l8_00
  +l8_1*GNUM
  +l8_2*AGE
  ;
  OUTPUT: tech1;



INPUT READING TERMINATED NORMALLY



Measurement Invariance Model for Q9

SUMMARY OF ANALYSIS

Number of groups                                                 1
Number of observations                                         377

Number of dependent variables                                    8
Number of independent variables                                  2
Number of continuous latent variables                            1

Observed dependent variables

  Binary and ordered categorical (ordinal)
   EYEC        RNAME       SOCINT      SOCREF      QSHOW       QQSO
   Q5          Q9

Observed independent variables
   GNUM        AGE

Continuous latent variables
   ETA


Estimator                                                       ML
Information matrix                                        OBSERVED
Optimization Specifications for the Quasi-Newton Algorithm for
Continuous Outcomes
  Maximum number of iterations                                 100
  Convergence criterion                                  0.100D-05
Optimization Specifications for the EM Algorithm
  Maximum number of iterations                                 500
  Convergence criteria
    Loglikelihood change                                 0.100D-02
    Relative loglikelihood change                        0.100D-05
    Derivative                                           0.100D-02
Optimization Specifications for the M step of the EM Algorithm for
Categorical Latent variables
  Number of M step iterations                                    1
  M step convergence criterion                           0.100D-02
  Basis for M step termination                           ITERATION
Optimization Specifications for the M step of the EM Algorithm for
Censored, Binary or Ordered Categorical (Ordinal), Unordered
Categorical (Nominal) and Count Outcomes
  Number of M step iterations                                    1
  M step convergence criterion                           0.100D-02
  Basis for M step termination                           ITERATION
  Maximum value for logit thresholds                            15
  Minimum value for logit thresholds                           -15
  Minimum expected cell size for chi-square              0.100D-01
Maximum number of iterations for H1                           2000
Convergence criterion for H1                             0.100D-03
Optimization algorithm                                         EMA
Integration Specifications
  Type                                                  MONTECARLO
  Number of integration points                                1000
  Dimensions of numerical integration                            1
  Adaptive quadrature                                           ON
  Monte Carlo integration seed                                   0
Link                                                         LOGIT
Cholesky                                                        ON

Input data file(s)
  C:/Users/kdono/OneDrive/Documents/mnlfa_mplus_dir/calibration.dat
Input data format  FREE


SUMMARY OF DATA

     Number of missing data patterns             5
     Number of y missing data patterns           0
     Number of u missing data patterns           5


COVARIANCE COVERAGE OF DATA

Minimum covariance coverage value   0.100


     PROPORTION OF DATA PRESENT FOR U


           Covariance Coverage
              EYEC          RNAME         SOCINT        SOCREF        QSHOW
              ________      ________      ________      ________      ________
 EYEC           1.000
 RNAME          0.981         0.981
 SOCINT         1.000         0.981         1.000
 SOCREF         0.992         0.973         0.992         0.992
 QSHOW          0.448         0.448         0.448         0.448         0.448
 QQSO           0.448         0.448         0.448         0.448         0.448
 Q5             0.549         0.531         0.549         0.541         0.000
 Q9             0.552         0.533         0.552         0.544         0.000


           Covariance Coverage
              QQSO          Q5            Q9
              ________      ________      ________
 QQSO           0.448
 Q5             0.000         0.549
 Q9             0.000         0.549         0.552


UNIVARIATE PROPORTIONS AND COUNTS FOR CATEGORICAL VARIABLES

    EYEC
      Category 1    0.775          292.000
      Category 2    0.225           85.000
    RNAME
      Category 1    0.597          221.000
      Category 2    0.243           90.000
      Category 3    0.159           59.000
    SOCINT
      Category 1    0.671          253.000
      Category 2    0.284          107.000
      Category 3    0.045           17.000
    SOCREF
      Category 1    0.631          236.000
      Category 2    0.193           72.000
      Category 3    0.176           66.000
    QSHOW
      Category 1    0.574           97.000
      Category 2    0.349           59.000
      Category 3    0.077           13.000
    QQSO
      Category 1    0.651          110.000
      Category 2    0.284           48.000
      Category 3    0.065           11.000
    Q5
      Category 1    0.657          136.000
      Category 2    0.198           41.000
      Category 3    0.145           30.000
    Q9
      Category 1    0.587          122.000
      Category 2    0.298           62.000
      Category 3    0.115           24.000



UNIVARIATE SAMPLE STATISTICS


     UNIVARIATE HIGHER-ORDER MOMENT DESCRIPTIVE STATISTICS

         Variable/         Mean/     Skewness/   Minimum/ % with                Percentiles
        Sample Size      Variance    Kurtosis    Maximum  Min/Max      20%/60%    40%/80%    Median

     GNUM                  0.422       0.317       0.000   57.82%       0.000      0.000      0.000
             377.000       0.244      -1.900       1.000   42.18%       1.000      1.000
     AGE                  18.562       0.665       5.600    0.27%       8.800     12.500     13.700
             377.000     106.077      -0.455      46.100    0.27%      24.000     25.100


THE MODEL ESTIMATION TERMINATED NORMALLY

  ERROR OCCURRED IN THE BRANT WALD TEST FOR PROPORTIONAL ODDS FOR QQSO.



MODEL FIT INFORMATION

Number of Free Parameters                       27

Loglikelihood

          H0 Value                       -1605.854

Information Criteria

          Akaike (AIC)                    3265.707
          Bayesian (BIC)                  3371.878
          Sample-Size Adjusted BIC        3286.214
            (n* = (n + 2) / 24)



MODEL RESULTS

                                                    Two-Tailed
                    Estimate       S.E.  Est./S.E.    P-Value

 ETA      BY
    EYEC               2.824      0.488      5.785      0.000
    RNAME              0.917      0.152      6.013      0.000
    SOCINT             2.968      0.420      7.070      0.000
    SOCREF             1.284      0.184      6.993      0.000
    QSHOW              1.261      0.253      4.989      0.000
    QQSO               5.847      2.571      2.275      0.023
    Q5                 1.059      0.234      4.519      0.000
    Q9               999.000      0.000    999.000    999.000

 Q9         ON
    GNUM               0.029      0.673      0.043      0.965
    AGE               -0.113      0.106     -1.071      0.284

 Means
    ETA                0.000      0.000    999.000    999.000

 Thresholds
    EYEC$1             2.487      0.377      6.588      0.000
    RNAME$1            0.450      0.126      3.586      0.000
    RNAME$2            1.908      0.170     11.236      0.000
    SOCINT$1           1.515      0.281      5.395      0.000
    SOCINT$2           5.918      0.679      8.717      0.000
    SOCREF$1           0.685      0.145      4.735      0.000
    SOCREF$2           1.969      0.188     10.473      0.000
    QSHOW$1            0.193      0.193      1.000      0.317
    QSHOW$2            2.983      0.372      8.009      0.000
    QQSO$1             1.369      0.709      1.931      0.054
    QQSO$2             9.180      3.745      2.451      0.014
    Q5$1               0.900      0.192      4.700      0.000
    Q5$2               2.206      0.258      8.566      0.000
    Q9$1              -0.036      0.972     -0.037      0.971
    Q9$2               3.160      1.094      2.888      0.004

 Variances
    ETA                1.000      0.000    999.000    999.000

New/Additional Parameters
    L8_00             -0.725      1.297     -0.559      0.576
    L8_1               0.404      0.804      0.503      0.615
    L8_2               0.381      0.159      2.393      0.017


QUALITY OF NUMERICAL RESULTS

     Condition Number for the Information Matrix              0.122E-04
       (ratio of smallest to largest eigenvalue)


BRANT WALD TEST FOR PROPORTIONAL ODDS

                                   Degrees of
                      Chi-Square     Freedom   P-Value

  RNAME
    Overall test           7.273         2      0.026
    GNUM                   0.858         1      0.354
    AGE                    6.339         1      0.012

  SOCINT
    Overall test           6.518         2      0.038
    GNUM                   1.179         1      0.278
    AGE                    5.430         1      0.020

  SOCREF
    Overall test           5.295         2      0.071
    GNUM                   0.075         1      0.784
    AGE                    5.266         1      0.022

  QSHOW
    Overall test         261.569         2      0.000
    GNUM                   2.033         1      0.154
    AGE                  261.433         1      0.000

  Q5
    Overall test         167.856         2      0.000
    GNUM                   0.107         1      0.743
    AGE                  166.617         1      0.000

  Q9
    Overall test         627.349         2      0.000
    GNUM                   0.002         1      0.966
    AGE                  621.235         1      0.000


TECHNICAL 1 OUTPUT


     PARAMETER SPECIFICATION


           TAU
              EYEC$1        RNAME$1       RNAME$2       SOCINT$1      SOCINT$2
              ________      ________      ________      ________      ________
                   11            12            13            14            15


           TAU
              SOCREF$1      SOCREF$2      QSHOW$1       QSHOW$2       QQSO$1
              ________      ________      ________      ________      ________
                   16            17            18            19            20


           TAU
              QQSO$2        Q5$1          Q5$2          Q9$1          Q9$2
              ________      ________      ________      ________      ________
                   21            22            23            24            25


           NU
              EYEC          RNAME         SOCINT        SOCREF        QSHOW
              ________      ________      ________      ________      ________
                    0             0             0             0             0


           NU
              QQSO          Q5            Q9            GNUM          AGE
              ________      ________      ________      ________      ________
                    0             0             0             0             0


           LAMBDA
              ETA           Q9            GNUM          AGE
              ________      ________      ________      ________
 EYEC               1             0             0             0
 RNAME              2             0             0             0
 SOCINT             3             0             0             0
 SOCREF             4             0             0             0
 QSHOW              5             0             0             0
 QQSO               6             0             0             0
 Q5                 7             0             0             0
 Q9                 0             0             0             0
 GNUM               0             0             0             0
 AGE                0             0             0             0


           THETA
              EYEC          RNAME         SOCINT        SOCREF        QSHOW
              ________      ________      ________      ________      ________
 EYEC               0
 RNAME              0             0
 SOCINT             0             0             0
 SOCREF             0             0             0             0
 QSHOW              0             0             0             0             0
 QQSO               0             0             0             0             0
 Q5                 0             0             0             0             0
 Q9                 0             0             0             0             0
 GNUM               0             0             0             0             0
 AGE                0             0             0             0             0


           THETA
              QQSO          Q5            Q9            GNUM          AGE
              ________      ________      ________      ________      ________
 QQSO               0
 Q5                 0             0
 Q9                 0             0             0
 GNUM               0             0             0             0
 AGE                0             0             0             0             0


           ALPHA
              ETA           Q9            GNUM          AGE
              ________      ________      ________      ________
                    0             0             0             0


           BETA
              ETA           Q9            GNUM          AGE
              ________      ________      ________      ________
 ETA                0             0             0             0
 Q9                 8             0             9            10
 GNUM               0             0             0             0
 AGE                0             0             0             0


           PSI
              ETA           Q9            GNUM          AGE
              ________      ________      ________      ________
 ETA                0
 Q9                 0             0
 GNUM               0             0             0
 AGE                0             0             0             0


     PARAMETER SPECIFICATION FOR THE ADDITIONAL PARAMETERS


           NEW/ADDITIONAL PARAMETERS
              L8_00         L8_1          L8_2
              ________      ________      ________
                   26            27            28


     STARTING VALUES


           TAU
              EYEC$1        RNAME$1       RNAME$2       SOCINT$1      SOCINT$2
              ________      ________      ________      ________      ________
                1.234         0.394         1.662         0.713         3.053


           TAU
              SOCREF$1      SOCREF$2      QSHOW$1       QSHOW$2       QQSO$1
              ________      ________      ________      ________      ________
                0.537         1.540         0.298         2.485         0.623


           TAU
              QQSO$2        Q5$1          Q5$2          Q9$1          Q9$2
              ________      ________      ________      ________      ________
                2.665         0.650         1.775         0.350         2.037


           NU
              EYEC          RNAME         SOCINT        SOCREF        QSHOW
              ________      ________      ________      ________      ________
                0.000         0.000         0.000         0.000         0.000


           NU
              QQSO          Q5            Q9            GNUM          AGE
              ________      ________      ________      ________      ________
                0.000         0.000         0.000         0.000         0.000


           LAMBDA
              ETA           Q9            GNUM          AGE
              ________      ________      ________      ________
 EYEC           1.000         0.000         0.000         0.000
 RNAME          1.000         0.000         0.000         0.000
 SOCINT         1.000         0.000         0.000         0.000
 SOCREF         1.000         0.000         0.000         0.000
 QSHOW          1.000         0.000         0.000         0.000
 QQSO           1.000         0.000         0.000         0.000
 Q5             1.000         0.000         0.000         0.000
 Q9             0.000         1.000         0.000         0.000
 GNUM           0.000         0.000         1.000         0.000
 AGE            0.000         0.000         0.000         1.000


           THETA
              EYEC          RNAME         SOCINT        SOCREF        QSHOW
              ________      ________      ________      ________      ________
 EYEC           1.000
 RNAME          0.000         1.000
 SOCINT         0.000         0.000         1.000
 SOCREF         0.000         0.000         0.000         1.000
 QSHOW          0.000         0.000         0.000         0.000         1.000
 QQSO           0.000         0.000         0.000         0.000         0.000
 Q5             0.000         0.000         0.000         0.000         0.000
 Q9             0.000         0.000         0.000         0.000         0.000
 GNUM           0.000         0.000         0.000         0.000         0.000
 AGE            0.000         0.000         0.000         0.000         0.000


           THETA
              QQSO          Q5            Q9            GNUM          AGE
              ________      ________      ________      ________      ________
 QQSO           1.000
 Q5             0.000         1.000
 Q9             0.000         0.000         0.000
 GNUM           0.000         0.000         0.000         0.000
 AGE            0.000         0.000         0.000         0.000         0.000


           ALPHA
              ETA           Q9            GNUM          AGE
              ________      ________      ________      ________
                0.000         0.000         0.000         0.000


           BETA
              ETA           Q9            GNUM          AGE
              ________      ________      ________      ________
 ETA            0.000         0.000         0.000         0.000
 Q9             1.000         0.000         0.000         0.000
 GNUM           0.000         0.000         0.000         0.000
 AGE            0.000         0.000         0.000         0.000


           PSI
              ETA           Q9            GNUM          AGE
              ________      ________      ________      ________
 ETA            1.000
 Q9             0.000         1.000
 GNUM           0.000         0.000         0.122
 AGE            0.000         0.000         0.000        53.039


     STARTING VALUES FOR THE ADDITIONAL PARAMETERS


           NEW/ADDITIONAL PARAMETERS
              L8_00         L8_1          L8_2
              ________      ________      ________
                1.000         0.000         0.000


     Beginning Time:  12:18:01
        Ending Time:  12:18:44
       Elapsed Time:  00:00:43



MUTHEN & MUTHEN
3463 Stoner Ave.
Los Angeles, CA  90066

Tel: (310) 391-9971
Fax: (310) 391-8971
Web: www.StatModel.com
Support: Support@StatModel.com

Copyright (c) 1998-2021 Muthen & Muthen
