Mplus.VERSION.8.6
MUTHEN & MUTHEN
06/17/2021  12:34 PM

INPUT INSTRUCTIONS

  TITLE: Round 3 Final Calibration Model
  DATA: FILE = C:/Users/kdono/OneDrive/Documents/mnlfa_mplus_dir/calibration.dat;
  VARIABLE:
  NAMES = ID EYEC RNAME SOCINT SOCREF QSHOW QQSO Q5 Q9 GNUM AGE;
  MISSING=.;
  !
  !
  !
  !
  USEVARIABLES= AGE EYEC RNAME SOCINT SOCREF QSHOW QQSO Q5 Q9;
  !
  CATEGORICAL= EYEC RNAME SOCINT SOCREF QSHOW QQSO Q5 Q9 ;
  !
  !
  ANALYSIS: ESTIMATOR=ML;ALGORITHM=INTEGRATION;INTEGRATION=MONTECARLO;PROCESSORS=4;
  MODEL: [ETA@0];ETA*(veta);
  ETA BY EYEC*(l_1);
  ETA BY RNAME*(l_2);
  ETA BY SOCINT*(l_3);
  ETA BY SOCREF*(l_4);
  ETA BY QSHOW*(l_5);
  ETA BY QQSO*(l_6);
  ETA BY Q5*(l_7);
  ETA BY Q9*(l_8);
  !
  !
  !
  !
  !
  !
  !
  !
  !
  MODEL CONSTRAINT: new(
  !
  !
  !
  !
  !
  !
  !
  );
  !;
  !;
  !;
  !;
  !;
  !;
  !;
  !;
  veta=1*exp( 0);
  OUTPUT: tech1;



*** WARNING in MODEL command
  Variable is uncorrelated with all other variables:  AGE
*** WARNING in MODEL command
  At least one variable is uncorrelated with all other variables in the model.
  Check that this is what is intended.
   2 WARNING(S) FOUND IN THE INPUT INSTRUCTIONS



Round 3 Final Calibration Model

SUMMARY OF ANALYSIS

Number of groups                                                 1
Number of observations                                         377

Number of dependent variables                                    9
Number of independent variables                                  0
Number of continuous latent variables                            1

Observed dependent variables

  Continuous
   AGE

  Binary and ordered categorical (ordinal)
   EYEC        RNAME       SOCINT      SOCREF      QSHOW       QQSO
   Q5          Q9

Continuous latent variables
   ETA


Estimator                                                       ML
Information matrix                                        OBSERVED
Optimization Specifications for the Quasi-Newton Algorithm for
Continuous Outcomes
  Maximum number of iterations                                 100
  Convergence criterion                                  0.100D-05
Optimization Specifications for the EM Algorithm
  Maximum number of iterations                                 500
  Convergence criteria
    Loglikelihood change                                 0.100D-02
    Relative loglikelihood change                        0.100D-05
    Derivative                                           0.100D-02
Optimization Specifications for the M step of the EM Algorithm for
Categorical Latent variables
  Number of M step iterations                                    1
  M step convergence criterion                           0.100D-02
  Basis for M step termination                           ITERATION
Optimization Specifications for the M step of the EM Algorithm for
Censored, Binary or Ordered Categorical (Ordinal), Unordered
Categorical (Nominal) and Count Outcomes
  Number of M step iterations                                    1
  M step convergence criterion                           0.100D-02
  Basis for M step termination                           ITERATION
  Maximum value for logit thresholds                            15
  Minimum value for logit thresholds                           -15
  Minimum expected cell size for chi-square              0.100D-01
Maximum number of iterations for H1                           2000
Convergence criterion for H1                             0.100D-03
Optimization algorithm                                         EMA
Integration Specifications
  Type                                                  MONTECARLO
  Number of integration points                                1000
  Dimensions of numerical integration                            1
  Adaptive quadrature                                           ON
  Monte Carlo integration seed                                   0
Link                                                         LOGIT
Cholesky                                                       OFF

Input data file(s)
  C:/Users/kdono/OneDrive/Documents/mnlfa_mplus_dir/calibration.dat
Input data format  FREE


SUMMARY OF DATA

     Number of missing data patterns             5
     Number of y missing data patterns           1
     Number of u missing data patterns           5


COVARIANCE COVERAGE OF DATA

Minimum covariance coverage value   0.100


     PROPORTION OF DATA PRESENT


           Covariance Coverage
              EYEC          RNAME         SOCINT        SOCREF        QSHOW
              ________      ________      ________      ________      ________
 EYEC           1.000
 RNAME          0.981         0.981
 SOCINT         1.000         0.981         1.000
 SOCREF         0.992         0.973         0.992         0.992
 QSHOW          0.448         0.448         0.448         0.448         0.448
 QQSO           0.448         0.448         0.448         0.448         0.448
 Q5             0.549         0.531         0.549         0.541         0.000
 Q9             0.552         0.533         0.552         0.544         0.000
 AGE            1.000         0.981         1.000         0.992         0.448


           Covariance Coverage
              QQSO          Q5            Q9            AGE
              ________      ________      ________      ________
 QQSO           0.448
 Q5             0.000         0.549
 Q9             0.000         0.549         0.552
 AGE            0.448         0.549         0.552         1.000


     PROPORTION OF DATA PRESENT FOR U


           Covariance Coverage
              EYEC          RNAME         SOCINT        SOCREF        QSHOW
              ________      ________      ________      ________      ________
 EYEC           1.000
 RNAME          0.981         0.981
 SOCINT         1.000         0.981         1.000
 SOCREF         0.992         0.973         0.992         0.992
 QSHOW          0.448         0.448         0.448         0.448         0.448
 QQSO           0.448         0.448         0.448         0.448         0.448
 Q5             0.549         0.531         0.549         0.541         0.000
 Q9             0.552         0.533         0.552         0.544         0.000


           Covariance Coverage
              QQSO          Q5            Q9
              ________      ________      ________
 QQSO           0.448
 Q5             0.000         0.549
 Q9             0.000         0.549         0.552


     PROPORTION OF DATA PRESENT FOR Y


           Covariance Coverage
              AGE
              ________
 AGE            1.000


UNIVARIATE PROPORTIONS AND COUNTS FOR CATEGORICAL VARIABLES

    EYEC
      Category 1    0.775          292.000
      Category 2    0.225           85.000
    RNAME
      Category 1    0.597          221.000
      Category 2    0.243           90.000
      Category 3    0.159           59.000
    SOCINT
      Category 1    0.671          253.000
      Category 2    0.284          107.000
      Category 3    0.045           17.000
    SOCREF
      Category 1    0.631          236.000
      Category 2    0.193           72.000
      Category 3    0.176           66.000
    QSHOW
      Category 1    0.574           97.000
      Category 2    0.349           59.000
      Category 3    0.077           13.000
    QQSO
      Category 1    0.651          110.000
      Category 2    0.284           48.000
      Category 3    0.065           11.000
    Q5
      Category 1    0.657          136.000
      Category 2    0.198           41.000
      Category 3    0.145           30.000
    Q9
      Category 1    0.587          122.000
      Category 2    0.298           62.000
      Category 3    0.115           24.000



UNIVARIATE SAMPLE STATISTICS


     UNIVARIATE HIGHER-ORDER MOMENT DESCRIPTIVE STATISTICS

         Variable/         Mean/     Skewness/   Minimum/ % with                Percentiles
        Sample Size      Variance    Kurtosis    Maximum  Min/Max      20%/60%    40%/80%    Median

     AGE                  18.562       0.665       5.600    0.27%       8.800     12.500     13.700
             377.000     106.077      -0.455      46.100    0.27%      24.000     25.100


THE MODEL ESTIMATION TERMINATED NORMALLY



MODEL FIT INFORMATION

Number of Free Parameters                       25

Loglikelihood

          H0 Value                       -3024.616

Information Criteria

          Akaike (AIC)                    6099.233
          Bayesian (BIC)                  6197.539
          Sample-Size Adjusted BIC        6118.220
            (n* = (n + 2) / 24)

Chi-Square Test of Model Fit for the Binary and Ordered Categorical
(Ordinal) Outcomes**

          Pearson Chi-Square

          Value                            879.316
          Degrees of Freedom                  4348
          P-Value                           1.0000

          Likelihood Ratio Chi-Square

          Value                            419.475
          Degrees of Freedom                  4348
          P-Value                           1.0000

** Of the 1458 cells in the frequency table, 1
   were deleted in the calculation of chi-square due to extreme values.

Chi-Square Test for MCAR under the Unrestricted Latent Class Indicator Model

          Pearson Chi-Square

          Value                            272.681
          Degrees of freedom cannot be computed for this model.

          Likelihood Ratio Chi-Square

          Value                            161.444
          Degrees of freedom



MODEL RESULTS

                                                    Two-Tailed
                    Estimate       S.E.  Est./S.E.    P-Value

 ETA      BY
    EYEC               2.863      0.505      5.664      0.000
    RNAME              0.917      0.153      5.983      0.000
    SOCINT             2.997      0.432      6.944      0.000
    SOCREF             1.254      0.181      6.933      0.000
    QSHOW              1.262      0.253      4.998      0.000
    QQSO               5.554      2.072      2.680      0.007
    Q5                 1.065      0.237      4.488      0.000
    Q9                 2.779      0.532      5.221      0.000

 Means
    AGE               18.562      0.530     34.995      0.000
    ETA                0.000      0.000    999.000    999.000

 Thresholds
    EYEC$1             2.515      0.388      6.474      0.000
    RNAME$1            0.450      0.126      3.588      0.000
    RNAME$2            1.907      0.170     11.231      0.000
    SOCINT$1           1.536      0.286      5.373      0.000
    SOCINT$2           5.934      0.689      8.618      0.000
    SOCREF$1           0.683      0.143      4.765      0.000
    SOCREF$2           1.954      0.186     10.519      0.000
    QSHOW$1            0.198      0.193      1.027      0.304
    QSHOW$2            2.988      0.373      8.015      0.000
    QQSO$1             1.349      0.642      2.101      0.036
    QQSO$2             8.758      3.049      2.873      0.004
    Q5$1               0.899      0.192      4.675      0.000
    Q5$2               2.202      0.258      8.542      0.000
    Q9$1               1.051      0.322      3.265      0.001
    Q9$2               4.076      0.604      6.751      0.000

 Variances
    AGE              106.065      7.724     13.731      0.000
    ETA                1.000      0.000    999.000    999.000


                    Estimate

 EYEC
    Category 1         0.773
    Category 2         0.227
 RNAME
    Category 1         0.594
    Category 2         0.244
    Category 3         0.161
 SOCINT
    Category 1         0.671
    Category 2         0.284
    Category 3         0.045
 SOCREF
    Category 1         0.628
    Category 2         0.194
    Category 3         0.178
 QSHOW
    Category 1         0.538
    Category 2         0.379
    Category 3         0.083
 QQSO
    Category 1         0.591
    Category 2         0.342
    Category 3         0.067
 Q5
    Category 1         0.675
    Category 2         0.187
    Category 3         0.137
 Q9
    Category 1         0.626
    Category 2         0.266
    Category 3         0.108


TECHNICAL 1 OUTPUT


     PARAMETER SPECIFICATION


           TAU
              EYEC$1        RNAME$1       RNAME$2       SOCINT$1      SOCINT$2
              ________      ________      ________      ________      ________
                   12            13            14            15            16


           TAU
              SOCREF$1      SOCREF$2      QSHOW$1       QSHOW$2       QQSO$1
              ________      ________      ________      ________      ________
                   17            18            19            20            21


           TAU
              QQSO$2        Q5$1          Q5$2          Q9$1          Q9$2
              ________      ________      ________      ________      ________
                   22            23            24            25            26


           NU
              EYEC          RNAME         SOCINT        SOCREF        QSHOW
              ________      ________      ________      ________      ________
                    0             0             0             0             0


           NU
              QQSO          Q5            Q9            AGE
              ________      ________      ________      ________
                    0             0             0             1


           LAMBDA
              ETA
              ________
 EYEC               2
 RNAME              3
 SOCINT             4
 SOCREF             5
 QSHOW              6
 QQSO               7
 Q5                 8
 Q9                 9
 AGE                0


           THETA
              EYEC          RNAME         SOCINT        SOCREF        QSHOW
              ________      ________      ________      ________      ________
 EYEC               0
 RNAME              0             0
 SOCINT             0             0             0
 SOCREF             0             0             0             0
 QSHOW              0             0             0             0             0
 QQSO               0             0             0             0             0
 Q5                 0             0             0             0             0
 Q9                 0             0             0             0             0
 AGE                0             0             0             0             0


           THETA
              QQSO          Q5            Q9            AGE
              ________      ________      ________      ________
 QQSO               0
 Q5                 0             0
 Q9                 0             0             0
 AGE                0             0             0            10


           ALPHA
              ETA
              ________
                    0


           BETA
              ETA
              ________
 ETA                0


           PSI
              ETA
              ________
 ETA               11


     STARTING VALUES


           TAU
              EYEC$1        RNAME$1       RNAME$2       SOCINT$1      SOCINT$2
              ________      ________      ________      ________      ________
                1.234         0.394         1.662         0.713         3.053


           TAU
              SOCREF$1      SOCREF$2      QSHOW$1       QSHOW$2       QQSO$1
              ________      ________      ________      ________      ________
                0.537         1.540         0.298         2.485         0.623


           TAU
              QQSO$2        Q5$1          Q5$2          Q9$1          Q9$2
              ________      ________      ________      ________      ________
                2.665         0.650         1.775         0.350         2.037


           NU
              EYEC          RNAME         SOCINT        SOCREF        QSHOW
              ________      ________      ________      ________      ________
                0.000         0.000         0.000         0.000         0.000


           NU
              QQSO          Q5            Q9            AGE
              ________      ________      ________      ________
                0.000         0.000         0.000        18.562


           LAMBDA
              ETA
              ________
 EYEC           1.000
 RNAME          1.000
 SOCINT         1.000
 SOCREF         1.000
 QSHOW          1.000
 QQSO           1.000
 Q5             1.000
 Q9             1.000
 AGE            0.000


           THETA
              EYEC          RNAME         SOCINT        SOCREF        QSHOW
              ________      ________      ________      ________      ________
 EYEC           1.000
 RNAME          0.000         1.000
 SOCINT         0.000         0.000         1.000
 SOCREF         0.000         0.000         0.000         1.000
 QSHOW          0.000         0.000         0.000         0.000         1.000
 QQSO           0.000         0.000         0.000         0.000         0.000
 Q5             0.000         0.000         0.000         0.000         0.000
 Q9             0.000         0.000         0.000         0.000         0.000
 AGE            0.000         0.000         0.000         0.000         0.000


           THETA
              QQSO          Q5            Q9            AGE
              ________      ________      ________      ________
 QQSO           1.000
 Q5             0.000         1.000
 Q9             0.000         0.000         1.000
 AGE            0.000         0.000         0.000        53.039


           ALPHA
              ETA
              ________
                0.000


           BETA
              ETA
              ________
 ETA            0.000


           PSI
              ETA
              ________
 ETA            0.050


     Beginning Time:  12:34:14
        Ending Time:  12:34:46
       Elapsed Time:  00:00:32



MUTHEN & MUTHEN
3463 Stoner Ave.
Los Angeles, CA  90066

Tel: (310) 391-9971
Fax: (310) 391-8971
Web: www.StatModel.com
Support: Support@StatModel.com

Copyright (c) 1998-2021 Muthen & Muthen
