Mplus.VERSION.8.6
MUTHEN & MUTHEN
06/17/2021  12:31 PM

INPUT INSTRUCTIONS

  TITLE: Round 2 Calibration Model
  DATA: FILE = C:/Users/kdono/OneDrive/Documents/mnlfa_mplus_dir/calibration.dat;
  VARIABLE:
  NAMES = ID EYEC RNAME SOCINT SOCREF QSHOW QQSO Q5 Q9 GNUM AGE;
  MISSING=.;
  !
  !
  !
  !
  USEVARIABLES= EYEC AGE RNAME GNUM SOCINT SOCREF QSHOW QQSO Q5 Q9;
  !
  CATEGORICAL= EYEC RNAME SOCINT SOCREF QSHOW QQSO Q5 Q9 ;
  !
  CONSTRAINT= AGE ;
  ANALYSIS: ESTIMATOR=ML;ALGORITHM=INTEGRATION;INTEGRATION=MONTECARLO;PROCESSORS=4;
  MODEL: [ETA@0];ETA*(veta);
  ETA BY EYEC*(l_1);
  ETA BY RNAME*(l_2);
  ETA BY SOCINT*(l_3);
  ETA BY SOCREF*(l_4);
  ETA BY QSHOW*(l_5);
  ETA BY QQSO*(l_6);
  ETA BY Q5*(l_7);
  ETA BY Q9*(l_8);
  ETA ON GNUM; ETA ON AGE;
  EYEC on AGE;
  RNAME on GNUM AGE;
  SOCINT on AGE;
  SOCREF on AGE;
  !
  !
  Q5 on AGE;
  Q9 on AGE;
  MODEL CONSTRAINT: new( !
  l100*1   l11*0
  l200*1   l21*0
  !
  !
  !
  !
  !
  l800*1   l81*0
  );
  l_1=l100 +l11*AGE;
  l_2=l200 +l21*AGE;
  !;
  !;
  !;
  !;
  !;
  l_8=l800 +l81*AGE;
  veta=1*exp( 0);
  OUTPUT: tech1;



INPUT READING TERMINATED NORMALLY



Round 2 Calibration Model

SUMMARY OF ANALYSIS

Number of groups                                                 1
Number of observations                                         377

Number of dependent variables                                    8
Number of independent variables                                  2
Number of continuous latent variables                            1

Observed dependent variables

  Binary and ordered categorical (ordinal)
   EYEC        RNAME       SOCINT      SOCREF      QSHOW       QQSO
   Q5          Q9

Observed independent variables
   AGE         GNUM

Continuous latent variables
   ETA


Estimator                                                       ML
Information matrix                                        OBSERVED
Optimization Specifications for the Quasi-Newton Algorithm for
Continuous Outcomes
  Maximum number of iterations                                 100
  Convergence criterion                                  0.100D-05
Optimization Specifications for the EM Algorithm
  Maximum number of iterations                                 500
  Convergence criteria
    Loglikelihood change                                 0.100D-02
    Relative loglikelihood change                        0.100D-05
    Derivative                                           0.100D-02
Optimization Specifications for the M step of the EM Algorithm for
Categorical Latent variables
  Number of M step iterations                                    1
  M step convergence criterion                           0.100D-02
  Basis for M step termination                           ITERATION
Optimization Specifications for the M step of the EM Algorithm for
Censored, Binary or Ordered Categorical (Ordinal), Unordered
Categorical (Nominal) and Count Outcomes
  Number of M step iterations                                    1
  M step convergence criterion                           0.100D-02
  Basis for M step termination                           ITERATION
  Maximum value for logit thresholds                            15
  Minimum value for logit thresholds                           -15
  Minimum expected cell size for chi-square              0.100D-01
Maximum number of iterations for H1                           2000
Convergence criterion for H1                             0.100D-03
Optimization algorithm                                         EMA
Integration Specifications
  Type                                                  MONTECARLO
  Number of integration points                                1000
  Dimensions of numerical integration                            1
  Adaptive quadrature                                           ON
  Monte Carlo integration seed                                   0
Link                                                         LOGIT
Cholesky                                                        ON

Input data file(s)
  C:/Users/kdono/OneDrive/Documents/mnlfa_mplus_dir/calibration.dat
Input data format  FREE


SUMMARY OF DATA

     Number of missing data patterns             5
     Number of y missing data patterns           0
     Number of u missing data patterns           5


COVARIANCE COVERAGE OF DATA

Minimum covariance coverage value   0.100


     PROPORTION OF DATA PRESENT FOR U


           Covariance Coverage
              EYEC          RNAME         SOCINT        SOCREF        QSHOW
              ________      ________      ________      ________      ________
 EYEC           1.000
 RNAME          0.981         0.981
 SOCINT         1.000         0.981         1.000
 SOCREF         0.992         0.973         0.992         0.992
 QSHOW          0.448         0.448         0.448         0.448         0.448
 QQSO           0.448         0.448         0.448         0.448         0.448
 Q5             0.549         0.531         0.549         0.541         0.000
 Q9             0.552         0.533         0.552         0.544         0.000


           Covariance Coverage
              QQSO          Q5            Q9
              ________      ________      ________
 QQSO           0.448
 Q5             0.000         0.549
 Q9             0.000         0.549         0.552


UNIVARIATE PROPORTIONS AND COUNTS FOR CATEGORICAL VARIABLES

    EYEC
      Category 1    0.775          292.000
      Category 2    0.225           85.000
    RNAME
      Category 1    0.597          221.000
      Category 2    0.243           90.000
      Category 3    0.159           59.000
    SOCINT
      Category 1    0.671          253.000
      Category 2    0.284          107.000
      Category 3    0.045           17.000
    SOCREF
      Category 1    0.631          236.000
      Category 2    0.193           72.000
      Category 3    0.176           66.000
    QSHOW
      Category 1    0.574           97.000
      Category 2    0.349           59.000
      Category 3    0.077           13.000
    QQSO
      Category 1    0.651          110.000
      Category 2    0.284           48.000
      Category 3    0.065           11.000
    Q5
      Category 1    0.657          136.000
      Category 2    0.198           41.000
      Category 3    0.145           30.000
    Q9
      Category 1    0.587          122.000
      Category 2    0.298           62.000
      Category 3    0.115           24.000



UNIVARIATE SAMPLE STATISTICS


     UNIVARIATE HIGHER-ORDER MOMENT DESCRIPTIVE STATISTICS

         Variable/         Mean/     Skewness/   Minimum/ % with                Percentiles
        Sample Size      Variance    Kurtosis    Maximum  Min/Max      20%/60%    40%/80%    Median

     AGE                  18.562       0.665       5.600    0.27%       8.800     12.500     13.700
             377.000     106.077      -0.455      46.100    0.27%      24.000     25.100
     GNUM                  0.422       0.317       0.000   57.82%       0.000      0.000      0.000
             377.000       0.244      -1.900       1.000   42.18%       1.000      1.000


THE MODEL ESTIMATION TERMINATED NORMALLY

  ERROR OCCURRED IN THE BRANT WALD TEST FOR PROPORTIONAL ODDS FOR QQSO.



MODEL FIT INFORMATION

Number of Free Parameters                       35

Loglikelihood

          H0 Value                       -1561.374

Information Criteria

          Akaike (AIC)                    3192.748
          Bayesian (BIC)                  3330.377
          Sample-Size Adjusted BIC        3219.330
            (n* = (n + 2) / 24)



MODEL RESULTS

                                                    Two-Tailed
                    Estimate       S.E.  Est./S.E.    P-Value

 ETA      BY
    EYEC             999.000      0.000    999.000    999.000
    RNAME            999.000      0.000    999.000    999.000
    SOCINT             2.948      0.406      7.258      0.000
    SOCREF             1.225      0.181      6.753      0.000
    QSHOW              1.249      0.253      4.940      0.000
    QQSO               4.958      1.511      3.282      0.001
    Q5                 0.839      0.228      3.673      0.000
    Q9               999.000      0.000    999.000    999.000

 ETA        ON
    GNUM              -0.182      0.123     -1.490      0.136
    AGE               -0.001      0.013     -0.073      0.942

 EYEC       ON
    AGE               -0.043      0.133     -0.323      0.747

 RNAME      ON
    GNUM              -0.571      0.237     -2.409      0.016
    AGE               -0.070      0.026     -2.718      0.007

 SOCINT     ON
    AGE               -0.066      0.038     -1.763      0.078

 SOCREF     ON
    AGE               -0.050      0.018     -2.735      0.006

 Q5         ON
    AGE               -0.158      0.054     -2.952      0.003

 Q9         ON
    AGE               -0.096      0.125     -0.766      0.444

 Intercepts
    ETA                0.000      0.000    999.000    999.000

 Thresholds
    EYEC$1             2.026      1.234      1.642      0.101
    RNAME$1           -1.066      0.299     -3.566      0.000
    RNAME$2            0.463      0.300      1.545      0.122
    SOCINT$1           0.025      0.472      0.053      0.958
    SOCINT$2           4.553      0.683      6.670      0.000
    SOCREF$1          -0.360      0.281     -1.278      0.201
    SOCREF$2           0.950      0.287      3.305      0.001
    QSHOW$1            0.230      0.481      0.477      0.633
    QSHOW$2            3.010      0.566      5.315      0.000
    QQSO$1             1.353      1.766      0.766      0.444
    QQSO$2             7.977      2.536      3.145      0.002
    Q5$1              -0.923      0.552     -1.673      0.094
    Q5$2               0.418      0.555      0.754      0.451
    Q9$1              -0.449      0.907     -0.495      0.620
    Q9$2               2.792      1.015      2.750      0.006

 Residual Variances
    ETA                1.000      0.000    999.000    999.000

New/Additional Parameters
    L100               1.045      1.449      0.721      0.471
    L11                0.181      0.124      1.465      0.143
    L200               0.181      0.291      0.623      0.533
    L21                0.041      0.016      2.501      0.012
    L800              -0.431      1.236     -0.349      0.727
    L81                0.365      0.151      2.423      0.015


QUALITY OF NUMERICAL RESULTS

     Condition Number for the Information Matrix              0.567E-05
       (ratio of smallest to largest eigenvalue)


LOGISTIC REGRESSION ODDS RATIO RESULTS

                                                95% C.I.
                    Estimate       S.E.  Lower 2.5% Upper 2.5%

 EYEC       ON
    AGE                0.958      0.128      0.737      1.244

 RNAME      ON
    GNUM               0.565      0.134      0.355      0.899
    AGE                0.932      0.024      0.887      0.981

 SOCINT     ON
    AGE                0.936      0.035      0.869      1.007

 SOCREF     ON
    AGE                0.951      0.017      0.918      0.986

 Q5         ON
    AGE                0.854      0.046      0.769      0.948

 Q9         ON
    AGE                0.909      0.113      0.712      1.161


BRANT WALD TEST FOR PROPORTIONAL ODDS

                                   Degrees of
                      Chi-Square     Freedom   P-Value

  RNAME
    Overall test           7.273         2      0.026
    AGE                    6.339         1      0.012
    GNUM                   0.858         1      0.354

  SOCINT
    Overall test           6.518         2      0.038
    AGE                    5.430         1      0.020
    GNUM                   1.179         1      0.278

  SOCREF
    Overall test           5.295         2      0.071
    AGE                    5.266         1      0.022
    GNUM                   0.075         1      0.784

  QSHOW
    Overall test         261.569         2      0.000
    AGE                  261.433         1      0.000
    GNUM                   2.033         1      0.154

  Q5
    Overall test         167.856         2      0.000
    AGE                  166.617         1      0.000
    GNUM                   0.107         1      0.743

  Q9
    Overall test         627.349         2      0.000
    AGE                  621.235         1      0.000
    GNUM                   0.002         1      0.966


TECHNICAL 1 OUTPUT


     PARAMETER SPECIFICATION


           TAU
              EYEC$1        RNAME$1       RNAME$2       SOCINT$1      SOCINT$2
              ________      ________      ________      ________      ________
                   19            20            21            22            23


           TAU
              SOCREF$1      SOCREF$2      QSHOW$1       QSHOW$2       QQSO$1
              ________      ________      ________      ________      ________
                   24            25            26            27            28


           TAU
              QQSO$2        Q5$1          Q5$2          Q9$1          Q9$2
              ________      ________      ________      ________      ________
                   29            30            31            32            33


           NU
              EYEC          RNAME         SOCINT        SOCREF        QSHOW
              ________      ________      ________      ________      ________
                    0             0             0             0             0


           NU
              QQSO          Q5            Q9            AGE           GNUM
              ________      ________      ________      ________      ________
                    0             0             0             0             0


           LAMBDA
              ETA           EYEC          RNAME         SOCINT        SOCREF
              ________      ________      ________      ________      ________
 EYEC               0             0             0             0             0
 RNAME              0             0             0             0             0
 SOCINT             0             0             0             0             0
 SOCREF             0             0             0             0             0
 QSHOW              1             0             0             0             0
 QQSO               2             0             0             0             0
 Q5                 0             0             0             0             0
 Q9                 0             0             0             0             0
 AGE                0             0             0             0             0
 GNUM               0             0             0             0             0


           LAMBDA
              Q5            Q9            AGE           GNUM
              ________      ________      ________      ________
 EYEC               0             0             0             0
 RNAME              0             0             0             0
 SOCINT             0             0             0             0
 SOCREF             0             0             0             0
 QSHOW              0             0             0             0
 QQSO               0             0             0             0
 Q5                 0             0             0             0
 Q9                 0             0             0             0
 AGE                0             0             0             0
 GNUM               0             0             0             0


           THETA
              EYEC          RNAME         SOCINT        SOCREF        QSHOW
              ________      ________      ________      ________      ________
 EYEC               0
 RNAME              0             0
 SOCINT             0             0             0
 SOCREF             0             0             0             0
 QSHOW              0             0             0             0             0
 QQSO               0             0             0             0             0
 Q5                 0             0             0             0             0
 Q9                 0             0             0             0             0
 AGE                0             0             0             0             0
 GNUM               0             0             0             0             0


           THETA
              QQSO          Q5            Q9            AGE           GNUM
              ________      ________      ________      ________      ________
 QQSO               0
 Q5                 0             0
 Q9                 0             0             0
 AGE                0             0             0             0
 GNUM               0             0             0             0             0


           ALPHA
              ETA           EYEC          RNAME         SOCINT        SOCREF
              ________      ________      ________      ________      ________
                    0             0             0             0             0


           ALPHA
              Q5            Q9            AGE           GNUM
              ________      ________      ________      ________
                    0             0             0             0


           BETA
              ETA           EYEC          RNAME         SOCINT        SOCREF
              ________      ________      ________      ________      ________
 ETA                0             0             0             0             0
 EYEC               5             0             0             0             0
 RNAME              7             0             0             0             0
 SOCINT            10             0             0             0             0
 SOCREF            12             0             0             0             0
 Q5                14             0             0             0             0
 Q9                16             0             0             0             0
 AGE                0             0             0             0             0
 GNUM               0             0             0             0             0


           BETA
              Q5            Q9            AGE           GNUM
              ________      ________      ________      ________
 ETA                0             0             3             4
 EYEC               0             0             6             0
 RNAME              0             0             8             9
 SOCINT             0             0            11             0
 SOCREF             0             0            13             0
 Q5                 0             0            15             0
 Q9                 0             0            17             0
 AGE                0             0             0             0
 GNUM               0             0             0             0


           PSI
              ETA           EYEC          RNAME         SOCINT        SOCREF
              ________      ________      ________      ________      ________
 ETA               18
 EYEC               0             0
 RNAME              0             0             0
 SOCINT             0             0             0             0
 SOCREF             0             0             0             0             0
 Q5                 0             0             0             0             0
 Q9                 0             0             0             0             0
 AGE                0             0             0             0             0
 GNUM               0             0             0             0             0


           PSI
              Q5            Q9            AGE           GNUM
              ________      ________      ________      ________
 Q5                 0
 Q9                 0             0
 AGE                0             0             0
 GNUM               0             0             0             0


     PARAMETER SPECIFICATION FOR THE ADDITIONAL PARAMETERS


           NEW/ADDITIONAL PARAMETERS
              L100          L11           L200          L21           L800
              ________      ________      ________      ________      ________
                   34            35            36            37            38


           NEW/ADDITIONAL PARAMETERS
              L81
              ________
                   39


     STARTING VALUES


           TAU
              EYEC$1        RNAME$1       RNAME$2       SOCINT$1      SOCINT$2
              ________      ________      ________      ________      ________
                1.234         0.394         1.662         0.713         3.053


           TAU
              SOCREF$1      SOCREF$2      QSHOW$1       QSHOW$2       QQSO$1
              ________      ________      ________      ________      ________
                0.537         1.540         0.298         2.485         0.623


           TAU
              QQSO$2        Q5$1          Q5$2          Q9$1          Q9$2
              ________      ________      ________      ________      ________
                2.665         0.650         1.775         0.350         2.037


           NU
              EYEC          RNAME         SOCINT        SOCREF        QSHOW
              ________      ________      ________      ________      ________
                0.000         0.000         0.000         0.000         0.000


           NU
              QQSO          Q5            Q9            AGE           GNUM
              ________      ________      ________      ________      ________
                0.000         0.000         0.000         0.000         0.000


           LAMBDA
              ETA           EYEC          RNAME         SOCINT        SOCREF
              ________      ________      ________      ________      ________
 EYEC           0.000         1.000         0.000         0.000         0.000
 RNAME          0.000         0.000         1.000         0.000         0.000
 SOCINT         0.000         0.000         0.000         1.000         0.000
 SOCREF         0.000         0.000         0.000         0.000         1.000
 QSHOW          1.000         0.000         0.000         0.000         0.000
 QQSO           1.000         0.000         0.000         0.000         0.000
 Q5             0.000         0.000         0.000         0.000         0.000
 Q9             0.000         0.000         0.000         0.000         0.000
 AGE            0.000         0.000         0.000         0.000         0.000
 GNUM           0.000         0.000         0.000         0.000         0.000


           LAMBDA
              Q5            Q9            AGE           GNUM
              ________      ________      ________      ________
 EYEC           0.000         0.000         0.000         0.000
 RNAME          0.000         0.000         0.000         0.000
 SOCINT         0.000         0.000         0.000         0.000
 SOCREF         0.000         0.000         0.000         0.000
 QSHOW          0.000         0.000         0.000         0.000
 QQSO           0.000         0.000         0.000         0.000
 Q5             1.000         0.000         0.000         0.000
 Q9             0.000         1.000         0.000         0.000
 AGE            0.000         0.000         1.000         0.000
 GNUM           0.000         0.000         0.000         1.000


           THETA
              EYEC          RNAME         SOCINT        SOCREF        QSHOW
              ________      ________      ________      ________      ________
 EYEC           0.000
 RNAME          0.000         0.000
 SOCINT         0.000         0.000         0.000
 SOCREF         0.000         0.000         0.000         0.000
 QSHOW          0.000         0.000         0.000         0.000         1.000
 QQSO           0.000         0.000         0.000         0.000         0.000
 Q5             0.000         0.000         0.000         0.000         0.000
 Q9             0.000         0.000         0.000         0.000         0.000
 AGE            0.000         0.000         0.000         0.000         0.000
 GNUM           0.000         0.000         0.000         0.000         0.000


           THETA
              QQSO          Q5            Q9            AGE           GNUM
              ________      ________      ________      ________      ________
 QQSO           1.000
 Q5             0.000         0.000
 Q9             0.000         0.000         0.000
 AGE            0.000         0.000         0.000         0.000
 GNUM           0.000         0.000         0.000         0.000         0.000


           ALPHA
              ETA           EYEC          RNAME         SOCINT        SOCREF
              ________      ________      ________      ________      ________
                0.000         0.000         0.000         0.000         0.000


           ALPHA
              Q5            Q9            AGE           GNUM
              ________      ________      ________      ________
                0.000         0.000         0.000         0.000


           BETA
              ETA           EYEC          RNAME         SOCINT        SOCREF
              ________      ________      ________      ________      ________
 ETA            0.000         0.000         0.000         0.000         0.000
 EYEC           1.000         0.000         0.000         0.000         0.000
 RNAME          1.000         0.000         0.000         0.000         0.000
 SOCINT         1.000         0.000         0.000         0.000         0.000
 SOCREF         1.000         0.000         0.000         0.000         0.000
 Q5             1.000         0.000         0.000         0.000         0.000
 Q9             1.000         0.000         0.000         0.000         0.000
 AGE            0.000         0.000         0.000         0.000         0.000
 GNUM           0.000         0.000         0.000         0.000         0.000


           BETA
              Q5            Q9            AGE           GNUM
              ________      ________      ________      ________
 ETA            0.000         0.000         0.000         0.000
 EYEC           0.000         0.000         0.000         0.000
 RNAME          0.000         0.000         0.000         0.000
 SOCINT         0.000         0.000         0.000         0.000
 SOCREF         0.000         0.000         0.000         0.000
 Q5             0.000         0.000         0.000         0.000
 Q9             0.000         0.000         0.000         0.000
 AGE            0.000         0.000         0.000         0.000
 GNUM           0.000         0.000         0.000         0.000


           PSI
              ETA           EYEC          RNAME         SOCINT        SOCREF
              ________      ________      ________      ________      ________
 ETA            0.050
 EYEC           0.000         1.000
 RNAME          0.000         0.000         1.000
 SOCINT         0.000         0.000         0.000         1.000
 SOCREF         0.000         0.000         0.000         0.000         1.000
 Q5             0.000         0.000         0.000         0.000         0.000
 Q9             0.000         0.000         0.000         0.000         0.000
 AGE            0.000         0.000         0.000         0.000         0.000
 GNUM           0.000         0.000         0.000         0.000         0.000


           PSI
              Q5            Q9            AGE           GNUM
              ________      ________      ________      ________
 Q5             1.000
 Q9             0.000         1.000
 AGE            0.000         0.000        53.039
 GNUM           0.000         0.000         0.000         0.122


     STARTING VALUES FOR THE ADDITIONAL PARAMETERS


           NEW/ADDITIONAL PARAMETERS
              L100          L11           L200          L21           L800
              ________      ________      ________      ________      ________
                1.000         0.000         1.000         0.000         1.000


           NEW/ADDITIONAL PARAMETERS
              L81
              ________
                0.000


     Beginning Time:  12:31:35
        Ending Time:  12:33:11
       Elapsed Time:  00:01:36



MUTHEN & MUTHEN
3463 Stoner Ave.
Los Angeles, CA  90066

Tel: (310) 391-9971
Fax: (310) 391-8971
Web: www.StatModel.com
Support: Support@StatModel.com

Copyright (c) 1998-2021 Muthen & Muthen
