Mplus.VERSION.8.6
MUTHEN & MUTHEN
06/17/2021  12:22 PM

INPUT INSTRUCTIONS

  TITLE: Variance Impact Model
  DATA: FILE = C:/Users/kdono/OneDrive/Documents/mnlfa_mplus_dir/calibration.dat;
  VARIABLE:
  NAMES = ID EYEC RNAME SOCINT SOCREF QSHOW QQSO Q5 Q9 GNUM AGE;
  MISSING=.;
  !
  !
  !
  !
  USEVARIABLES= EYEC RNAME SOCINT SOCREF QSHOW QQSO Q5 Q9 AGE ;
  !
  CATEGORICAL= EYEC RNAME SOCINT SOCREF QSHOW QQSO Q5 Q9 ;
  !
  CONSTRAINT= AGE ;
  ANALYSIS: ESTIMATOR=ML;ALGORITHM=INTEGRATION;INTEGRATION=MONTECARLO;PROCESSORS=4;
  MODEL: ETA ON AGE ; ETA*(veta);
  ETA BY EYEC*(l1);
  ETA BY RNAME*(l2);
  ETA BY SOCINT*(l3);
  ETA BY SOCREF*(l4);
  ETA BY QSHOW*(l5);
  ETA BY QQSO*(l6);
  ETA BY Q5*(l7);
  ETA BY Q9*(l8);
  MODEL CONSTRAINT: new(
  v1*0
  );
  veta=1*exp(
  v1*AGE);
  OUTPUT: tech1;



INPUT READING TERMINATED NORMALLY



Variance Impact Model

SUMMARY OF ANALYSIS

Number of groups                                                 1
Number of observations                                         377

Number of dependent variables                                    8
Number of independent variables                                  1
Number of continuous latent variables                            1

Observed dependent variables

  Binary and ordered categorical (ordinal)
   EYEC        RNAME       SOCINT      SOCREF      QSHOW       QQSO
   Q5          Q9

Observed independent variables
   AGE

Continuous latent variables
   ETA


Estimator                                                       ML
Information matrix                                        OBSERVED
Optimization Specifications for the Quasi-Newton Algorithm for
Continuous Outcomes
  Maximum number of iterations                                 100
  Convergence criterion                                  0.100D-05
Optimization Specifications for the EM Algorithm
  Maximum number of iterations                                 500
  Convergence criteria
    Loglikelihood change                                 0.100D-02
    Relative loglikelihood change                        0.100D-05
    Derivative                                           0.100D-02
Optimization Specifications for the M step of the EM Algorithm for
Categorical Latent variables
  Number of M step iterations                                    1
  M step convergence criterion                           0.100D-02
  Basis for M step termination                           ITERATION
Optimization Specifications for the M step of the EM Algorithm for
Censored, Binary or Ordered Categorical (Ordinal), Unordered
Categorical (Nominal) and Count Outcomes
  Number of M step iterations                                    1
  M step convergence criterion                           0.100D-02
  Basis for M step termination                           ITERATION
  Maximum value for logit thresholds                            15
  Minimum value for logit thresholds                           -15
  Minimum expected cell size for chi-square              0.100D-01
Maximum number of iterations for H1                           2000
Convergence criterion for H1                             0.100D-03
Optimization algorithm                                         EMA
Integration Specifications
  Type                                                  MONTECARLO
  Number of integration points                                1000
  Dimensions of numerical integration                            1
  Adaptive quadrature                                           ON
  Monte Carlo integration seed                                   0
Link                                                         LOGIT
Cholesky                                                        ON

Input data file(s)
  C:/Users/kdono/OneDrive/Documents/mnlfa_mplus_dir/calibration.dat
Input data format  FREE


SUMMARY OF DATA

     Number of missing data patterns             5
     Number of y missing data patterns           0
     Number of u missing data patterns           5


COVARIANCE COVERAGE OF DATA

Minimum covariance coverage value   0.100


     PROPORTION OF DATA PRESENT FOR U


           Covariance Coverage
              EYEC          RNAME         SOCINT        SOCREF        QSHOW
              ________      ________      ________      ________      ________
 EYEC           1.000
 RNAME          0.981         0.981
 SOCINT         1.000         0.981         1.000
 SOCREF         0.992         0.973         0.992         0.992
 QSHOW          0.448         0.448         0.448         0.448         0.448
 QQSO           0.448         0.448         0.448         0.448         0.448
 Q5             0.549         0.531         0.549         0.541         0.000
 Q9             0.552         0.533         0.552         0.544         0.000


           Covariance Coverage
              QQSO          Q5            Q9
              ________      ________      ________
 QQSO           0.448
 Q5             0.000         0.549
 Q9             0.000         0.549         0.552


UNIVARIATE PROPORTIONS AND COUNTS FOR CATEGORICAL VARIABLES

    EYEC
      Category 1    0.775          292.000
      Category 2    0.225           85.000
    RNAME
      Category 1    0.597          221.000
      Category 2    0.243           90.000
      Category 3    0.159           59.000
    SOCINT
      Category 1    0.671          253.000
      Category 2    0.284          107.000
      Category 3    0.045           17.000
    SOCREF
      Category 1    0.631          236.000
      Category 2    0.193           72.000
      Category 3    0.176           66.000
    QSHOW
      Category 1    0.574           97.000
      Category 2    0.349           59.000
      Category 3    0.077           13.000
    QQSO
      Category 1    0.651          110.000
      Category 2    0.284           48.000
      Category 3    0.065           11.000
    Q5
      Category 1    0.657          136.000
      Category 2    0.198           41.000
      Category 3    0.145           30.000
    Q9
      Category 1    0.587          122.000
      Category 2    0.298           62.000
      Category 3    0.115           24.000



UNIVARIATE SAMPLE STATISTICS


     UNIVARIATE HIGHER-ORDER MOMENT DESCRIPTIVE STATISTICS

         Variable/         Mean/     Skewness/   Minimum/ % with                Percentiles
        Sample Size      Variance    Kurtosis    Maximum  Min/Max      20%/60%    40%/80%    Median

     AGE                  18.562       0.665       5.600    0.27%       8.800     12.500     13.700
             377.000     106.077      -0.455      46.100    0.27%      24.000     25.100


THE MODEL ESTIMATION TERMINATED NORMALLY

                    Estimate

 EYEC
    Category 1         0.788
    Category 2         0.212
 RNAME
    Category 1         0.603
    Category 2         0.242
    Category 3         0.156
 SOCINT
    Category 1         0.691
    Category 2         0.268
    Category 3         0.041
 SOCREF
    Category 1         0.638
    Category 2         0.192
    Category 3         0.170
 QSHOW
    Category 1         0.513
    Category 2         0.405
    Category 3         0.082
 QQSO
    Category 1         0.574
    Category 2         0.370
    Category 3         0.056
 Q5
    Category 1         0.706
    Category 2         0.168
    Category 3         0.126
 Q9
    Category 1         0.671
    Category 2         0.227
    Category 3         0.101


BRANT WALD TEST FOR PROPORTIONAL ODDS

                                   Degrees of
                      Chi-Square     Freedom   P-Value

  RNAME
    Overall test           6.093         1      0.014
    AGE                    6.093         1      0.014

  SOCINT
    Overall test           5.195         1      0.023
    AGE                    5.195         1      0.023

  SOCREF
    Overall test           5.250         1      0.022
    AGE                    5.250         1      0.022

  QSHOW
    Overall test         273.846         1      0.000
    AGE                  273.846         1      0.000

  Q5
    Overall test         170.499         1      0.000
    AGE                  170.499         1      0.000

  Q9
    Overall test         626.201         1      0.000
    AGE                  626.201         1      0.000


TECHNICAL 1 OUTPUT


     PARAMETER SPECIFICATION


           TAU
              EYEC$1        RNAME$1       RNAME$2       SOCINT$1      SOCINT$2
              ________      ________      ________      ________      ________
                   11            12            13            14            15


           TAU
              SOCREF$1      SOCREF$2      QSHOW$1       QSHOW$2       QQSO$1
              ________      ________      ________      ________      ________
                   16            17            18            19            20


           TAU
              QQSO$2        Q5$1          Q5$2          Q9$1          Q9$2
              ________      ________      ________      ________      ________
                   21            22            23            24            25


           NU
              EYEC          RNAME         SOCINT        SOCREF        QSHOW
              ________      ________      ________      ________      ________
                    0             0             0             0             0


           NU
              QQSO          Q5            Q9            AGE
              ________      ________      ________      ________
                    0             0             0             0


           LAMBDA
              ETA           AGE
              ________      ________
 EYEC               1             0
 RNAME              2             0
 SOCINT             3             0
 SOCREF             4             0
 QSHOW              5             0
 QQSO               6             0
 Q5                 7             0
 Q9                 8             0
 AGE                0             0


           THETA
              EYEC          RNAME         SOCINT        SOCREF        QSHOW
              ________      ________      ________      ________      ________
 EYEC               0
 RNAME              0             0
 SOCINT             0             0             0
 SOCREF             0             0             0             0
 QSHOW              0             0             0             0             0
 QQSO               0             0             0             0             0
 Q5                 0             0             0             0             0
 Q9                 0             0             0             0             0
 AGE                0             0             0             0             0


           THETA
              QQSO          Q5            Q9            AGE
              ________      ________      ________      ________
 QQSO               0
 Q5                 0             0
 Q9                 0             0             0
 AGE                0             0             0             0


           ALPHA
              ETA           AGE
              ________      ________
                    0             0


           BETA
              ETA           AGE
              ________      ________
 ETA                0             9
 AGE                0             0


           PSI
              ETA           AGE
              ________      ________
 ETA               10
 AGE                0             0


     PARAMETER SPECIFICATION FOR THE ADDITIONAL PARAMETERS


           NEW/ADDITIONAL PARAMETERS
              V1
              ________
                   26


     STARTING VALUES


           TAU
              EYEC$1        RNAME$1       RNAME$2       SOCINT$1      SOCINT$2
              ________      ________      ________      ________      ________
                1.234         0.394         1.662         0.713         3.053


           TAU
              SOCREF$1      SOCREF$2      QSHOW$1       QSHOW$2       QQSO$1
              ________      ________      ________      ________      ________
                0.537         1.540         0.298         2.485         0.623


           TAU
              QQSO$2        Q5$1          Q5$2          Q9$1          Q9$2
              ________      ________      ________      ________      ________
                2.665         0.650         1.775         0.350         2.037


           NU
              EYEC          RNAME         SOCINT        SOCREF        QSHOW
              ________      ________      ________      ________      ________
                0.000         0.000         0.000         0.000         0.000


           NU
              QQSO          Q5            Q9            AGE
              ________      ________      ________      ________
                0.000         0.000         0.000         0.000


           LAMBDA
              ETA           AGE
              ________      ________
 EYEC           1.000         0.000
 RNAME          1.000         0.000
 SOCINT         1.000         0.000
 SOCREF         1.000         0.000
 QSHOW          1.000         0.000
 QQSO           1.000         0.000
 Q5             1.000         0.000
 Q9             1.000         0.000
 AGE            0.000         1.000


           THETA
              EYEC          RNAME         SOCINT        SOCREF        QSHOW
              ________      ________      ________      ________      ________
 EYEC           1.000
 RNAME          0.000         1.000
 SOCINT         0.000         0.000         1.000
 SOCREF         0.000         0.000         0.000         1.000
 QSHOW          0.000         0.000         0.000         0.000         1.000
 QQSO           0.000         0.000         0.000         0.000         0.000
 Q5             0.000         0.000         0.000         0.000         0.000
 Q9             0.000         0.000         0.000         0.000         0.000
 AGE            0.000         0.000         0.000         0.000         0.000


           THETA
              QQSO          Q5            Q9            AGE
              ________      ________      ________      ________
 QQSO           1.000
 Q5             0.000         1.000
 Q9             0.000         0.000         1.000
 AGE            0.000         0.000         0.000         0.000


           ALPHA
              ETA           AGE
              ________      ________
                0.000         0.000


           BETA
              ETA           AGE
              ________      ________
 ETA            0.000         0.000
 AGE            0.000         0.000


           PSI
              ETA           AGE
              ________      ________
 ETA            0.050
 AGE            0.000        53.039


     STARTING VALUES FOR THE ADDITIONAL PARAMETERS


           NEW/ADDITIONAL PARAMETERS
              V1
              ________
                0.000


     Beginning Time:  12:22:40
        Ending Time:  12:26:09
       Elapsed Time:  00:03:29



MUTHEN & MUTHEN
3463 Stoner Ave.
Los Angeles, CA  90066

Tel: (310) 391-9971
Fax: (310) 391-8971
Web: www.StatModel.com
Support: Support@StatModel.com

Copyright (c) 1998-2021 Muthen & Muthen
