Mplus VERSION 8.6
MUTHEN & MUTHEN
08/21/2021   9:41 PM

INPUT INSTRUCTIONS

  TITLE: Measurement Invariance Model for QQSO
  DATA: FILE =
   "C:/Users/joshu/Desktop/GRA/Burrows/Sex_Differences/aMNLFA_Update/calibration.dat";
  VARIABLE:
  NAMES = ID VNUM EYEC RNAME SOCINT SOCREF QSHOW QQSO Q5 Q9 GNUM AGE;
  MISSING=.;
  !
  !
  !
  !
  USEVARIABLES= EYEC RNAME SOCINT SOCREF QSHOW QQSO Q5 Q9 GNUM AGE ;
  AUXILIARY= ID VNUM ;
  CATEGORICAL= EYEC RNAME SOCINT SOCREF QSHOW QQSO Q5 Q9 ;
  !
  CONSTRAINT= GNUM AGE ;
  ANALYSIS: ESTIMATOR=ML;ALGORITHM=INTEGRATION;INTEGRATION=MONTECARLO;PROCESSORS=4;
  MODEL: [ETA@0]; ETA@1;
  ETA BY EYEC*(l1);
  ETA BY RNAME*(l2);
  ETA BY SOCINT*(l3);
  ETA BY SOCREF*(l4);
  ETA BY QSHOW*(l5);
  ETA BY QQSO*(l6);
  ETA BY Q5*(l7);
  ETA BY Q9*(l8);
  QQSO on GNUM AGE;
  MODEL CONSTRAINT: new(
  l6_00*1
  l6_1*0
  l6_2*0
  );
  l6=l6_00
  +l6_1*GNUM
  +l6_2*AGE
  ;
  OUTPUT: tech1;



INPUT READING TERMINATED NORMALLY



Measurement Invariance Model for QQSO

SUMMARY OF ANALYSIS

Number of groups                                                 1
Number of observations                                         377

Number of dependent variables                                    8
Number of independent variables                                  2
Number of continuous latent variables                            1

Observed dependent variables

  Binary and ordered categorical (ordinal)
   EYEC        RNAME       SOCINT      SOCREF      QSHOW       QQSO
   Q5          Q9

Observed independent variables
   GNUM        AGE

Observed auxiliary variables
   ID          VNUM

Continuous latent variables
   ETA


Estimator                                                       ML
Information matrix                                        OBSERVED
Optimization Specifications for the Quasi-Newton Algorithm for
Continuous Outcomes
  Maximum number of iterations                                 100
  Convergence criterion                                  0.100D-05
Optimization Specifications for the EM Algorithm
  Maximum number of iterations                                 500
  Convergence criteria
    Loglikelihood change                                 0.100D-02
    Relative loglikelihood change                        0.100D-05
    Derivative                                           0.100D-02
Optimization Specifications for the M step of the EM Algorithm for
Categorical Latent variables
  Number of M step iterations                                    1
  M step convergence criterion                           0.100D-02
  Basis for M step termination                           ITERATION
Optimization Specifications for the M step of the EM Algorithm for
Censored, Binary or Ordered Categorical (Ordinal), Unordered
Categorical (Nominal) and Count Outcomes
  Number of M step iterations                                    1
  M step convergence criterion                           0.100D-02
  Basis for M step termination                           ITERATION
  Maximum value for logit thresholds                            15
  Minimum value for logit thresholds                           -15
  Minimum expected cell size for chi-square              0.100D-01
Maximum number of iterations for H1                           2000
Convergence criterion for H1                             0.100D-03
Optimization algorithm                                         EMA
Integration Specifications
  Type                                                  MONTECARLO
  Number of integration points                                1000
  Dimensions of numerical integration                            1
  Adaptive quadrature                                           ON
  Monte Carlo integration seed                                   0
Link                                                         LOGIT
Cholesky                                                        ON

Input data file(s)
  C:/Users/joshu/Desktop/GRA/Burrows/Sex_Differences/aMNLFA_Update/calibration.d
Input data format  FREE


SUMMARY OF DATA

     Number of missing data patterns             6
     Number of y missing data patterns           0
     Number of u missing data patterns           6


COVARIANCE COVERAGE OF DATA

Minimum covariance coverage value   0.100


     PROPORTION OF DATA PRESENT FOR U


           Covariance Coverage
              EYEC          RNAME         SOCINT        SOCREF        QSHOW
              ________      ________      ________      ________      ________
 EYEC           1.000
 RNAME          0.981         0.981
 SOCINT         1.000         0.981         1.000
 SOCREF         0.995         0.979         0.995         0.995
 QSHOW          0.451         0.451         0.451         0.451         0.451
 QQSO           0.451         0.451         0.451         0.451         0.451
 Q5             0.546         0.528         0.546         0.541         0.000
 Q9             0.549         0.531         0.549         0.544         0.000


           Covariance Coverage
              QQSO          Q5            Q9
              ________      ________      ________
 QQSO           0.451
 Q5             0.000         0.546
 Q9             0.000         0.546         0.549


UNIVARIATE PROPORTIONS AND COUNTS FOR CATEGORICAL VARIABLES

    EYEC
      Category 1    0.729          275.000
      Category 2    0.271          102.000
    RNAME
      Category 1    0.568          210.000
      Category 2    0.270          100.000
      Category 3    0.162           60.000
    SOCINT
      Category 1    0.682          257.000
      Category 2    0.284          107.000
      Category 3    0.034           13.000
    SOCREF
      Category 1    0.621          233.000
      Category 2    0.189           71.000
      Category 3    0.189           71.000
    QSHOW
      Category 1    0.541           92.000
      Category 2    0.353           60.000
      Category 3    0.106           18.000
    QQSO
      Category 1    0.641          109.000
      Category 2    0.288           49.000
      Category 3    0.071           12.000
    Q5
      Category 1    0.607          125.000
      Category 2    0.223           46.000
      Category 3    0.170           35.000
    Q9
      Category 1    0.589          122.000
      Category 2    0.295           61.000
      Category 3    0.116           24.000



UNIVARIATE SAMPLE STATISTICS


     UNIVARIATE HIGHER-ORDER MOMENT DESCRIPTIVE STATISTICS

         Variable/         Mean/     Skewness/   Minimum/ % with                Percentiles
        Sample Size      Variance    Kurtosis    Maximum  Min/Max      20%/60%    40%/80%    Median

     GNUM                  0.422       0.317       0.000   57.82%       0.000      0.000      0.000
             377.000       0.244      -1.900       1.000   42.18%       1.000      1.000
     AGE                  19.238       0.677       5.800    0.80%       7.500     12.500     14.000
             377.000     126.855      -0.558      51.900    0.27%      24.000     26.200


THE MODEL ESTIMATION TERMINATED NORMALLY



MODEL FIT INFORMATION

Number of Free Parameters                       27

Loglikelihood

          H0 Value                       -1628.229

Information Criteria

          Akaike (AIC)                    3310.458
          Bayesian (BIC)                  3416.629
          Sample-Size Adjusted BIC        3330.964
            (n* = (n + 2) / 24)



MODEL RESULTS

                                                    Two-Tailed
                    Estimate       S.E.  Est./S.E.    P-Value

 ETA      BY
    EYEC               1.854      0.275      6.745      0.000
    RNAME              0.827      0.142      5.816      0.000
    SOCINT             5.027      1.107      4.540      0.000
    SOCREF             1.639      0.215      7.627      0.000
    QSHOW              1.826      0.334      5.472      0.000
    QQSO             999.000      0.000    999.000    999.000
    Q5                 1.038      0.217      4.792      0.000
    Q9                 3.252      0.623      5.218      0.000

 QQSO       ON
    GNUM              -0.233      0.596     -0.391      0.696
    AGE                0.042      0.037      1.147      0.251

 Means
    ETA                0.000      0.000    999.000    999.000

 Thresholds
    EYEC$1             1.549      0.213      7.272      0.000
    RNAME$1            0.319      0.121      2.635      0.008
    RNAME$2            1.861      0.164     11.367      0.000
    SOCINT$1           2.527      0.606      4.172      0.000
    SOCINT$2           9.783      1.938      5.048      0.000
    SOCREF$1           0.730      0.163      4.478      0.000
    SOCREF$2           2.089      0.210      9.923      0.000
    QSHOW$1           -0.020      0.219     -0.092      0.927
    QSHOW$2            2.933      0.399      7.351      0.000
    QQSO$1             2.010      1.263      1.592      0.111
    QQSO$2             6.366      1.647      3.865      0.000
    Q5$1               0.638      0.180      3.552      0.000
    Q5$2               1.988      0.237      8.403      0.000
    Q9$1               1.286      0.377      3.414      0.001
    Q9$2               4.698      0.745      6.309      0.000

 Variances
    ETA                1.000      0.000    999.000    999.000

New/Additional Parameters
    L6_00              5.424      2.211      2.453      0.014
    L6_1               0.435      1.079      0.403      0.687
    L6_2              -0.078      0.063     -1.232      0.218


QUALITY OF NUMERICAL RESULTS

     Condition Number for the Information Matrix              0.666E-05
       (ratio of smallest to largest eigenvalue)


RESULTS IN PROBABILITY SCALE

                    Estimate

 EYEC
    Category 1         0.730
    Category 2         0.270
 RNAME
    Category 1         0.569
    Category 2         0.270
    Category 3         0.161
 SOCINT
    Category 1         0.682
    Category 2         0.284
    Category 3         0.034
 SOCREF
    Category 1         0.621
    Category 2         0.189
    Category 3         0.190
 QSHOW
    Category 1         0.497
    Category 2         0.380
    Category 3         0.123
 QQSO
    Category 1         0.612
    Category 2         0.279
    Category 3         0.109
 Q5
    Category 1         0.628
    Category 2         0.213
    Category 3         0.159
 Q9
    Category 1         0.636
    Category 2         0.261
    Category 3         0.103


LOGISTIC REGRESSION ODDS RATIO RESULTS

                                                95% C.I.
                    Estimate       S.E.  Lower 2.5% Upper 2.5%

 QQSO       ON
    GNUM               0.792      0.472      0.246      2.546
    AGE                1.043      0.038      0.971      1.120


BRANT WALD TEST FOR PROPORTIONAL ODDS

                                   Degrees of
                      Chi-Square     Freedom   P-Value

  RNAME
    Overall test           8.798         2      0.012
    GNUM                   0.421         1      0.516
    AGE                    7.931         1      0.005

  SOCINT
    Overall test           5.141         2      0.076
    GNUM                   1.369         1      0.242
    AGE                    3.443         1      0.064

  SOCREF
    Overall test          13.197         2      0.001
    GNUM                   3.632         1      0.057
    AGE                   10.385         1      0.001

  QSHOW
    Overall test          83.869         2      0.000
    GNUM                   0.179         1      0.673
    AGE                   71.968         1      0.000

  QQSO
    Overall test         544.819         2      0.000
    GNUM                   0.500         1      0.480
    AGE                  402.856         1      0.000

  Q5
    Overall test         257.259         2      0.000
    GNUM                   0.227         1      0.634
    AGE                  256.646         1      0.000

  Q9
    Overall test         268.635         2      0.000
    GNUM                   0.421         1      0.516
    AGE                  259.134         1      0.000


TECHNICAL 1 OUTPUT


     PARAMETER SPECIFICATION


           TAU
              EYEC$1        RNAME$1       RNAME$2       SOCINT$1      SOCINT$2
              ________      ________      ________      ________      ________
                   11            12            13            14            15


           TAU
              SOCREF$1      SOCREF$2      QSHOW$1       QSHOW$2       QQSO$1
              ________      ________      ________      ________      ________
                   16            17            18            19            20


           TAU
              QQSO$2        Q5$1          Q5$2          Q9$1          Q9$2
              ________      ________      ________      ________      ________
                   21            22            23            24            25


           NU
              EYEC          RNAME         SOCINT        SOCREF        QSHOW
              ________      ________      ________      ________      ________
                    0             0             0             0             0


           NU
              QQSO          Q5            Q9            GNUM          AGE
              ________      ________      ________      ________      ________
                    0             0             0             0             0


           LAMBDA
              ETA           QQSO          GNUM          AGE
              ________      ________      ________      ________
 EYEC               1             0             0             0
 RNAME              2             0             0             0
 SOCINT             3             0             0             0
 SOCREF             4             0             0             0
 QSHOW              5             0             0             0
 QQSO               0             0             0             0
 Q5                 6             0             0             0
 Q9                 7             0             0             0
 GNUM               0             0             0             0
 AGE                0             0             0             0


           THETA
              EYEC          RNAME         SOCINT        SOCREF        QSHOW
              ________      ________      ________      ________      ________
 EYEC               0
 RNAME              0             0
 SOCINT             0             0             0
 SOCREF             0             0             0             0
 QSHOW              0             0             0             0             0
 QQSO               0             0             0             0             0
 Q5                 0             0             0             0             0
 Q9                 0             0             0             0             0
 GNUM               0             0             0             0             0
 AGE                0             0             0             0             0


           THETA
              QQSO          Q5            Q9            GNUM          AGE
              ________      ________      ________      ________      ________
 QQSO               0
 Q5                 0             0
 Q9                 0             0             0
 GNUM               0             0             0             0
 AGE                0             0             0             0             0


           ALPHA
              ETA           QQSO          GNUM          AGE
              ________      ________      ________      ________
                    0             0             0             0


           BETA
              ETA           QQSO          GNUM          AGE
              ________      ________      ________      ________
 ETA                0             0             0             0
 QQSO               8             0             9            10
 GNUM               0             0             0             0
 AGE                0             0             0             0


           PSI
              ETA           QQSO          GNUM          AGE
              ________      ________      ________      ________
 ETA                0
 QQSO               0             0
 GNUM               0             0             0
 AGE                0             0             0             0


     PARAMETER SPECIFICATION FOR THE ADDITIONAL PARAMETERS


           NEW/ADDITIONAL PARAMETERS
              L6_00         L6_1          L6_2
              ________      ________      ________
                   26            27            28


     STARTING VALUES


           TAU
              EYEC$1        RNAME$1       RNAME$2       SOCINT$1      SOCINT$2
              ________      ________      ________      ________      ________
                0.992         0.272         1.642         0.762         3.332


           TAU
              SOCREF$1      SOCREF$2      QSHOW$1       QSHOW$2       QQSO$1
              ________      ________      ________      ________      ________
                0.495         1.454         0.165         2.134         0.580


           TAU
              QQSO$2        Q5$1          Q5$2          Q9$1          Q9$2
              ________      ________      ________      ________      ________
                2.578         0.434         1.586         0.361         2.031


           NU
              EYEC          RNAME         SOCINT        SOCREF        QSHOW
              ________      ________      ________      ________      ________
                0.000         0.000         0.000         0.000         0.000


           NU
              QQSO          Q5            Q9            GNUM          AGE
              ________      ________      ________      ________      ________
                0.000         0.000         0.000         0.000         0.000


           LAMBDA
              ETA           QQSO          GNUM          AGE
              ________      ________      ________      ________
 EYEC           1.000         0.000         0.000         0.000
 RNAME          1.000         0.000         0.000         0.000
 SOCINT         1.000         0.000         0.000         0.000
 SOCREF         1.000         0.000         0.000         0.000
 QSHOW          1.000         0.000         0.000         0.000
 QQSO           0.000         1.000         0.000         0.000
 Q5             1.000         0.000         0.000         0.000
 Q9             1.000         0.000         0.000         0.000
 GNUM           0.000         0.000         1.000         0.000
 AGE            0.000         0.000         0.000         1.000


           THETA
              EYEC          RNAME         SOCINT        SOCREF        QSHOW
              ________      ________      ________      ________      ________
 EYEC           1.000
 RNAME          0.000         1.000
 SOCINT         0.000         0.000         1.000
 SOCREF         0.000         0.000         0.000         1.000
 QSHOW          0.000         0.000         0.000         0.000         1.000
 QQSO           0.000         0.000         0.000         0.000         0.000
 Q5             0.000         0.000         0.000         0.000         0.000
 Q9             0.000         0.000         0.000         0.000         0.000
 GNUM           0.000         0.000         0.000         0.000         0.000
 AGE            0.000         0.000         0.000         0.000         0.000


           THETA
              QQSO          Q5            Q9            GNUM          AGE
              ________      ________      ________      ________      ________
 QQSO           0.000
 Q5             0.000         1.000
 Q9             0.000         0.000         1.000
 GNUM           0.000         0.000         0.000         0.000
 AGE            0.000         0.000         0.000         0.000         0.000


           ALPHA
              ETA           QQSO          GNUM          AGE
              ________      ________      ________      ________
                0.000         0.000         0.000         0.000


           BETA
              ETA           QQSO          GNUM          AGE
              ________      ________      ________      ________
 ETA            0.000         0.000         0.000         0.000
 QQSO           1.000         0.000         0.000         0.000
 GNUM           0.000         0.000         0.000         0.000
 AGE            0.000         0.000         0.000         0.000


           PSI
              ETA           QQSO          GNUM          AGE
              ________      ________      ________      ________
 ETA            1.000
 QQSO           0.000         1.000
 GNUM           0.000         0.000         0.122
 AGE            0.000         0.000         0.000        63.427


     STARTING VALUES FOR THE ADDITIONAL PARAMETERS


           NEW/ADDITIONAL PARAMETERS
              L6_00         L6_1          L6_2
              ________      ________      ________
                1.000         0.000         0.000


     Beginning Time:  21:41:55
        Ending Time:  21:42:24
       Elapsed Time:  00:00:29



MUTHEN & MUTHEN
3463 Stoner Ave.
Los Angeles, CA  90066

Tel: (310) 391-9971
Fax: (310) 391-8971
Web: www.StatModel.com
Support: Support@StatModel.com

Copyright (c) 1998-2021 Muthen & Muthen
