Mplus VERSION 8.6
MUTHEN & MUTHEN
08/21/2021   9:54 PM

INPUT INSTRUCTIONS

  TITLE: Final Model to Get Scoring Parameters
  DATA: FILE =
   "C:/Users/joshu/Desktop/GRA/Burrows/Sex_Differences/aMNLFA_Update/calibration.dat";
  VARIABLE:
  NAMES = ID VNUM EYEC RNAME SOCINT SOCREF QSHOW QQSO Q5 Q9 GNUM AGE;
  MISSING=.;
  !
  !
  !
  !
  USEVARIABLES= EYEC RNAME SOCINT SOCREF QSHOW QQSO Q5 Q9 GNUM AGE;
  AUXILIARY= ID VNUM ;
  CATEGORICAL= EYEC RNAME SOCINT SOCREF QSHOW QQSO Q5 Q9 ;
  !
  CONSTRAINT= GNUM ;
  ANALYSIS: ESTIMATOR=ML;ALGORITHM=INTEGRATION;INTEGRATION=MONTECARLO;PROCESSORS=4;
  MODEL: [ETA@0];ETA*(veta);
  ETA BY EYEC*(l_1);
  ETA BY RNAME*(l_2);
  ETA BY SOCINT*(l_3);
  ETA BY SOCREF*(l_4);
  ETA BY QSHOW*(l_5);
  ETA BY QQSO*(l_6);
  ETA BY Q5*(l_7);
  ETA BY Q9*(l_8);
  ETA ON GNUM; ETA ON AGE;
  !

  RNAME on AGE;


  !



  SOCREF on GNUM AGE;




  QSHOW on AGE;





  !






  !







  !
  MODEL CONSTRAINT: new(
  !
  ! !
  ! !
  ! !
  l4_0*1   l4_1*0
  ! !
  ! !
  ! !
  ! !
  );
  veta=1*exp(
  0);
  ! !;
  ! !;
  ! !;
  l_4=l4_0 +l4_1*GNUM;
  ! !;
  ! !;
  ! !;
  ! !;



INPUT READING TERMINATED NORMALLY



Final Model to Get Scoring Parameters

SUMMARY OF ANALYSIS

Number of groups                                                 1
Number of observations                                         377

Number of dependent variables                                    8
Number of independent variables                                  2
Number of continuous latent variables                            1

Observed dependent variables

  Binary and ordered categorical (ordinal)
   EYEC        RNAME       SOCINT      SOCREF      QSHOW       QQSO
   Q5          Q9

Observed independent variables
   GNUM        AGE

Observed auxiliary variables
   ID          VNUM

Continuous latent variables
   ETA


Estimator                                                       ML
Information matrix                                        OBSERVED
Optimization Specifications for the Quasi-Newton Algorithm for
Continuous Outcomes
  Maximum number of iterations                                 100
  Convergence criterion                                  0.100D-05
Optimization Specifications for the EM Algorithm
  Maximum number of iterations                                 500
  Convergence criteria
    Loglikelihood change                                 0.100D-02
    Relative loglikelihood change                        0.100D-05
    Derivative                                           0.100D-02
Optimization Specifications for the M step of the EM Algorithm for
Categorical Latent variables
  Number of M step iterations                                    1
  M step convergence criterion                           0.100D-02
  Basis for M step termination                           ITERATION
Optimization Specifications for the M step of the EM Algorithm for
Censored, Binary or Ordered Categorical (Ordinal), Unordered
Categorical (Nominal) and Count Outcomes
  Number of M step iterations                                    1
  M step convergence criterion                           0.100D-02
  Basis for M step termination                           ITERATION
  Maximum value for logit thresholds                            15
  Minimum value for logit thresholds                           -15
  Minimum expected cell size for chi-square              0.100D-01
Maximum number of iterations for H1                           2000
Convergence criterion for H1                             0.100D-03
Optimization algorithm                                         EMA
Integration Specifications
  Type                                                  MONTECARLO
  Number of integration points                                1000
  Dimensions of numerical integration                            1
  Adaptive quadrature                                           ON
  Monte Carlo integration seed                                   0
Link                                                         LOGIT
Cholesky                                                        ON

Input data file(s)
  C:/Users/joshu/Desktop/GRA/Burrows/Sex_Differences/aMNLFA_Update/calibration.d
Input data format  FREE


SUMMARY OF DATA

     Number of missing data patterns             6
     Number of y missing data patterns           0
     Number of u missing data patterns           6


COVARIANCE COVERAGE OF DATA

Minimum covariance coverage value   0.100


     PROPORTION OF DATA PRESENT FOR U


           Covariance Coverage
              EYEC          RNAME         SOCINT        SOCREF        QSHOW
              ________      ________      ________      ________      ________
 EYEC           1.000
 RNAME          0.981         0.981
 SOCINT         1.000         0.981         1.000
 SOCREF         0.995         0.979         0.995         0.995
 QSHOW          0.451         0.451         0.451         0.451         0.451
 QQSO           0.451         0.451         0.451         0.451         0.451
 Q5             0.546         0.528         0.546         0.541         0.000
 Q9             0.549         0.531         0.549         0.544         0.000


           Covariance Coverage
              QQSO          Q5            Q9
              ________      ________      ________
 QQSO           0.451
 Q5             0.000         0.546
 Q9             0.000         0.546         0.549


UNIVARIATE PROPORTIONS AND COUNTS FOR CATEGORICAL VARIABLES

    EYEC
      Category 1    0.729          275.000
      Category 2    0.271          102.000
    RNAME
      Category 1    0.568          210.000
      Category 2    0.270          100.000
      Category 3    0.162           60.000
    SOCINT
      Category 1    0.682          257.000
      Category 2    0.284          107.000
      Category 3    0.034           13.000
    SOCREF
      Category 1    0.621          233.000
      Category 2    0.189           71.000
      Category 3    0.189           71.000
    QSHOW
      Category 1    0.541           92.000
      Category 2    0.353           60.000
      Category 3    0.106           18.000
    QQSO
      Category 1    0.641          109.000
      Category 2    0.288           49.000
      Category 3    0.071           12.000
    Q5
      Category 1    0.607          125.000
      Category 2    0.223           46.000
      Category 3    0.170           35.000
    Q9
      Category 1    0.589          122.000
      Category 2    0.295           61.000
      Category 3    0.116           24.000



UNIVARIATE SAMPLE STATISTICS


     UNIVARIATE HIGHER-ORDER MOMENT DESCRIPTIVE STATISTICS

         Variable/         Mean/     Skewness/   Minimum/ % with                Percentiles
        Sample Size      Variance    Kurtosis    Maximum  Min/Max      20%/60%    40%/80%    Median

     GNUM                  0.422       0.317       0.000   57.82%       0.000      0.000      0.000
             377.000       0.244      -1.900       1.000   42.18%       1.000      1.000
     AGE                  19.238       0.677       5.800    0.80%       7.500     12.500     14.000
             377.000     126.855      -0.558      51.900    0.27%      24.000     26.200


THE MODEL ESTIMATION TERMINATED NORMALLY



MODEL FIT INFORMATION

Number of Free Parameters                       30

Loglikelihood

          H0 Value                       -1597.634

Information Criteria

          Akaike (AIC)                    3255.269
          Bayesian (BIC)                  3373.236
          Sample-Size Adjusted BIC        3278.053
            (n* = (n + 2) / 24)



MODEL RESULTS

                                                    Two-Tailed
                    Estimate       S.E.  Est./S.E.    P-Value

 ETA      BY
    EYEC               1.918      0.297      6.448      0.000
    RNAME              0.705      0.140      5.037      0.000
    SOCINT             4.653      0.997      4.666      0.000
    SOCREF           999.000      0.000    999.000    999.000
    QSHOW              1.876      0.343      5.469      0.000
    QQSO               2.990      0.601      4.973      0.000
    Q5                 1.047      0.217      4.834      0.000
    Q9                 3.313      0.657      5.040      0.000

 ETA        ON
    GNUM              -0.253      0.124     -2.047      0.041
    AGE               -0.014      0.006     -2.364      0.018

 RNAME      ON
    AGE               -0.053      0.011     -4.775      0.000

 SOCREF     ON
    GNUM              -0.280      0.278     -1.005      0.315
    AGE               -0.034      0.012     -2.763      0.006

 QSHOW      ON
    AGE               -0.076      0.028     -2.741      0.006

 Intercepts
    ETA                0.000      0.000    999.000    999.000

 Thresholds
    EYEC$1             0.878      0.303      2.896      0.004
    RNAME$1           -0.924      0.236     -3.911      0.000
    RNAME$2            0.685      0.238      2.878      0.004
    SOCINT$1           0.661      0.665      0.995      0.320
    SOCINT$2           7.536      1.468      5.135      0.000
    SOCREF$1          -0.608      0.361     -1.682      0.093
    SOCREF$2           0.803      0.364      2.207      0.027
    QSHOW$1           -2.969      0.908     -3.269      0.001
    QSHOW$2            0.118      0.859      0.137      0.891
    QQSO$1            -0.284      0.539     -0.527      0.598
    QQSO$2             3.934      0.814      4.835      0.000
    Q5$1               0.243      0.204      1.191      0.234
    Q5$2               1.599      0.238      6.707      0.000
    Q9$1               0.049      0.474      0.102      0.918
    Q9$2               3.545      0.691      5.128      0.000

 Residual Variances
    ETA                1.000      0.000    999.000    999.000

New/Additional Parameters
    L4_0               1.949      0.308      6.322      0.000
    L4_1              -0.877      0.382     -2.295      0.022


QUALITY OF NUMERICAL RESULTS

     Condition Number for the Information Matrix              0.455E-05
       (ratio of smallest to largest eigenvalue)


RESULTS IN PROBABILITY SCALE

                    Estimate

 EYEC
    Category 1         0.730
    Category 2         0.270
 RNAME
    Category 1         0.571
    Category 2         0.270
    Category 3         0.159
 SOCINT
    Category 1         0.683
    Category 2         0.284
    Category 3         0.034
 SOCREF
    Category 1         0.629
    Category 2         0.173
    Category 3         0.199
 QSHOW
    Category 1         0.384
    Category 2         0.407
    Category 3         0.209
 QQSO
    Category 1         0.594
    Category 2         0.330
    Category 3         0.076
 Q5
    Category 1         0.626
    Category 2         0.213
    Category 3         0.161
 Q9
    Category 1         0.633
    Category 2         0.263
    Category 3         0.105


LOGISTIC REGRESSION ODDS RATIO RESULTS

                                                95% C.I.
                    Estimate       S.E.  Lower 2.5% Upper 2.5%

 RNAME      ON
    AGE                0.949      0.010      0.928      0.969

 SOCREF     ON
    GNUM               0.756      0.210      0.438      1.304
    AGE                0.967      0.012      0.944      0.990

 QSHOW      ON
    AGE                0.927      0.026      0.878      0.979


BRANT WALD TEST FOR PROPORTIONAL ODDS

                                   Degrees of
                      Chi-Square     Freedom   P-Value

  RNAME
    Overall test           8.798         2      0.012
    GNUM                   0.421         1      0.516
    AGE                    7.931         1      0.005

  SOCINT
    Overall test           5.141         2      0.076
    GNUM                   1.369         1      0.242
    AGE                    3.443         1      0.064

  SOCREF
    Overall test          13.197         2      0.001
    GNUM                   3.632         1      0.057
    AGE                   10.385         1      0.001

  QSHOW
    Overall test          83.869         2      0.000
    GNUM                   0.179         1      0.673
    AGE                   71.968         1      0.000

  QQSO
    Overall test         544.819         2      0.000
    GNUM                   0.500         1      0.480
    AGE                  402.856         1      0.000

  Q5
    Overall test         257.259         2      0.000
    GNUM                   0.227         1      0.634
    AGE                  256.646         1      0.000

  Q9
    Overall test         268.635         2      0.000
    GNUM                   0.421         1      0.516
    AGE                  259.134         1      0.000


     Beginning Time:  21:54:19
        Ending Time:  21:56:54
       Elapsed Time:  00:02:35



MUTHEN & MUTHEN
3463 Stoner Ave.
Los Angeles, CA  90066

Tel: (310) 391-9971
Fax: (310) 391-8971
Web: www.StatModel.com
Support: Support@StatModel.com

Copyright (c) 1998-2021 Muthen & Muthen
