Mplus VERSION 8.6
MUTHEN & MUTHEN
08/21/2021   9:50 PM

INPUT INSTRUCTIONS

  TITLE: Round 2 Calibration Model
  DATA: FILE =
   "C:/Users/joshu/Desktop/GRA/Burrows/Sex_Differences/aMNLFA_Update/calibration.dat";
  VARIABLE:
  NAMES = ID VNUM EYEC RNAME SOCINT SOCREF QSHOW QQSO Q5 Q9 GNUM AGE;
  MISSING=.;
  !
  !
  !
  !
  USEVARIABLES= EYEC RNAME SOCINT SOCREF QSHOW QQSO Q5 Q9 GNUM AGE;
  AUXILIARY= ID VNUM ;
  CATEGORICAL= EYEC RNAME SOCINT SOCREF QSHOW QQSO Q5 Q9 ;
  !
  CONSTRAINT= GNUM AGE ;
  ANALYSIS: ESTIMATOR=ML;ALGORITHM=INTEGRATION;INTEGRATION=MONTECARLO;PROCESSORS=4;
  MODEL: [ETA@0];ETA*(veta);
  ETA BY EYEC*(l_1);
  ETA BY RNAME*(l_2);
  ETA BY SOCINT*(l_3);
  ETA BY SOCREF*(l_4);
  ETA BY QSHOW*(l_5);
  ETA BY QQSO*(l_6);
  ETA BY Q5*(l_7);
  ETA BY Q9*(l_8);
  ETA ON GNUM; ETA ON AGE;
  EYEC on AGE;

  RNAME on AGE;


  SOCINT on AGE;



  SOCREF on GNUM AGE;




  QSHOW on GNUM AGE;





  !






  Q5 on AGE;







  !
  MODEL CONSTRAINT: new( !
  ! !
  l2_0*1   l2_2*0
  ! !
  l4_0*1   l4_1*0
  ! !
  ! !
  ! !
  ! !
  );
  veta=1*exp(
  0);
  ! !;
  l_2=l2_0 +l2_2*AGE;
  ! !;
  l_4=l4_0 +l4_1*GNUM;
  ! !;
  ! !;
  ! !;
  ! !;
  OUTPUT: tech1;



INPUT READING TERMINATED NORMALLY



Round 2 Calibration Model

SUMMARY OF ANALYSIS

Number of groups                                                 1
Number of observations                                         377

Number of dependent variables                                    8
Number of independent variables                                  2
Number of continuous latent variables                            1

Observed dependent variables

  Binary and ordered categorical (ordinal)
   EYEC        RNAME       SOCINT      SOCREF      QSHOW       QQSO
   Q5          Q9

Observed independent variables
   GNUM        AGE

Observed auxiliary variables
   ID          VNUM

Continuous latent variables
   ETA


Estimator                                                       ML
Information matrix                                        OBSERVED
Optimization Specifications for the Quasi-Newton Algorithm for
Continuous Outcomes
  Maximum number of iterations                                 100
  Convergence criterion                                  0.100D-05
Optimization Specifications for the EM Algorithm
  Maximum number of iterations                                 500
  Convergence criteria
    Loglikelihood change                                 0.100D-02
    Relative loglikelihood change                        0.100D-05
    Derivative                                           0.100D-02
Optimization Specifications for the M step of the EM Algorithm for
Categorical Latent variables
  Number of M step iterations                                    1
  M step convergence criterion                           0.100D-02
  Basis for M step termination                           ITERATION
Optimization Specifications for the M step of the EM Algorithm for
Censored, Binary or Ordered Categorical (Ordinal), Unordered
Categorical (Nominal) and Count Outcomes
  Number of M step iterations                                    1
  M step convergence criterion                           0.100D-02
  Basis for M step termination                           ITERATION
  Maximum value for logit thresholds                            15
  Minimum value for logit thresholds                           -15
  Minimum expected cell size for chi-square              0.100D-01
Maximum number of iterations for H1                           2000
Convergence criterion for H1                             0.100D-03
Optimization algorithm                                         EMA
Integration Specifications
  Type                                                  MONTECARLO
  Number of integration points                                1000
  Dimensions of numerical integration                            1
  Adaptive quadrature                                           ON
  Monte Carlo integration seed                                   0
Link                                                         LOGIT
Cholesky                                                        ON

Input data file(s)
  C:/Users/joshu/Desktop/GRA/Burrows/Sex_Differences/aMNLFA_Update/calibration.d
Input data format  FREE


SUMMARY OF DATA

     Number of missing data patterns             6
     Number of y missing data patterns           0
     Number of u missing data patterns           6


COVARIANCE COVERAGE OF DATA

Minimum covariance coverage value   0.100


     PROPORTION OF DATA PRESENT FOR U


           Covariance Coverage
              EYEC          RNAME         SOCINT        SOCREF        QSHOW
              ________      ________      ________      ________      ________
 EYEC           1.000
 RNAME          0.981         0.981
 SOCINT         1.000         0.981         1.000
 SOCREF         0.995         0.979         0.995         0.995
 QSHOW          0.451         0.451         0.451         0.451         0.451
 QQSO           0.451         0.451         0.451         0.451         0.451
 Q5             0.546         0.528         0.546         0.541         0.000
 Q9             0.549         0.531         0.549         0.544         0.000


           Covariance Coverage
              QQSO          Q5            Q9
              ________      ________      ________
 QQSO           0.451
 Q5             0.000         0.546
 Q9             0.000         0.546         0.549


UNIVARIATE PROPORTIONS AND COUNTS FOR CATEGORICAL VARIABLES

    EYEC
      Category 1    0.729          275.000
      Category 2    0.271          102.000
    RNAME
      Category 1    0.568          210.000
      Category 2    0.270          100.000
      Category 3    0.162           60.000
    SOCINT
      Category 1    0.682          257.000
      Category 2    0.284          107.000
      Category 3    0.034           13.000
    SOCREF
      Category 1    0.621          233.000
      Category 2    0.189           71.000
      Category 3    0.189           71.000
    QSHOW
      Category 1    0.541           92.000
      Category 2    0.353           60.000
      Category 3    0.106           18.000
    QQSO
      Category 1    0.641          109.000
      Category 2    0.288           49.000
      Category 3    0.071           12.000
    Q5
      Category 1    0.607          125.000
      Category 2    0.223           46.000
      Category 3    0.170           35.000
    Q9
      Category 1    0.589          122.000
      Category 2    0.295           61.000
      Category 3    0.116           24.000



UNIVARIATE SAMPLE STATISTICS


     UNIVARIATE HIGHER-ORDER MOMENT DESCRIPTIVE STATISTICS

         Variable/         Mean/     Skewness/   Minimum/ % with                Percentiles
        Sample Size      Variance    Kurtosis    Maximum  Min/Max      20%/60%    40%/80%    Median

     GNUM                  0.422       0.317       0.000   57.82%       0.000      0.000      0.000
             377.000       0.244      -1.900       1.000   42.18%       1.000      1.000
     AGE                  19.238       0.677       5.800    0.80%       7.500     12.500     14.000
             377.000     126.855      -0.558      51.900    0.27%      24.000     26.200


THE MODEL ESTIMATION TERMINATED NORMALLY



MODEL FIT INFORMATION

Number of Free Parameters                       35

Loglikelihood

          H0 Value                       -1578.555

Information Criteria

          Akaike (AIC)                    3227.111
          Bayesian (BIC)                  3364.739
          Sample-Size Adjusted BIC        3253.693
            (n* = (n + 2) / 24)



MODEL RESULTS

                                                    Two-Tailed
                    Estimate       S.E.  Est./S.E.    P-Value

 ETA      BY
    EYEC               2.395      0.381      6.286      0.000
    RNAME            999.000      0.000    999.000    999.000
    SOCINT             4.376      0.845      5.178      0.000
    SOCREF           999.000      0.000    999.000    999.000
    QSHOW              1.782      0.332      5.358      0.000
    QQSO               2.886      0.578      4.995      0.000
    Q5                 0.913      0.227      4.029      0.000
    Q9                 3.526      0.755      4.669      0.000

 ETA        ON
    GNUM              -0.231      0.124     -1.860      0.063
    AGE               -0.004      0.010     -0.413      0.680

 EYEC       ON
    AGE                0.038      0.026      1.480      0.139

 RNAME      ON
    AGE               -0.068      0.019     -3.543      0.000

 SOCINT     ON
    AGE               -0.085      0.046     -1.859      0.063

 SOCREF     ON
    GNUM              -0.168      0.298     -0.564      0.573
    AGE               -0.050      0.019     -2.682      0.007

 QSHOW      ON
    GNUM              -0.697      0.410     -1.700      0.089
    AGE               -0.089      0.031     -2.888      0.004

 Q5         ON
    AGE               -0.095      0.050     -1.905      0.057

 Intercepts
    ETA                0.000      0.000    999.000    999.000

 Thresholds
    EYEC$1             2.102      0.462      4.549      0.000
    RNAME$1           -1.047      0.254     -4.128      0.000
    RNAME$2            0.572      0.252      2.268      0.023
    SOCINT$1          -0.130      0.653     -0.199      0.842
    SOCINT$2           6.535      1.271      5.143      0.000
    SOCREF$1          -0.577      0.361     -1.597      0.110
    SOCREF$2           0.837      0.364      2.297      0.022
    QSHOW$1           -3.009      0.913     -3.296      0.001
    QSHOW$2            0.092      0.869      0.106      0.916
    QQSO$1             0.631      0.908      0.695      0.487
    QQSO$2             4.770      1.096      4.353      0.000
    Q5$1              -0.609      0.522     -1.167      0.243
    Q5$2               0.755      0.530      1.425      0.154
    Q9$1               0.355      0.581      0.611      0.541
    Q9$2               3.991      0.889      4.487      0.000

 Residual Variances
    ETA                1.000      0.000    999.000    999.000

New/Additional Parameters
    L2_0               0.178      0.273      0.654      0.513
    L2_2               0.032      0.015      2.162      0.031
    L4_0               1.916      0.305      6.285      0.000
    L4_1              -0.782      0.392     -1.994      0.046


QUALITY OF NUMERICAL RESULTS

     Condition Number for the Information Matrix              0.123E-04
       (ratio of smallest to largest eigenvalue)


RESULTS IN PROBABILITY SCALE

                    Estimate

 EYEC
    Category 1         0.725
    Category 2         0.275
 RNAME
    Category 1         0.574
    Category 2         0.268
    Category 3         0.158
 SOCINT
    Category 1         0.680
    Category 2         0.286
    Category 3         0.033
 SOCREF
    Category 1         0.618
    Category 2         0.178
    Category 3         0.204
 QSHOW
    Category 1         0.398
    Category 2         0.410
    Category 3         0.192
 QQSO
    Category 1         0.633
    Category 2         0.307
    Category 3         0.061
 Q5
    Category 1         0.729
    Category 2         0.161
    Category 3         0.110
 Q9
    Category 1         0.598
    Category 2         0.279
    Category 3         0.122


LOGISTIC REGRESSION ODDS RATIO RESULTS

                                                95% C.I.
                    Estimate       S.E.  Lower 2.5% Upper 2.5%

 EYEC       ON
    AGE                1.039      0.027      0.988      1.093

 RNAME      ON
    AGE                0.934      0.018      0.900      0.970

 SOCINT     ON
    AGE                0.918      0.042      0.839      1.005

 SOCREF     ON
    GNUM               0.845      0.252      0.471      1.516
    AGE                0.951      0.018      0.916      0.987

 QSHOW      ON
    GNUM               0.498      0.204      0.223      1.112
    AGE                0.915      0.028      0.862      0.972

 Q5         ON
    AGE                0.909      0.045      0.825      1.003


BRANT WALD TEST FOR PROPORTIONAL ODDS

                                   Degrees of
                      Chi-Square     Freedom   P-Value

  RNAME
    Overall test           8.798         2      0.012
    GNUM                   0.421         1      0.516
    AGE                    7.931         1      0.005

  SOCINT
    Overall test           5.141         2      0.076
    GNUM                   1.369         1      0.242
    AGE                    3.443         1      0.064

  SOCREF
    Overall test          13.197         2      0.001
    GNUM                   3.632         1      0.057
    AGE                   10.385         1      0.001

  QSHOW
    Overall test          83.869         2      0.000
    GNUM                   0.179         1      0.673
    AGE                   71.968         1      0.000

  QQSO
    Overall test         544.819         2      0.000
    GNUM                   0.500         1      0.480
    AGE                  402.856         1      0.000

  Q5
    Overall test         257.259         2      0.000
    GNUM                   0.227         1      0.634
    AGE                  256.646         1      0.000

  Q9
    Overall test         268.635         2      0.000
    GNUM                   0.421         1      0.516
    AGE                  259.134         1      0.000


TECHNICAL 1 OUTPUT


     PARAMETER SPECIFICATION


           TAU
              EYEC$1        RNAME$1       RNAME$2       SOCINT$1      SOCINT$2
              ________      ________      ________      ________      ________
                   20            21            22            23            24


           TAU
              SOCREF$1      SOCREF$2      QSHOW$1       QSHOW$2       QQSO$1
              ________      ________      ________      ________      ________
                   25            26            27            28            29


           TAU
              QQSO$2        Q5$1          Q5$2          Q9$1          Q9$2
              ________      ________      ________      ________      ________
                   30            31            32            33            34


           NU
              EYEC          RNAME         SOCINT        SOCREF        QSHOW
              ________      ________      ________      ________      ________
                    0             0             0             0             0


           NU
              QQSO          Q5            Q9            GNUM          AGE
              ________      ________      ________      ________      ________
                    0             0             0             0             0


           LAMBDA
              ETA           EYEC          RNAME         SOCINT        SOCREF
              ________      ________      ________      ________      ________
 EYEC               0             0             0             0             0
 RNAME              0             0             0             0             0
 SOCINT             0             0             0             0             0
 SOCREF             0             0             0             0             0
 QSHOW              0             0             0             0             0
 QQSO               1             0             0             0             0
 Q5                 0             0             0             0             0
 Q9                 2             0             0             0             0
 GNUM               0             0             0             0             0
 AGE                0             0             0             0             0


           LAMBDA
              QSHOW         Q5            GNUM          AGE
              ________      ________      ________      ________
 EYEC               0             0             0             0
 RNAME              0             0             0             0
 SOCINT             0             0             0             0
 SOCREF             0             0             0             0
 QSHOW              0             0             0             0
 QQSO               0             0             0             0
 Q5                 0             0             0             0
 Q9                 0             0             0             0
 GNUM               0             0             0             0
 AGE                0             0             0             0


           THETA
              EYEC          RNAME         SOCINT        SOCREF        QSHOW
              ________      ________      ________      ________      ________
 EYEC               0
 RNAME              0             0
 SOCINT             0             0             0
 SOCREF             0             0             0             0
 QSHOW              0             0             0             0             0
 QQSO               0             0             0             0             0
 Q5                 0             0             0             0             0
 Q9                 0             0             0             0             0
 GNUM               0             0             0             0             0
 AGE                0             0             0             0             0


           THETA
              QQSO          Q5            Q9            GNUM          AGE
              ________      ________      ________      ________      ________
 QQSO               0
 Q5                 0             0
 Q9                 0             0             0
 GNUM               0             0             0             0
 AGE                0             0             0             0             0


           ALPHA
              ETA           EYEC          RNAME         SOCINT        SOCREF
              ________      ________      ________      ________      ________
                    0             0             0             0             0


           ALPHA
              QSHOW         Q5            GNUM          AGE
              ________      ________      ________      ________
                    0             0             0             0


           BETA
              ETA           EYEC          RNAME         SOCINT        SOCREF
              ________      ________      ________      ________      ________
 ETA                0             0             0             0             0
 EYEC               5             0             0             0             0
 RNAME              7             0             0             0             0
 SOCINT             9             0             0             0             0
 SOCREF            11             0             0             0             0
 QSHOW             14             0             0             0             0
 Q5                17             0             0             0             0
 GNUM               0             0             0             0             0
 AGE                0             0             0             0             0


           BETA
              QSHOW         Q5            GNUM          AGE
              ________      ________      ________      ________
 ETA                0             0             3             4
 EYEC               0             0             0             6
 RNAME              0             0             0             8
 SOCINT             0             0             0            10
 SOCREF             0             0            12            13
 QSHOW              0             0            15            16
 Q5                 0             0             0            18
 GNUM               0             0             0             0
 AGE                0             0             0             0


           PSI
              ETA           EYEC          RNAME         SOCINT        SOCREF
              ________      ________      ________      ________      ________
 ETA               19
 EYEC               0             0
 RNAME              0             0             0
 SOCINT             0             0             0             0
 SOCREF             0             0             0             0             0
 QSHOW              0             0             0             0             0
 Q5                 0             0             0             0             0
 GNUM               0             0             0             0             0
 AGE                0             0             0             0             0


           PSI
              QSHOW         Q5            GNUM          AGE
              ________      ________      ________      ________
 QSHOW              0
 Q5                 0             0
 GNUM               0             0             0
 AGE                0             0             0             0


     PARAMETER SPECIFICATION FOR THE ADDITIONAL PARAMETERS


           NEW/ADDITIONAL PARAMETERS
              L2_0          L2_2          L4_0          L4_1
              ________      ________      ________      ________
                   35            36            37            38


     STARTING VALUES


           TAU
              EYEC$1        RNAME$1       RNAME$2       SOCINT$1      SOCINT$2
              ________      ________      ________      ________      ________
                0.992         0.272         1.642         0.762         3.332


           TAU
              SOCREF$1      SOCREF$2      QSHOW$1       QSHOW$2       QQSO$1
              ________      ________      ________      ________      ________
                0.495         1.454         0.165         2.134         0.580


           TAU
              QQSO$2        Q5$1          Q5$2          Q9$1          Q9$2
              ________      ________      ________      ________      ________
                2.578         0.434         1.586         0.361         2.031


           NU
              EYEC          RNAME         SOCINT        SOCREF        QSHOW
              ________      ________      ________      ________      ________
                0.000         0.000         0.000         0.000         0.000


           NU
              QQSO          Q5            Q9            GNUM          AGE
              ________      ________      ________      ________      ________
                0.000         0.000         0.000         0.000         0.000


           LAMBDA
              ETA           EYEC          RNAME         SOCINT        SOCREF
              ________      ________      ________      ________      ________
 EYEC           0.000         1.000         0.000         0.000         0.000
 RNAME          0.000         0.000         1.000         0.000         0.000
 SOCINT         0.000         0.000         0.000         1.000         0.000
 SOCREF         0.000         0.000         0.000         0.000         1.000
 QSHOW          0.000         0.000         0.000         0.000         0.000
 QQSO           1.000         0.000         0.000         0.000         0.000
 Q5             0.000         0.000         0.000         0.000         0.000
 Q9             1.000         0.000         0.000         0.000         0.000
 GNUM           0.000         0.000         0.000         0.000         0.000
 AGE            0.000         0.000         0.000         0.000         0.000


           LAMBDA
              QSHOW         Q5            GNUM          AGE
              ________      ________      ________      ________
 EYEC           0.000         0.000         0.000         0.000
 RNAME          0.000         0.000         0.000         0.000
 SOCINT         0.000         0.000         0.000         0.000
 SOCREF         0.000         0.000         0.000         0.000
 QSHOW          1.000         0.000         0.000         0.000
 QQSO           0.000         0.000         0.000         0.000
 Q5             0.000         1.000         0.000         0.000
 Q9             0.000         0.000         0.000         0.000
 GNUM           0.000         0.000         1.000         0.000
 AGE            0.000         0.000         0.000         1.000


           THETA
              EYEC          RNAME         SOCINT        SOCREF        QSHOW
              ________      ________      ________      ________      ________
 EYEC           0.000
 RNAME          0.000         0.000
 SOCINT         0.000         0.000         0.000
 SOCREF         0.000         0.000         0.000         0.000
 QSHOW          0.000         0.000         0.000         0.000         0.000
 QQSO           0.000         0.000         0.000         0.000         0.000
 Q5             0.000         0.000         0.000         0.000         0.000
 Q9             0.000         0.000         0.000         0.000         0.000
 GNUM           0.000         0.000         0.000         0.000         0.000
 AGE            0.000         0.000         0.000         0.000         0.000


           THETA
              QQSO          Q5            Q9            GNUM          AGE
              ________      ________      ________      ________      ________
 QQSO           1.000
 Q5             0.000         0.000
 Q9             0.000         0.000         1.000
 GNUM           0.000         0.000         0.000         0.000
 AGE            0.000         0.000         0.000         0.000         0.000


           ALPHA
              ETA           EYEC          RNAME         SOCINT        SOCREF
              ________      ________      ________      ________      ________
                0.000         0.000         0.000         0.000         0.000


           ALPHA
              QSHOW         Q5            GNUM          AGE
              ________      ________      ________      ________
                0.000         0.000         0.000         0.000


           BETA
              ETA           EYEC          RNAME         SOCINT        SOCREF
              ________      ________      ________      ________      ________
 ETA            0.000         0.000         0.000         0.000         0.000
 EYEC           1.000         0.000         0.000         0.000         0.000
 RNAME          1.000         0.000         0.000         0.000         0.000
 SOCINT         1.000         0.000         0.000         0.000         0.000
 SOCREF         1.000         0.000         0.000         0.000         0.000
 QSHOW          1.000         0.000         0.000         0.000         0.000
 Q5             1.000         0.000         0.000         0.000         0.000
 GNUM           0.000         0.000         0.000         0.000         0.000
 AGE            0.000         0.000         0.000         0.000         0.000


           BETA
              QSHOW         Q5            GNUM          AGE
              ________      ________      ________      ________
 ETA            0.000         0.000         0.000         0.000
 EYEC           0.000         0.000         0.000         0.000
 RNAME          0.000         0.000         0.000         0.000
 SOCINT         0.000         0.000         0.000         0.000
 SOCREF         0.000         0.000         0.000         0.000
 QSHOW          0.000         0.000         0.000         0.000
 Q5             0.000         0.000         0.000         0.000
 GNUM           0.000         0.000         0.000         0.000
 AGE            0.000         0.000         0.000         0.000


           PSI
              ETA           EYEC          RNAME         SOCINT        SOCREF
              ________      ________      ________      ________      ________
 ETA            0.050
 EYEC           0.000         1.000
 RNAME          0.000         0.000         1.000
 SOCINT         0.000         0.000         0.000         1.000
 SOCREF         0.000         0.000         0.000         0.000         1.000
 QSHOW          0.000         0.000         0.000         0.000         0.000
 Q5             0.000         0.000         0.000         0.000         0.000
 GNUM           0.000         0.000         0.000         0.000         0.000
 AGE            0.000         0.000         0.000         0.000         0.000


           PSI
              QSHOW         Q5            GNUM          AGE
              ________      ________      ________      ________
 QSHOW          1.000
 Q5             0.000         1.000
 GNUM           0.000         0.000         0.122
 AGE            0.000         0.000         0.000        63.427


     STARTING VALUES FOR THE ADDITIONAL PARAMETERS


           NEW/ADDITIONAL PARAMETERS
              L2_0          L2_2          L4_0          L4_1
              ________      ________      ________      ________
                1.000         0.000         1.000         0.000


     Beginning Time:  21:50:49
        Ending Time:  21:51:53
       Elapsed Time:  00:01:04



MUTHEN & MUTHEN
3463 Stoner Ave.
Los Angeles, CA  90066

Tel: (310) 391-9971
Fax: (310) 391-8971
Web: www.StatModel.com
Support: Support@StatModel.com

Copyright (c) 1998-2021 Muthen & Muthen
