Mplus VERSION 8.6
MUTHEN & MUTHEN
08/21/2021   9:44 PM

INPUT INSTRUCTIONS

  TITLE: Variance Impact Model
  DATA: FILE =
   "C:/Users/joshu/Desktop/GRA/Burrows/Sex_Differences/aMNLFA_Update/calibration.dat";
  VARIABLE:
  NAMES = ID VNUM EYEC RNAME SOCINT SOCREF QSHOW QQSO Q5 Q9 GNUM AGE;
  MISSING=.;
  !
  !
  !
  !
  USEVARIABLES= EYEC RNAME SOCINT SOCREF QSHOW QQSO Q5 Q9 AGE ;
  AUXILIARY= ID VNUM ;
  CATEGORICAL= EYEC RNAME SOCINT SOCREF QSHOW QQSO Q5 Q9 ;
  !
  CONSTRAINT= AGE ;
  ANALYSIS: ESTIMATOR=ML;ALGORITHM=INTEGRATION;INTEGRATION=MONTECARLO;PROCESSORS=4;
  MODEL: ETA ON AGE ; ETA*(veta);
  ETA BY EYEC*(l1);
  ETA BY RNAME*(l2);
  ETA BY SOCINT*(l3);
  ETA BY SOCREF*(l4);
  ETA BY QSHOW*(l5);
  ETA BY QQSO*(l6);
  ETA BY Q5*(l7);
  ETA BY Q9*(l8);
  MODEL CONSTRAINT: new(
  v1*0
  );
  veta=1*exp(
  v1*AGE);
  OUTPUT: tech1;



INPUT READING TERMINATED NORMALLY



Variance Impact Model

SUMMARY OF ANALYSIS

Number of groups                                                 1
Number of observations                                         377

Number of dependent variables                                    8
Number of independent variables                                  1
Number of continuous latent variables                            1

Observed dependent variables

  Binary and ordered categorical (ordinal)
   EYEC        RNAME       SOCINT      SOCREF      QSHOW       QQSO
   Q5          Q9

Observed independent variables
   AGE

Observed auxiliary variables
   ID          VNUM

Continuous latent variables
   ETA


Estimator                                                       ML
Information matrix                                        OBSERVED
Optimization Specifications for the Quasi-Newton Algorithm for
Continuous Outcomes
  Maximum number of iterations                                 100
  Convergence criterion                                  0.100D-05
Optimization Specifications for the EM Algorithm
  Maximum number of iterations                                 500
  Convergence criteria
    Loglikelihood change                                 0.100D-02
    Relative loglikelihood change                        0.100D-05
    Derivative                                           0.100D-02
Optimization Specifications for the M step of the EM Algorithm for
Categorical Latent variables
  Number of M step iterations                                    1
  M step convergence criterion                           0.100D-02
  Basis for M step termination                           ITERATION
Optimization Specifications for the M step of the EM Algorithm for
Censored, Binary or Ordered Categorical (Ordinal), Unordered
Categorical (Nominal) and Count Outcomes
  Number of M step iterations                                    1
  M step convergence criterion                           0.100D-02
  Basis for M step termination                           ITERATION
  Maximum value for logit thresholds                            15
  Minimum value for logit thresholds                           -15
  Minimum expected cell size for chi-square              0.100D-01
Maximum number of iterations for H1                           2000
Convergence criterion for H1                             0.100D-03
Optimization algorithm                                         EMA
Integration Specifications
  Type                                                  MONTECARLO
  Number of integration points                                1000
  Dimensions of numerical integration                            1
  Adaptive quadrature                                           ON
  Monte Carlo integration seed                                   0
Link                                                         LOGIT
Cholesky                                                        ON

Input data file(s)
  C:/Users/joshu/Desktop/GRA/Burrows/Sex_Differences/aMNLFA_Update/calibration.d
Input data format  FREE


SUMMARY OF DATA

     Number of missing data patterns             6
     Number of y missing data patterns           0
     Number of u missing data patterns           6


COVARIANCE COVERAGE OF DATA

Minimum covariance coverage value   0.100


     PROPORTION OF DATA PRESENT FOR U


           Covariance Coverage
              EYEC          RNAME         SOCINT        SOCREF        QSHOW
              ________      ________      ________      ________      ________
 EYEC           1.000
 RNAME          0.981         0.981
 SOCINT         1.000         0.981         1.000
 SOCREF         0.995         0.979         0.995         0.995
 QSHOW          0.451         0.451         0.451         0.451         0.451
 QQSO           0.451         0.451         0.451         0.451         0.451
 Q5             0.546         0.528         0.546         0.541         0.000
 Q9             0.549         0.531         0.549         0.544         0.000


           Covariance Coverage
              QQSO          Q5            Q9
              ________      ________      ________
 QQSO           0.451
 Q5             0.000         0.546
 Q9             0.000         0.546         0.549


UNIVARIATE PROPORTIONS AND COUNTS FOR CATEGORICAL VARIABLES

    EYEC
      Category 1    0.729          275.000
      Category 2    0.271          102.000
    RNAME
      Category 1    0.568          210.000
      Category 2    0.270          100.000
      Category 3    0.162           60.000
    SOCINT
      Category 1    0.682          257.000
      Category 2    0.284          107.000
      Category 3    0.034           13.000
    SOCREF
      Category 1    0.621          233.000
      Category 2    0.189           71.000
      Category 3    0.189           71.000
    QSHOW
      Category 1    0.541           92.000
      Category 2    0.353           60.000
      Category 3    0.106           18.000
    QQSO
      Category 1    0.641          109.000
      Category 2    0.288           49.000
      Category 3    0.071           12.000
    Q5
      Category 1    0.607          125.000
      Category 2    0.223           46.000
      Category 3    0.170           35.000
    Q9
      Category 1    0.589          122.000
      Category 2    0.295           61.000
      Category 3    0.116           24.000



UNIVARIATE SAMPLE STATISTICS


     UNIVARIATE HIGHER-ORDER MOMENT DESCRIPTIVE STATISTICS

         Variable/         Mean/     Skewness/   Minimum/ % with                Percentiles
        Sample Size      Variance    Kurtosis    Maximum  Min/Max      20%/60%    40%/80%    Median

     AGE                  19.238       0.677       5.800    0.80%       7.500     12.500     14.000
             377.000     126.855      -0.558      51.900    0.27%      24.000     26.200


THE MODEL ESTIMATION TERMINATED NORMALLY



MODEL FIT INFORMATION

Number of Free Parameters                       25

Loglikelihood

          H0 Value                       -1616.105

Information Criteria

          Akaike (AIC)                    3282.210
          Bayesian (BIC)                  3380.516
          Sample-Size Adjusted BIC        3301.197
            (n* = (n + 2) / 24)



MODEL RESULTS

                                                    Two-Tailed
                    Estimate       S.E.  Est./S.E.    P-Value

 ETA      BY
    EYEC               1.199      0.215      5.568      0.000
    RNAME              0.637      0.115      5.523      0.000
    SOCINT             4.179      1.150      3.632      0.000
    SOCREF             1.153      0.187      6.162      0.000
    QSHOW              1.106      0.244      4.531      0.000
    QQSO               1.814      0.415      4.374      0.000
    Q5                 0.843      0.181      4.664      0.000
    Q9                 2.688      0.537      5.007      0.000

 ETA        ON
    AGE               -0.048      0.012     -3.920      0.000

 Thresholds
    EYEC$1             0.425      0.240      1.772      0.076
    RNAME$1           -0.242      0.171     -1.416      0.157
    RNAME$2            1.328      0.184      7.214      0.000
    SOCINT$1          -0.685      0.785     -0.873      0.382
    SOCINT$2           7.413      1.827      4.059      0.000
    SOCREF$1          -0.289      0.238     -1.216      0.224
    SOCREF$2           1.062      0.244      4.362      0.000
    QSHOW$1           -1.225      0.352     -3.480      0.001
    QSHOW$2            1.659      0.365      4.543      0.000
    QQSO$1            -1.165      0.484     -2.406      0.016
    QQSO$2             2.759      0.602      4.581      0.000
    Q5$1               0.049      0.210      0.233      0.816
    Q5$2               1.402      0.235      5.968      0.000
    Q9$1              -0.605      0.493     -1.228      0.220
    Q9$2               2.933      0.609      4.816      0.000

 Residual Variances
    ETA              999.000      0.000    999.000    999.000

New/Additional Parameters
    V1                 0.033      0.010      3.321      0.001


QUALITY OF NUMERICAL RESULTS

     Condition Number for the Information Matrix              0.945E-05
       (ratio of smallest to largest eigenvalue)


RESULTS IN PROBABILITY SCALE

                    Estimate

 EYEC
    Category 1         0.738
    Category 2         0.262
 RNAME
    Category 1         0.573
    Category 2         0.268
    Category 3         0.159
 SOCINT
    Category 1         0.696
    Category 2         0.272
    Category 3         0.032
 SOCREF
    Category 1         0.629
    Category 2         0.187
    Category 3         0.184
 QSHOW
    Category 1         0.464
    Category 2         0.411
    Category 3         0.125
 QQSO
    Category 1         0.564
    Category 2         0.359
    Category 3         0.076
 Q5
    Category 1         0.657
    Category 2         0.196
    Category 3         0.147
 Q9
    Category 1         0.672
    Category 2         0.231
    Category 3         0.097


BRANT WALD TEST FOR PROPORTIONAL ODDS

                                   Degrees of
                      Chi-Square     Freedom   P-Value

  RNAME
    Overall test           8.244         1      0.004
    AGE                    8.244         1      0.004

  SOCINT
    Overall test           3.796         1      0.051
    AGE                    3.796         1      0.051

  SOCREF
    Overall test           9.567         1      0.002
    AGE                    9.567         1      0.002

  QSHOW
    Overall test          83.116         1      0.000
    AGE                   83.116         1      0.000

  QQSO
    Overall test         602.846         1      0.000
    AGE                  602.846         1      0.000

  Q5
    Overall test         274.873         1      0.000
    AGE                  274.873         1      0.000

  Q9
    Overall test         278.703         1      0.000
    AGE                  278.703         1      0.000


TECHNICAL 1 OUTPUT


     PARAMETER SPECIFICATION


           TAU
              EYEC$1        RNAME$1       RNAME$2       SOCINT$1      SOCINT$2
              ________      ________      ________      ________      ________
                   11            12            13            14            15


           TAU
              SOCREF$1      SOCREF$2      QSHOW$1       QSHOW$2       QQSO$1
              ________      ________      ________      ________      ________
                   16            17            18            19            20


           TAU
              QQSO$2        Q5$1          Q5$2          Q9$1          Q9$2
              ________      ________      ________      ________      ________
                   21            22            23            24            25


           NU
              EYEC          RNAME         SOCINT        SOCREF        QSHOW
              ________      ________      ________      ________      ________
                    0             0             0             0             0


           NU
              QQSO          Q5            Q9            AGE
              ________      ________      ________      ________
                    0             0             0             0


           LAMBDA
              ETA           AGE
              ________      ________
 EYEC               1             0
 RNAME              2             0
 SOCINT             3             0
 SOCREF             4             0
 QSHOW              5             0
 QQSO               6             0
 Q5                 7             0
 Q9                 8             0
 AGE                0             0


           THETA
              EYEC          RNAME         SOCINT        SOCREF        QSHOW
              ________      ________      ________      ________      ________
 EYEC               0
 RNAME              0             0
 SOCINT             0             0             0
 SOCREF             0             0             0             0
 QSHOW              0             0             0             0             0
 QQSO               0             0             0             0             0
 Q5                 0             0             0             0             0
 Q9                 0             0             0             0             0
 AGE                0             0             0             0             0


           THETA
              QQSO          Q5            Q9            AGE
              ________      ________      ________      ________
 QQSO               0
 Q5                 0             0
 Q9                 0             0             0
 AGE                0             0             0             0


           ALPHA
              ETA           AGE
              ________      ________
                    0             0


           BETA
              ETA           AGE
              ________      ________
 ETA                0             9
 AGE                0             0


           PSI
              ETA           AGE
              ________      ________
 ETA               10
 AGE                0             0


     PARAMETER SPECIFICATION FOR THE ADDITIONAL PARAMETERS


           NEW/ADDITIONAL PARAMETERS
              V1
              ________
                   26


     STARTING VALUES


           TAU
              EYEC$1        RNAME$1       RNAME$2       SOCINT$1      SOCINT$2
              ________      ________      ________      ________      ________
                0.992         0.272         1.642         0.762         3.332


           TAU
              SOCREF$1      SOCREF$2      QSHOW$1       QSHOW$2       QQSO$1
              ________      ________      ________      ________      ________
                0.495         1.454         0.165         2.134         0.580


           TAU
              QQSO$2        Q5$1          Q5$2          Q9$1          Q9$2
              ________      ________      ________      ________      ________
                2.578         0.434         1.586         0.361         2.031


           NU
              EYEC          RNAME         SOCINT        SOCREF        QSHOW
              ________      ________      ________      ________      ________
                0.000         0.000         0.000         0.000         0.000


           NU
              QQSO          Q5            Q9            AGE
              ________      ________      ________      ________
                0.000         0.000         0.000         0.000


           LAMBDA
              ETA           AGE
              ________      ________
 EYEC           1.000         0.000
 RNAME          1.000         0.000
 SOCINT         1.000         0.000
 SOCREF         1.000         0.000
 QSHOW          1.000         0.000
 QQSO           1.000         0.000
 Q5             1.000         0.000
 Q9             1.000         0.000
 AGE            0.000         1.000


           THETA
              EYEC          RNAME         SOCINT        SOCREF        QSHOW
              ________      ________      ________      ________      ________
 EYEC           1.000
 RNAME          0.000         1.000
 SOCINT         0.000         0.000         1.000
 SOCREF         0.000         0.000         0.000         1.000
 QSHOW          0.000         0.000         0.000         0.000         1.000
 QQSO           0.000         0.000         0.000         0.000         0.000
 Q5             0.000         0.000         0.000         0.000         0.000
 Q9             0.000         0.000         0.000         0.000         0.000
 AGE            0.000         0.000         0.000         0.000         0.000


           THETA
              QQSO          Q5            Q9            AGE
              ________      ________      ________      ________
 QQSO           1.000
 Q5             0.000         1.000
 Q9             0.000         0.000         1.000
 AGE            0.000         0.000         0.000         0.000


           ALPHA
              ETA           AGE
              ________      ________
                0.000         0.000


           BETA
              ETA           AGE
              ________      ________
 ETA            0.000         0.000
 AGE            0.000         0.000


           PSI
              ETA           AGE
              ________      ________
 ETA            0.050
 AGE            0.000        63.427


     STARTING VALUES FOR THE ADDITIONAL PARAMETERS


           NEW/ADDITIONAL PARAMETERS
              V1
              ________
                0.000


     Beginning Time:  21:44:25
        Ending Time:  21:45:29
       Elapsed Time:  00:01:04



MUTHEN & MUTHEN
3463 Stoner Ave.
Los Angeles, CA  90066

Tel: (310) 391-9971
Fax: (310) 391-8971
Web: www.StatModel.com
Support: Support@StatModel.com

Copyright (c) 1998-2021 Muthen & Muthen
