Mplus.VERSION.8.6
MUTHEN & MUTHEN
06/17/2021  11:25 AM

INPUT INSTRUCTIONS

  TITLE: Measurement Invariance Model for SENS
  DATA: FILE = C:/Users/kdono/OneDrive/Documents/mnlfa_mplus_dir/calibration.dat;
  VARIABLE:
  NAMES = ID MOTOR SENS QREPB Q19 Q16 GNUM AGE;
  MISSING=.;
  !
  !
  !
  !
  USEVARIABLES= MOTOR SENS QREPB Q19 Q16 GNUM AGE ;
  !
  CATEGORICAL= MOTOR SENS QREPB Q19 Q16 ;
  !
  CONSTRAINT= GNUM AGE ;
  ANALYSIS: ESTIMATOR=ML;ALGORITHM=INTEGRATION;INTEGRATION=MONTECARLO;PROCESSORS=4;
  MODEL: [ETA@0]; ETA@1;
  ETA BY MOTOR*(l1);
  ETA BY SENS*(l2);
  ETA BY QREPB*(l3);
  ETA BY Q19*(l4);
  ETA BY Q16*(l5);
  SENS on GNUM AGE;
  MODEL CONSTRAINT: new(
  l2_00*1
  l2_1*0
  l2_2*0
  );
  l2=l2_00
  +l2_1*GNUM
  +l2_2*AGE
  ;
  OUTPUT: tech1;



INPUT READING TERMINATED NORMALLY



Measurement Invariance Model for SENS

SUMMARY OF ANALYSIS

Number of groups                                                 1
Number of observations                                         377

Number of dependent variables                                    5
Number of independent variables                                  2
Number of continuous latent variables                            1

Observed dependent variables

  Binary and ordered categorical (ordinal)
   MOTOR       SENS        QREPB       Q19         Q16

Observed independent variables
   GNUM        AGE

Continuous latent variables
   ETA


Estimator                                                       ML
Information matrix                                        OBSERVED
Optimization Specifications for the Quasi-Newton Algorithm for
Continuous Outcomes
  Maximum number of iterations                                 100
  Convergence criterion                                  0.100D-05
Optimization Specifications for the EM Algorithm
  Maximum number of iterations                                 500
  Convergence criteria
    Loglikelihood change                                 0.100D-02
    Relative loglikelihood change                        0.100D-05
    Derivative                                           0.100D-02
Optimization Specifications for the M step of the EM Algorithm for
Categorical Latent variables
  Number of M step iterations                                    1
  M step convergence criterion                           0.100D-02
  Basis for M step termination                           ITERATION
Optimization Specifications for the M step of the EM Algorithm for
Censored, Binary or Ordered Categorical (Ordinal), Unordered
Categorical (Nominal) and Count Outcomes
  Number of M step iterations                                    1
  M step convergence criterion                           0.100D-02
  Basis for M step termination                           ITERATION
  Maximum value for logit thresholds                            15
  Minimum value for logit thresholds                           -15
  Minimum expected cell size for chi-square              0.100D-01
Maximum number of iterations for H1                           2000
Convergence criterion for H1                             0.100D-03
Optimization algorithm                                         EMA
Integration Specifications
  Type                                                  MONTECARLO
  Number of integration points                                1000
  Dimensions of numerical integration                            1
  Adaptive quadrature                                           ON
  Monte Carlo integration seed                                   0
Link                                                         LOGIT
Cholesky                                                        ON

Input data file(s)
  C:/Users/kdono/OneDrive/Documents/mnlfa_mplus_dir/calibration.dat
Input data format  FREE


SUMMARY OF DATA

     Number of missing data patterns             4
     Number of y missing data patterns           0
     Number of u missing data patterns           4


COVARIANCE COVERAGE OF DATA

Minimum covariance coverage value   0.100


     PROPORTION OF DATA PRESENT FOR U


           Covariance Coverage
              MOTOR         SENS          QREPB         Q19           Q16
              ________      ________      ________      ________      ________
 MOTOR          1.000
 SENS           0.997         0.997
 QREPB          0.432         0.432         0.432
 Q19            0.562         0.560         0.000         0.562
 Q16            0.568         0.565         0.000         0.562         0.568


UNIVARIATE PROPORTIONS AND COUNTS FOR CATEGORICAL VARIABLES

    MOTOR
      Category 1    0.841          317.000
      Category 2    0.069           26.000
      Category 3    0.090           34.000
    SENS
      Category 1    0.854          321.000
      Category 2    0.074           28.000
      Category 3    0.072           27.000
    QREPB
      Category 1    0.620          101.000
      Category 2    0.301           49.000
      Category 3    0.080           13.000
    Q19
      Category 1    0.910          193.000
      Category 2    0.085           18.000
      Category 3    0.005            1.000
    Q16
      Category 1    0.850          182.000
      Category 2    0.117           25.000
      Category 3    0.033            7.000



UNIVARIATE SAMPLE STATISTICS


     UNIVARIATE HIGHER-ORDER MOMENT DESCRIPTIVE STATISTICS

         Variable/         Mean/     Skewness/   Minimum/ % with                Percentiles
        Sample Size      Variance    Kurtosis    Maximum  Min/Max      20%/60%    40%/80%    Median

     GNUM                  0.422       0.317       0.000   57.82%       0.000      0.000      0.000
             377.000       0.244      -1.900       1.000   42.18%       1.000      1.000
     AGE                  18.286       0.693       5.800    0.53%       8.000     12.500     13.200
             377.000     103.588      -0.442      44.900    0.27%      23.900     24.900


THE MODEL ESTIMATION TERMINATED NORMALLY

  ERROR OCCURRED IN THE BRANT WALD TEST FOR PROPORTIONAL ODDS FOR Q19.

  ERROR OCCURRED IN THE BRANT WALD TEST FOR PROPORTIONAL ODDS FOR Q16.



MODEL FIT INFORMATION

Number of Free Parameters                       19

Loglikelihood

          H0 Value                        -691.360

Information Criteria

          Akaike (AIC)                    1420.719
          Bayesian (BIC)                  1495.432
          Sample-Size Adjusted BIC        1435.149
            (n* = (n + 2) / 24)



MODEL RESULTS

                                                    Two-Tailed
                    Estimate       S.E.  Est./S.E.    P-Value

 ETA      BY
    MOTOR              0.420      0.211      1.989      0.047
    SENS             999.000      0.000    999.000    999.000
    QREPB              1.059      0.402      2.636      0.008
    Q19                0.823      0.343      2.399      0.016
    Q16                0.936      0.305      3.065      0.002

 SENS       ON
    GNUM              -0.083      1.163     -0.071      0.943
    AGE                0.317      0.170      1.864      0.062

 Means
    ETA                0.000      0.000    999.000    999.000

 Thresholds
    MOTOR$1            1.723      0.155     11.108      0.000
    MOTOR$2            2.382      0.194     12.263      0.000
    SENS$1            13.810      6.871      2.010      0.044
    SENS$2            16.302      7.876      2.070      0.038
    QREPB$1            0.676      0.223      3.039      0.002
    QREPB$2            2.937      0.433      6.788      0.000
    Q19$1              2.530      0.314      8.051      0.000
    Q19$2              5.629      1.032      5.454      0.000
    Q16$1              1.955      0.257      7.594      0.000
    Q16$2              3.721      0.448      8.315      0.000

 Variances
    ETA                1.000      0.000    999.000    999.000

New/Additional Parameters
    L2_00             12.714      6.580      1.932      0.053
    L2_1               0.239      1.359      0.176      0.860
    L2_2              -0.307      0.170     -1.806      0.071


QUALITY OF NUMERICAL RESULTS

     Condition Number for the Information Matrix              0.163E-06
       (ratio of smallest to largest eigenvalue)


BRANT WALD TEST FOR PROPORTIONAL ODDS

                                   Degrees of
                      Chi-Square     Freedom   P-Value

  MOTOR
    Overall test          11.736         2      0.003
    GNUM                   0.586         1      0.444
    AGE                   11.325         1      0.001

  SENS
    Overall test          20.289         2      0.000
    GNUM                   0.408         1      0.523
    AGE                   19.625         1      0.000

  QREPB
    Overall test         156.671         2      0.000
    GNUM                   0.919         1      0.338
    AGE                  151.091         1      0.000


TECHNICAL 1 OUTPUT


     PARAMETER SPECIFICATION


           TAU
              MOTOR$1       MOTOR$2       SENS$1        SENS$2        QREPB$1
              ________      ________      ________      ________      ________
                    8             9            10            11            12


           TAU
              QREPB$2       Q19$1         Q19$2         Q16$1         Q16$2
              ________      ________      ________      ________      ________
                   13            14            15            16            17


           NU
              MOTOR         SENS          QREPB         Q19           Q16
              ________      ________      ________      ________      ________
                    0             0             0             0             0


           NU
              GNUM          AGE
              ________      ________
                    0             0


           LAMBDA
              ETA           SENS          GNUM          AGE
              ________      ________      ________      ________
 MOTOR              1             0             0             0
 SENS               0             0             0             0
 QREPB              2             0             0             0
 Q19                3             0             0             0
 Q16                4             0             0             0
 GNUM               0             0             0             0
 AGE                0             0             0             0


           THETA
              MOTOR         SENS          QREPB         Q19           Q16
              ________      ________      ________      ________      ________
 MOTOR              0
 SENS               0             0
 QREPB              0             0             0
 Q19                0             0             0             0
 Q16                0             0             0             0             0
 GNUM               0             0             0             0             0
 AGE                0             0             0             0             0


           THETA
              GNUM          AGE
              ________      ________
 GNUM               0
 AGE                0             0


           ALPHA
              ETA           SENS          GNUM          AGE
              ________      ________      ________      ________
                    0             0             0             0


           BETA
              ETA           SENS          GNUM          AGE
              ________      ________      ________      ________
 ETA                0             0             0             0
 SENS               5             0             6             7
 GNUM               0             0             0             0
 AGE                0             0             0             0


           PSI
              ETA           SENS          GNUM          AGE
              ________      ________      ________      ________
 ETA                0
 SENS               0             0
 GNUM               0             0             0
 AGE                0             0             0             0


     PARAMETER SPECIFICATION FOR THE ADDITIONAL PARAMETERS


           NEW/ADDITIONAL PARAMETERS
              L2_00         L2_1          L2_2
              ________      ________      ________
                   18            19            20


     STARTING VALUES


           TAU
              MOTOR$1       MOTOR$2       SENS$1        SENS$2        QREPB$1
              ________      ________      ________      ________      ________
                1.665         2.311         1.764         2.559         0.488


           TAU
              QREPB$2       Q19$1         Q19$2         Q16$1         Q16$2
              ________      ________      ________      ________      ________
                2.446         2.318         5.352         1.738         3.387


           NU
              MOTOR         SENS          QREPB         Q19           Q16
              ________      ________      ________      ________      ________
                0.000         0.000         0.000         0.000         0.000


           NU
              GNUM          AGE
              ________      ________
                0.000         0.000


           LAMBDA
              ETA           SENS          GNUM          AGE
              ________      ________      ________      ________
 MOTOR          1.000         0.000         0.000         0.000
 SENS           0.000         1.000         0.000         0.000
 QREPB          1.000         0.000         0.000         0.000
 Q19            1.000         0.000         0.000         0.000
 Q16            1.000         0.000         0.000         0.000
 GNUM           0.000         0.000         1.000         0.000
 AGE            0.000         0.000         0.000         1.000


           THETA
              MOTOR         SENS          QREPB         Q19           Q16
              ________      ________      ________      ________      ________
 MOTOR          1.000
 SENS           0.000         0.000
 QREPB          0.000         0.000         1.000
 Q19            0.000         0.000         0.000         1.000
 Q16            0.000         0.000         0.000         0.000         1.000
 GNUM           0.000         0.000         0.000         0.000         0.000
 AGE            0.000         0.000         0.000         0.000         0.000


           THETA
              GNUM          AGE
              ________      ________
 GNUM           0.000
 AGE            0.000         0.000


           ALPHA
              ETA           SENS          GNUM          AGE
              ________      ________      ________      ________
                0.000         0.000         0.000         0.000


           BETA
              ETA           SENS          GNUM          AGE
              ________      ________      ________      ________
 ETA            0.000         0.000         0.000         0.000
 SENS           1.000         0.000         0.000         0.000
 GNUM           0.000         0.000         0.000         0.000
 AGE            0.000         0.000         0.000         0.000


           PSI
              ETA           SENS          GNUM          AGE
              ________      ________      ________      ________
 ETA            1.000
 SENS           0.000         1.000
 GNUM           0.000         0.000         0.122
 AGE            0.000         0.000         0.000        51.794


     STARTING VALUES FOR THE ADDITIONAL PARAMETERS


           NEW/ADDITIONAL PARAMETERS
              L2_00         L2_1          L2_2
              ________      ________      ________
                1.000         0.000         0.000


     Beginning Time:  11:25:17
        Ending Time:  11:27:39
       Elapsed Time:  00:02:22



MUTHEN & MUTHEN
3463 Stoner Ave.
Los Angeles, CA  90066

Tel: (310) 391-9971
Fax: (310) 391-8971
Web: www.StatModel.com
Support: Support@StatModel.com

Copyright (c) 1998-2021 Muthen & Muthen
