Mplus.VERSION.8.6
MUTHEN & MUTHEN
06/17/2021  11:46 AM

INPUT INSTRUCTIONS

  TITLE: Scoring Model
  DATA: FILE = C:/Users/kdono/OneDrive/Documents/mnlfa_mplus_dir/full.dat;
  VARIABLE:
  NAMES = ID MOTOR SENS QREPB Q19 Q16 GNUM AGE;
  MISSING=.;
  !
  !
  !
  !
  USEVARIABLES= MOTOR SENS QREPB Q19 Q16 AGE;
  !
  CLUSTER=ID;
  CATEGORICAL= MOTOR SENS QREPB Q19 Q16 ;
  !
  !
  ANALYSIS: ESTIMATOR=ML;ALGORITHM=INTEGRATION;INTEGRATION=MONTECARLO;PROCESSORS=4;
  TYPE=COMPLEX;
  MODEL: [ETA@0];ETA@1;
  ETA BY MOTOR @0.467;
  ETA BY SENS @1.057;
  ETA BY QREPB @2.327;
  ETA BY Q19 @2.299;
  ETA BY Q16 @1.712;
  !NA;
  SENS ON AGE@0.03;
  [MOTOR$1@1.734];
  [MOTOR$2@2.396];
  [SENS$1@2.719];
  [SENS$2@3.617];
  [QREPB$1@0.946];
  [QREPB$2@4.177];
  [Q19$1@3.87];
  [Q19$2@7.664];
  [Q16$1@2.528];
  [Q16$2@4.599];
  !
  !
  !
  !
  !
  !
  OUTPUT: tech1;
  SAVEDATA: SAVE=FSCORES; FILE=scores.dat;



*** WARNING in ANALYSIS command
  Estimator ML is only allowed with TYPE=COMPLEX and replicate weights.
  Default estimator will be used.
*** WARNING
  Data set contains cases with missing on x-variables.
  These cases were not included in the analysis.
  Number of cases with missing on x-variables:  1
   2 WARNING(S) FOUND IN THE INPUT INSTRUCTIONS



Scoring Model

SUMMARY OF ANALYSIS

Number of groups                                                 1
Number of observations                                        1253

Number of dependent variables                                    5
Number of independent variables                                  1
Number of continuous latent variables                            1

Observed dependent variables

  Binary and ordered categorical (ordinal)
   MOTOR       SENS        QREPB       Q19         Q16

Observed independent variables
   AGE

Continuous latent variables
   ETA

Variables with special functions

  Cluster variable      ID

Estimator                                                      MLR
Information matrix                                        OBSERVED
Optimization Specifications for the Quasi-Newton Algorithm for
Continuous Outcomes
  Maximum number of iterations                                 100
  Convergence criterion                                  0.100D-05
Optimization Specifications for the EM Algorithm
  Maximum number of iterations                                 500
  Convergence criteria
    Loglikelihood change                                 0.100D-02
    Relative loglikelihood change                        0.100D-05
    Derivative                                           0.100D-02
Optimization Specifications for the M step of the EM Algorithm for
Categorical Latent variables
  Number of M step iterations                                    1
  M step convergence criterion                           0.100D-02
  Basis for M step termination                           ITERATION
Optimization Specifications for the M step of the EM Algorithm for
Censored, Binary or Ordered Categorical (Ordinal), Unordered
Categorical (Nominal) and Count Outcomes
  Number of M step iterations                                    1
  M step convergence criterion                           0.100D-02
  Basis for M step termination                           ITERATION
  Maximum value for logit thresholds                            15
  Minimum value for logit thresholds                           -15
  Minimum expected cell size for chi-square              0.100D-01
Maximum number of iterations for H1                           2000
Convergence criterion for H1                             0.100D-03
Optimization algorithm                                         EMA
Integration Specifications
  Type                                                  MONTECARLO
  Number of integration points                                1000
  Dimensions of numerical integration                            1
  Adaptive quadrature                                           ON
  Monte Carlo integration seed                                   0
Link                                                         LOGIT
Cholesky                                                        ON

Input data file(s)
  C:/Users/kdono/OneDrive/Documents/mnlfa_mplus_dir/full.dat
Input data format  FREE


SUMMARY OF DATA

     Number of missing data patterns             5
     Number of y missing data patterns           0
     Number of u missing data patterns           5
     Number of clusters                        377



COVARIANCE COVERAGE OF DATA

Minimum covariance coverage value   0.100


     PROPORTION OF DATA PRESENT FOR U


           Covariance Coverage
              MOTOR         SENS          QREPB         Q19           Q16
              ________      ________      ________      ________      ________
 MOTOR          1.000
 SENS           0.998         0.998
 QREPB          0.445         0.445         0.445
 Q19            0.549         0.547         0.000         0.549
 Q16            0.554         0.552         0.000         0.549         0.554


UNIVARIATE PROPORTIONS AND COUNTS FOR CATEGORICAL VARIABLES

    MOTOR
      Category 1    0.858         1075.000
      Category 2    0.053           66.000
      Category 3    0.089          112.000
    SENS
      Category 1    0.852         1066.000
      Category 2    0.070           88.000
      Category 3    0.078           97.000
    QREPB
      Category 1    0.642          358.000
      Category 2    0.285          159.000
      Category 3    0.073           41.000
    Q19
      Category 1    0.900          619.000
      Category 2    0.097           67.000
      Category 3    0.003            2.000
    Q16
      Category 1    0.850          590.000
      Category 2    0.122           85.000
      Category 3    0.027           19.000



UNIVARIATE SAMPLE STATISTICS


     UNIVARIATE HIGHER-ORDER MOMENT DESCRIPTIVE STATISTICS

         Variable/         Mean/     Skewness/   Minimum/ % with                Percentiles
        Sample Size      Variance    Kurtosis    Maximum  Min/Max      20%/60%    40%/80%    Median

     AGE                  18.737       0.715       5.500    0.08%       7.100     12.500     13.400
            1253.000     122.928      -0.389      57.800    0.08%      24.000     25.300


THE MODEL ESTIMATION TERMINATED NORMALLY

  ERROR OCCURRED IN THE BRANT WALD TEST FOR PROPORTIONAL ODDS FOR Q19.

  ERROR OCCURRED IN THE BRANT WALD TEST FOR PROPORTIONAL ODDS FOR Q16.



MODEL FIT INFORMATION

Number of Free Parameters                        0

Loglikelihood

          H0 Value                       -2245.446

Information Criteria

          Akaike (AIC)                    4490.892
          Bayesian (BIC)                  4490.892
          Sample-Size Adjusted BIC        4490.892
            (n* = (n + 2) / 24)



MODEL RESULTS

                                                    Two-Tailed
                    Estimate       S.E.  Est./S.E.    P-Value

 ETA      BY
    MOTOR              0.467      0.000    999.000    999.000
    SENS               1.057      0.000    999.000    999.000
    QREPB              2.327      0.000    999.000    999.000
    Q19                2.299      0.000    999.000    999.000
    Q16                1.712      0.000    999.000    999.000

 SENS       ON
    AGE                0.030      0.000    999.000    999.000

 Means
    ETA                0.000      0.000    999.000    999.000

 Thresholds
    MOTOR$1            1.734      0.000    999.000    999.000
    MOTOR$2            2.396      0.000    999.000    999.000
    SENS$1             2.719      0.000    999.000    999.000
    SENS$2             3.617      0.000    999.000    999.000
    QREPB$1            0.946      0.000    999.000    999.000
    QREPB$2            4.177      0.000    999.000    999.000
    Q19$1              3.870      0.000    999.000    999.000
    Q19$2              7.664      0.000    999.000    999.000
    Q16$1              2.528      0.000    999.000    999.000
    Q16$2              4.599      0.000    999.000    999.000

 Variances
    ETA                1.000      0.000    999.000    999.000


                    Estimate

 MOTOR
    Category 1         0.840
    Category 2         0.069
    Category 3         0.090
 SENS
    Category 1         0.855
    Category 2         0.074
    Category 3         0.071
 QREPB
    Category 1         0.628
    Category 2         0.295
    Category 3         0.077
 Q19
    Category 1         0.909
    Category 2         0.086
    Category 3         0.005
 Q16
    Category 1         0.850
    Category 2         0.117
    Category 3         0.033


LOGISTIC REGRESSION ODDS RATIO RESULTS

                                                95% C.I.
                    Estimate       S.E.  Lower 2.5% Upper 2.5%

 SENS       ON
    AGE                1.030      0.000      1.030      1.030


BRANT WALD TEST FOR PROPORTIONAL ODDS

                                   Degrees of
                      Chi-Square     Freedom   P-Value

  MOTOR
    Overall test          24.801         1      0.000
    AGE                   24.801         1      0.000

  SENS
    Overall test          37.230         1      0.000
    AGE                   37.230         1      0.000

  QREPB
    Overall test         359.294         1      0.000
    AGE                  359.294         1      0.000


TECHNICAL 1 OUTPUT


     PARAMETER SPECIFICATION


           TAU
              MOTOR$1       MOTOR$2       SENS$1        SENS$2        QREPB$1
              ________      ________      ________      ________      ________
                    0             0             0             0             0


           TAU
              QREPB$2       Q19$1         Q19$2         Q16$1         Q16$2
              ________      ________      ________      ________      ________
                    0             0             0             0             0


           NU
              MOTOR         SENS          QREPB         Q19           Q16
              ________      ________      ________      ________      ________
                    0             0             0             0             0


           NU
              AGE
              ________
                    0


           LAMBDA
              ETA           SENS          AGE
              ________      ________      ________
 MOTOR              0             0             0
 SENS               0             0             0
 QREPB              0             0             0
 Q19                0             0             0
 Q16                0             0             0
 AGE                0             0             0


           THETA
              MOTOR         SENS          QREPB         Q19           Q16
              ________      ________      ________      ________      ________
 MOTOR              0
 SENS               0             0
 QREPB              0             0             0
 Q19                0             0             0             0
 Q16                0             0             0             0             0
 AGE                0             0             0             0             0


           THETA
              AGE
              ________
 AGE                0


           ALPHA
              ETA           SENS          AGE
              ________      ________      ________
                    0             0             0


           BETA
              ETA           SENS          AGE
              ________      ________      ________
 ETA                0             0             0
 SENS               0             0             0
 AGE                0             0             0


           PSI
              ETA           SENS          AGE
              ________      ________      ________
 ETA                0
 SENS               0             0
 AGE                0             0             0


     STARTING VALUES


           TAU
              MOTOR$1       MOTOR$2       SENS$1        SENS$2        QREPB$1
              ________      ________      ________      ________      ________
                1.734         2.396         2.719         3.617         0.946


           TAU
              QREPB$2       Q19$1         Q19$2         Q16$1         Q16$2
              ________      ________      ________      ________      ________
                4.177         3.870         7.664         2.528         4.599


           NU
              MOTOR         SENS          QREPB         Q19           Q16
              ________      ________      ________      ________      ________
                0.000         0.000         0.000         0.000         0.000


           NU
              AGE
              ________
                0.000


           LAMBDA
              ETA           SENS          AGE
              ________      ________      ________
 MOTOR          0.467         0.000         0.000
 SENS           0.000         1.000         0.000
 QREPB          2.327         0.000         0.000
 Q19            2.299         0.000         0.000
 Q16            1.712         0.000         0.000
 AGE            0.000         0.000         1.000


           THETA
              MOTOR         SENS          QREPB         Q19           Q16
              ________      ________      ________      ________      ________
 MOTOR          1.000
 SENS           0.000         0.000
 QREPB          0.000         0.000         1.000
 Q19            0.000         0.000         0.000         1.000
 Q16            0.000         0.000         0.000         0.000         1.000
 AGE            0.000         0.000         0.000         0.000         0.000


           THETA
              AGE
              ________
 AGE            0.000


           ALPHA
              ETA           SENS          AGE
              ________      ________      ________
                0.000         0.000         0.000


           BETA
              ETA           SENS          AGE
              ________      ________      ________
 ETA            0.000         0.000         0.000
 SENS           1.057         0.000         0.030
 AGE            0.000         0.000         0.000


           PSI
              ETA           SENS          AGE
              ________      ________      ________
 ETA            1.000
 SENS           0.000         1.000
 AGE            0.000         0.000        61.464


SAMPLE STATISTICS FOR ESTIMATED FACTOR SCORES


     SAMPLE STATISTICS


           Means
              ETA           ETA_SE
              ________      ________
               -0.007         0.762


           Covariances
              ETA           ETA_SE
              ________      ________
 ETA            0.420
 ETA_SE        -0.049         0.008


           Correlations
              ETA           ETA_SE
              ________      ________
 ETA            1.000
 ETA_SE        -0.824         1.000


SAVEDATA INFORMATION


  Save file
    scores.dat

  Order and format of variables

    MOTOR          F10.3
    SENS           F10.3
    QREPB          F10.3
    Q19            F10.3
    Q16            F10.3
    AGE            F10.3
    ETA            F10.3
    ETA_SE         F10.3
    ID             I4

  Save file format
    8F10.3 I4

  Save file record length    10000

  Save missing symbol        *


     Beginning Time:  11:46:09
        Ending Time:  11:47:15
       Elapsed Time:  00:01:06



MUTHEN & MUTHEN
3463 Stoner Ave.
Los Angeles, CA  90066

Tel: (310) 391-9971
Fax: (310) 391-8971
Web: www.StatModel.com
Support: Support@StatModel.com

Copyright (c) 1998-2021 Muthen & Muthen
