Mplus.VERSION.8.6
MUTHEN & MUTHEN
06/17/2021  11:27 AM

INPUT INSTRUCTIONS

  TITLE: Variance Impact Model
  DATA: FILE = C:/Users/kdono/OneDrive/Documents/mnlfa_mplus_dir/calibration.dat;
  VARIABLE:
  NAMES = ID MOTOR SENS QREPB Q19 Q16 GNUM AGE;
  MISSING=.;
  !
  !
  !
  !
  USEVARIABLES= MOTOR SENS QREPB Q19 Q16 AGE ;
  !
  CATEGORICAL= MOTOR SENS QREPB Q19 Q16 ;
  !
  CONSTRAINT= AGE ;
  ANALYSIS: ESTIMATOR=ML;ALGORITHM=INTEGRATION;INTEGRATION=MONTECARLO;PROCESSORS=4;
  MODEL: ETA ON AGE ; ETA*(veta);
  ETA BY MOTOR*(l1);
  ETA BY SENS*(l2);
  ETA BY QREPB*(l3);
  ETA BY Q19*(l4);
  ETA BY Q16*(l5);
  MODEL CONSTRAINT: new(
  v1*0
  );
  veta=1*exp(
  v1*AGE);
  OUTPUT: tech1;



INPUT READING TERMINATED NORMALLY



Variance Impact Model

SUMMARY OF ANALYSIS

Number of groups                                                 1
Number of observations                                         377

Number of dependent variables                                    5
Number of independent variables                                  1
Number of continuous latent variables                            1

Observed dependent variables

  Binary and ordered categorical (ordinal)
   MOTOR       SENS        QREPB       Q19         Q16

Observed independent variables
   AGE

Continuous latent variables
   ETA


Estimator                                                       ML
Information matrix                                        OBSERVED
Optimization Specifications for the Quasi-Newton Algorithm for
Continuous Outcomes
  Maximum number of iterations                                 100
  Convergence criterion                                  0.100D-05
Optimization Specifications for the EM Algorithm
  Maximum number of iterations                                 500
  Convergence criteria
    Loglikelihood change                                 0.100D-02
    Relative loglikelihood change                        0.100D-05
    Derivative                                           0.100D-02
Optimization Specifications for the M step of the EM Algorithm for
Categorical Latent variables
  Number of M step iterations                                    1
  M step convergence criterion                           0.100D-02
  Basis for M step termination                           ITERATION
Optimization Specifications for the M step of the EM Algorithm for
Censored, Binary or Ordered Categorical (Ordinal), Unordered
Categorical (Nominal) and Count Outcomes
  Number of M step iterations                                    1
  M step convergence criterion                           0.100D-02
  Basis for M step termination                           ITERATION
  Maximum value for logit thresholds                            15
  Minimum value for logit thresholds                           -15
  Minimum expected cell size for chi-square              0.100D-01
Maximum number of iterations for H1                           2000
Convergence criterion for H1                             0.100D-03
Optimization algorithm                                         EMA
Integration Specifications
  Type                                                  MONTECARLO
  Number of integration points                                1000
  Dimensions of numerical integration                            1
  Adaptive quadrature                                           ON
  Monte Carlo integration seed                                   0
Link                                                         LOGIT
Cholesky                                                        ON

Input data file(s)
  C:/Users/kdono/OneDrive/Documents/mnlfa_mplus_dir/calibration.dat
Input data format  FREE


SUMMARY OF DATA

     Number of missing data patterns             4
     Number of y missing data patterns           0
     Number of u missing data patterns           4


COVARIANCE COVERAGE OF DATA

Minimum covariance coverage value   0.100


     PROPORTION OF DATA PRESENT FOR U


           Covariance Coverage
              MOTOR         SENS          QREPB         Q19           Q16
              ________      ________      ________      ________      ________
 MOTOR          1.000
 SENS           0.997         0.997
 QREPB          0.432         0.432         0.432
 Q19            0.562         0.560         0.000         0.562
 Q16            0.568         0.565         0.000         0.562         0.568


UNIVARIATE PROPORTIONS AND COUNTS FOR CATEGORICAL VARIABLES

    MOTOR
      Category 1    0.841          317.000
      Category 2    0.069           26.000
      Category 3    0.090           34.000
    SENS
      Category 1    0.854          321.000
      Category 2    0.074           28.000
      Category 3    0.072           27.000
    QREPB
      Category 1    0.620          101.000
      Category 2    0.301           49.000
      Category 3    0.080           13.000
    Q19
      Category 1    0.910          193.000
      Category 2    0.085           18.000
      Category 3    0.005            1.000
    Q16
      Category 1    0.850          182.000
      Category 2    0.117           25.000
      Category 3    0.033            7.000



UNIVARIATE SAMPLE STATISTICS


     UNIVARIATE HIGHER-ORDER MOMENT DESCRIPTIVE STATISTICS

         Variable/         Mean/     Skewness/   Minimum/ % with                Percentiles
        Sample Size      Variance    Kurtosis    Maximum  Min/Max      20%/60%    40%/80%    Median

     AGE                  18.286       0.693       5.800    0.53%       8.000     12.500     13.200
             377.000     103.588      -0.442      44.900    0.27%      23.900     24.900


THE MODEL ESTIMATION TERMINATED NORMALLY

                    Estimate

 MOTOR
    Category 1         0.846
    Category 2         0.067
    Category 3         0.087
 SENS
    Category 1         0.870
    Category 2         0.068
    Category 3         0.061
 QREPB
    Category 1         0.723
    Category 2         0.221
    Category 3         0.056
 Q19
    Category 1         0.914
    Category 2         0.082
    Category 3         0.004
 Q16
    Category 1         0.847
    Category 2         0.125
    Category 3         0.028


BRANT WALD TEST FOR PROPORTIONAL ODDS

                                   Degrees of
                      Chi-Square     Freedom   P-Value

  MOTOR
    Overall test          11.239         1      0.001
    AGE                   11.239         1      0.001

  SENS
    Overall test          19.800         1      0.000
    AGE                   19.800         1      0.000

  QREPB
    Overall test         155.295         1      0.000
    AGE                  155.295         1      0.000


TECHNICAL 1 OUTPUT


     PARAMETER SPECIFICATION


           TAU
              MOTOR$1       MOTOR$2       SENS$1        SENS$2        QREPB$1
              ________      ________      ________      ________      ________
                    8             9            10            11            12


           TAU
              QREPB$2       Q19$1         Q19$2         Q16$1         Q16$2
              ________      ________      ________      ________      ________
                   13            14            15            16            17


           NU
              MOTOR         SENS          QREPB         Q19           Q16
              ________      ________      ________      ________      ________
                    0             0             0             0             0


           NU
              AGE
              ________
                    0


           LAMBDA
              ETA           AGE
              ________      ________
 MOTOR              1             0
 SENS               2             0
 QREPB              3             0
 Q19                4             0
 Q16                5             0
 AGE                0             0


           THETA
              MOTOR         SENS          QREPB         Q19           Q16
              ________      ________      ________      ________      ________
 MOTOR              0
 SENS               0             0
 QREPB              0             0             0
 Q19                0             0             0             0
 Q16                0             0             0             0             0
 AGE                0             0             0             0             0


           THETA
              AGE
              ________
 AGE                0


           ALPHA
              ETA           AGE
              ________      ________
                    0             0


           BETA
              ETA           AGE
              ________      ________
 ETA                0             6
 AGE                0             0


           PSI
              ETA           AGE
              ________      ________
 ETA                7
 AGE                0             0


     PARAMETER SPECIFICATION FOR THE ADDITIONAL PARAMETERS


           NEW/ADDITIONAL PARAMETERS
              V1
              ________
                   18


     STARTING VALUES


           TAU
              MOTOR$1       MOTOR$2       SENS$1        SENS$2        QREPB$1
              ________      ________      ________      ________      ________
                1.665         2.311         1.764         2.559         0.488


           TAU
              QREPB$2       Q19$1         Q19$2         Q16$1         Q16$2
              ________      ________      ________      ________      ________
                2.446         2.318         5.352         1.738         3.387


           NU
              MOTOR         SENS          QREPB         Q19           Q16
              ________      ________      ________      ________      ________
                0.000         0.000         0.000         0.000         0.000


           NU
              AGE
              ________
                0.000


           LAMBDA
              ETA           AGE
              ________      ________
 MOTOR          1.000         0.000
 SENS           1.000         0.000
 QREPB          1.000         0.000
 Q19            1.000         0.000
 Q16            1.000         0.000
 AGE            0.000         1.000


           THETA
              MOTOR         SENS          QREPB         Q19           Q16
              ________      ________      ________      ________      ________
 MOTOR          1.000
 SENS           0.000         1.000
 QREPB          0.000         0.000         1.000
 Q19            0.000         0.000         0.000         1.000
 Q16            0.000         0.000         0.000         0.000         1.000
 AGE            0.000         0.000         0.000         0.000         0.000


           THETA
              AGE
              ________
 AGE            0.000


           ALPHA
              ETA           AGE
              ________      ________
                0.000         0.000


           BETA
              ETA           AGE
              ________      ________
 ETA            0.000         0.000
 AGE            0.000         0.000


           PSI
              ETA           AGE
              ________      ________
 ETA            0.050
 AGE            0.000        51.794


     STARTING VALUES FOR THE ADDITIONAL PARAMETERS


           NEW/ADDITIONAL PARAMETERS
              V1
              ________
                0.000


     Beginning Time:  11:27:40
        Ending Time:  11:40:47
       Elapsed Time:  00:13:07



MUTHEN & MUTHEN
3463 Stoner Ave.
Los Angeles, CA  90066

Tel: (310) 391-9971
Fax: (310) 391-8971
Web: www.StatModel.com
Support: Support@StatModel.com

Copyright (c) 1998-2021 Muthen & Muthen
