Mplus VERSION 8.6
MUTHEN & MUTHEN
08/21/2021  10:28 PM

INPUT INSTRUCTIONS

  TITLE: Measurement Invariance Model for Q19
  DATA: FILE =
   "C:/Users/joshu/Desktop/GRA/Burrows/Sex_Differences/aMNLFA_Update/calibration.dat";
  VARIABLE:
  NAMES = ID VNUM MOTOR SENS QREPB Q19 Q16 GNUM AGE;
  MISSING=.;
  !
  !
  !
  !
  USEVARIABLES= MOTOR SENS QREPB Q19 Q16 GNUM AGE ;
  AUXILIARY= ID VNUM ;
  CATEGORICAL= MOTOR SENS QREPB Q19 Q16 ;
  !
  CONSTRAINT= GNUM AGE ;
  ANALYSIS: ESTIMATOR=ML;ALGORITHM=INTEGRATION;INTEGRATION=MONTECARLO;PROCESSORS=4;
  MODEL: [ETA@0]; ETA@1;
  ETA BY MOTOR*(l1);
  ETA BY SENS*(l2);
  ETA BY QREPB*(l3);
  ETA BY Q19*(l4);
  ETA BY Q16*(l5);
  Q19 on GNUM AGE;
  MODEL CONSTRAINT: new(
  l4_00*1
  l4_1*0
  l4_2*0
  );
  l4=l4_00
  +l4_1*GNUM
  +l4_2*AGE
  ;
  OUTPUT: tech1;



INPUT READING TERMINATED NORMALLY



Measurement Invariance Model for Q19

SUMMARY OF ANALYSIS

Number of groups                                                 1
Number of observations                                         377

Number of dependent variables                                    5
Number of independent variables                                  2
Number of continuous latent variables                            1

Observed dependent variables

  Binary and ordered categorical (ordinal)
   MOTOR       SENS        QREPB       Q19         Q16

Observed independent variables
   GNUM        AGE

Observed auxiliary variables
   ID          VNUM

Continuous latent variables
   ETA


Estimator                                                       ML
Information matrix                                        OBSERVED
Optimization Specifications for the Quasi-Newton Algorithm for
Continuous Outcomes
  Maximum number of iterations                                 100
  Convergence criterion                                  0.100D-05
Optimization Specifications for the EM Algorithm
  Maximum number of iterations                                 500
  Convergence criteria
    Loglikelihood change                                 0.100D-02
    Relative loglikelihood change                        0.100D-05
    Derivative                                           0.100D-02
Optimization Specifications for the M step of the EM Algorithm for
Categorical Latent variables
  Number of M step iterations                                    1
  M step convergence criterion                           0.100D-02
  Basis for M step termination                           ITERATION
Optimization Specifications for the M step of the EM Algorithm for
Censored, Binary or Ordered Categorical (Ordinal), Unordered
Categorical (Nominal) and Count Outcomes
  Number of M step iterations                                    1
  M step convergence criterion                           0.100D-02
  Basis for M step termination                           ITERATION
  Maximum value for logit thresholds                            15
  Minimum value for logit thresholds                           -15
  Minimum expected cell size for chi-square              0.100D-01
Maximum number of iterations for H1                           2000
Convergence criterion for H1                             0.100D-03
Optimization algorithm                                         EMA
Integration Specifications
  Type                                                  MONTECARLO
  Number of integration points                                1000
  Dimensions of numerical integration                            1
  Adaptive quadrature                                           ON
  Monte Carlo integration seed                                   0
Link                                                         LOGIT
Cholesky                                                        ON

Input data file(s)
  C:/Users/joshu/Desktop/GRA/Burrows/Sex_Differences/aMNLFA_Update/calibration.d
Input data format  FREE


SUMMARY OF DATA

     Number of missing data patterns             5
     Number of y missing data patterns           0
     Number of u missing data patterns           5


COVARIANCE COVERAGE OF DATA

Minimum covariance coverage value   0.100


     PROPORTION OF DATA PRESENT FOR U


           Covariance Coverage
              MOTOR         SENS          QREPB         Q19           Q16
              ________      ________      ________      ________      ________
 MOTOR          1.000
 SENS           0.997         0.997
 QREPB          0.438         0.438         0.438
 Q19            0.557         0.554         0.000         0.557
 Q16            0.560         0.557         0.000         0.557         0.560


UNIVARIATE PROPORTIONS AND COUNTS FOR CATEGORICAL VARIABLES

    MOTOR
      Category 1    0.873          329.000
      Category 2    0.048           18.000
      Category 3    0.080           30.000
    SENS
      Category 1    0.870          327.000
      Category 2    0.072           27.000
      Category 3    0.059           22.000
    QREPB
      Category 1    0.673          111.000
      Category 2    0.285           47.000
      Category 3    0.042            7.000
    Q19
      Category 1    0.910          191.000
      Category 2    0.090           19.000
    Q16
      Category 1    0.867          183.000
      Category 2    0.114           24.000
      Category 3    0.019            4.000



UNIVARIATE SAMPLE STATISTICS


     UNIVARIATE HIGHER-ORDER MOMENT DESCRIPTIVE STATISTICS

         Variable/         Mean/     Skewness/   Minimum/ % with                Percentiles
        Sample Size      Variance    Kurtosis    Maximum  Min/Max      20%/60%    40%/80%    Median

     GNUM                  0.422       0.317       0.000   57.82%       0.000      0.000      0.000
             377.000       0.244      -1.900       1.000   42.18%       1.000      1.000
     AGE                  19.030       0.786       5.600    0.27%       8.400     12.500     13.100
             377.000     126.703      -0.289      51.900    0.27%      24.100     25.600


THE MODEL ESTIMATION TERMINATED NORMALLY

  ERROR OCCURRED IN THE BRANT WALD TEST FOR PROPORTIONAL ODDS FOR Q16.



MODEL FIT INFORMATION

Number of Free Parameters                       18

Loglikelihood

          H0 Value                        -614.613

Information Criteria

          Akaike (AIC)                    1265.227
          Bayesian (BIC)                  1336.007
          Sample-Size Adjusted BIC        1278.897
            (n* = (n + 2) / 24)



MODEL RESULTS

                                                    Two-Tailed
                    Estimate       S.E.  Est./S.E.    P-Value

 ETA      BY
    MOTOR              0.893      0.277      3.219      0.001
    SENS               4.340      3.368      1.289      0.197
    QREPB              0.883      0.338      2.613      0.009
    Q19              999.000      0.000    999.000    999.000
    Q16                0.438      0.296      1.481      0.139

 Q19        ON
    GNUM               0.218      1.135      0.192      0.848
    AGE               -0.032      0.199     -0.162      0.872

 Means
    ETA                0.000      0.000    999.000    999.000

 Thresholds
    MOTOR$1            2.190      0.228      9.591      0.000
    MOTOR$2            2.753      0.267     10.327      0.000
    SENS$1             5.321      3.555      1.497      0.134
    SENS$2             7.409      4.918      1.507      0.132
    QREPB$1            0.918      0.223      4.124      0.000
    QREPB$2            3.517      0.470      7.488      0.000
    Q19$1              2.868      2.571      1.115      0.265
    Q16$1              1.918      0.220      8.735      0.000
    Q16$2              4.012      0.516      7.769      0.000

 Variances
    ETA                1.000      0.000    999.000    999.000

New/Additional Parameters
    L4_00              3.391      2.995      1.132      0.258
    L4_1              -1.382      1.334     -1.037      0.300
    L4_2              -0.117      0.217     -0.538      0.590


QUALITY OF NUMERICAL RESULTS

     Condition Number for the Information Matrix              0.294E-05
       (ratio of smallest to largest eigenvalue)


RESULTS IN PROBABILITY SCALE

                    Estimate

 MOTOR
    Category 1         0.872
    Category 2         0.048
    Category 3         0.080
 SENS
    Category 1         0.871
    Category 2         0.071
    Category 3         0.057
 QREPB
    Category 1         0.688
    Category 2         0.272
    Category 3         0.040
 Q19
    Category 1         0.961
    Category 2         0.039
 Q16
    Category 1         0.864
    Category 2         0.116
    Category 3         0.019


LOGISTIC REGRESSION ODDS RATIO RESULTS

                                                95% C.I.
                    Estimate       S.E.  Lower 2.5% Upper 2.5%

 Q19        ON
    GNUM               1.244      1.412      0.134     11.510
    AGE                0.968      0.192      0.656      1.430


BRANT WALD TEST FOR PROPORTIONAL ODDS

                                   Degrees of
                      Chi-Square     Freedom   P-Value

  MOTOR
    Overall test           3.857         2      0.145
    GNUM                   0.202         1      0.653
    AGE                    3.630         1      0.057

  SENS
    Overall test          15.948         2      0.000
    GNUM                   4.265         1      0.039
    AGE                   11.851         1      0.001

  QREPB
    Overall test         110.577         2      0.000
    GNUM                   1.839         1      0.175
    AGE                  102.082         1      0.000


TECHNICAL 1 OUTPUT


     PARAMETER SPECIFICATION


           TAU
              MOTOR$1       MOTOR$2       SENS$1        SENS$2        QREPB$1
              ________      ________      ________      ________      ________
                    8             9            10            11            12


           TAU
              QREPB$2       Q19$1         Q16$1         Q16$2
              ________      ________      ________      ________
                   13            14            15            16


           NU
              MOTOR         SENS          QREPB         Q19           Q16
              ________      ________      ________      ________      ________
                    0             0             0             0             0


           NU
              GNUM          AGE
              ________      ________
                    0             0


           LAMBDA
              ETA           Q19           GNUM          AGE
              ________      ________      ________      ________
 MOTOR              1             0             0             0
 SENS               2             0             0             0
 QREPB              3             0             0             0
 Q19                0             0             0             0
 Q16                4             0             0             0
 GNUM               0             0             0             0
 AGE                0             0             0             0


           THETA
              MOTOR         SENS          QREPB         Q19           Q16
              ________      ________      ________      ________      ________
 MOTOR              0
 SENS               0             0
 QREPB              0             0             0
 Q19                0             0             0             0
 Q16                0             0             0             0             0
 GNUM               0             0             0             0             0
 AGE                0             0             0             0             0


           THETA
              GNUM          AGE
              ________      ________
 GNUM               0
 AGE                0             0


           ALPHA
              ETA           Q19           GNUM          AGE
              ________      ________      ________      ________
                    0             0             0             0


           BETA
              ETA           Q19           GNUM          AGE
              ________      ________      ________      ________
 ETA                0             0             0             0
 Q19                5             0             6             7
 GNUM               0             0             0             0
 AGE                0             0             0             0


           PSI
              ETA           Q19           GNUM          AGE
              ________      ________      ________      ________
 ETA                0
 Q19                0             0
 GNUM               0             0             0
 AGE                0             0             0             0


     PARAMETER SPECIFICATION FOR THE ADDITIONAL PARAMETERS


           NEW/ADDITIONAL PARAMETERS
              L4_00         L4_1          L4_2
              ________      ________      ________
                   17            18            19


     STARTING VALUES


           TAU
              MOTOR$1       MOTOR$2       SENS$1        SENS$2        QREPB$1
              ________      ________      ________      ________      ________
                1.925         2.448         1.898         2.778         0.721


           TAU
              QREPB$2       Q19$1         Q16$1         Q16$2
              ________      ________      ________      ________
                3.117         2.308         1.877         3.946


           NU
              MOTOR         SENS          QREPB         Q19           Q16
              ________      ________      ________      ________      ________
                0.000         0.000         0.000         0.000         0.000


           NU
              GNUM          AGE
              ________      ________
                0.000         0.000


           LAMBDA
              ETA           Q19           GNUM          AGE
              ________      ________      ________      ________
 MOTOR          1.000         0.000         0.000         0.000
 SENS           1.000         0.000         0.000         0.000
 QREPB          1.000         0.000         0.000         0.000
 Q19            0.000         1.000         0.000         0.000
 Q16            1.000         0.000         0.000         0.000
 GNUM           0.000         0.000         1.000         0.000
 AGE            0.000         0.000         0.000         1.000


           THETA
              MOTOR         SENS          QREPB         Q19           Q16
              ________      ________      ________      ________      ________
 MOTOR          1.000
 SENS           0.000         1.000
 QREPB          0.000         0.000         1.000
 Q19            0.000         0.000         0.000         0.000
 Q16            0.000         0.000         0.000         0.000         1.000
 GNUM           0.000         0.000         0.000         0.000         0.000
 AGE            0.000         0.000         0.000         0.000         0.000


           THETA
              GNUM          AGE
              ________      ________
 GNUM           0.000
 AGE            0.000         0.000


           ALPHA
              ETA           Q19           GNUM          AGE
              ________      ________      ________      ________
                0.000         0.000         0.000         0.000


           BETA
              ETA           Q19           GNUM          AGE
              ________      ________      ________      ________
 ETA            0.000         0.000         0.000         0.000
 Q19            1.000         0.000         0.000         0.000
 GNUM           0.000         0.000         0.000         0.000
 AGE            0.000         0.000         0.000         0.000


           PSI
              ETA           Q19           GNUM          AGE
              ________      ________      ________      ________
 ETA            1.000
 Q19            0.000         1.000
 GNUM           0.000         0.000         0.122
 AGE            0.000         0.000         0.000        63.352


     STARTING VALUES FOR THE ADDITIONAL PARAMETERS


           NEW/ADDITIONAL PARAMETERS
              L4_00         L4_1          L4_2
              ________      ________      ________
                1.000         0.000         0.000


     Beginning Time:  22:28:10
        Ending Time:  22:28:40
       Elapsed Time:  00:00:30



MUTHEN & MUTHEN
3463 Stoner Ave.
Los Angeles, CA  90066

Tel: (310) 391-9971
Fax: (310) 391-8971
Web: www.StatModel.com
Support: Support@StatModel.com

Copyright (c) 1998-2021 Muthen & Muthen
