Mplus VERSION 8.6
MUTHEN & MUTHEN
08/21/2021  10:44 PM

INPUT INSTRUCTIONS

  TITLE: Round 2 Calibration Model
  DATA: FILE =
   "C:/Users/joshu/Desktop/GRA/Burrows/Sex_Differences/aMNLFA_Update/calibration.dat";
  VARIABLE:
  NAMES = ID VNUM MOTOR SENS QREPB Q19 Q16 GNUM AGE;
  MISSING=.;
  !
  !
  !
  !
  USEVARIABLES= MOTOR SENS QREPB Q19 Q16 GNUM AGE;
  AUXILIARY= ID VNUM ;
  CATEGORICAL= MOTOR SENS QREPB Q19 Q16 ;
  !
  CONSTRAINT= GNUM ;
  ANALYSIS: ESTIMATOR=ML;ALGORITHM=INTEGRATION;INTEGRATION=MONTECARLO;PROCESSORS=4;
  MODEL: [ETA@0];ETA*(veta);
  ETA BY MOTOR*(l_1);
  ETA BY SENS*(l_2);
  ETA BY QREPB*(l_3);
  ETA BY Q19*(l_4);
  ETA BY Q16*(l_5);
  ETA ON AGE;
  !

  !


  QREPB on GNUM;



  !




  Q16 on AGE;
  MODEL CONSTRAINT: new( !
  ! !
  ! !
  l3_0*1   l3_1*0
  ! !
  ! !
  );
  veta=1*exp(
  0);
  ! !;
  ! !;
  l_3=l3_0 +l3_1*GNUM;
  ! !;
  ! !;
  OUTPUT: tech1;



INPUT READING TERMINATED NORMALLY



Round 2 Calibration Model

SUMMARY OF ANALYSIS

Number of groups                                                 1
Number of observations                                         377

Number of dependent variables                                    5
Number of independent variables                                  2
Number of continuous latent variables                            1

Observed dependent variables

  Binary and ordered categorical (ordinal)
   MOTOR       SENS        QREPB       Q19         Q16

Observed independent variables
   GNUM        AGE

Observed auxiliary variables
   ID          VNUM

Continuous latent variables
   ETA


Estimator                                                       ML
Information matrix                                        OBSERVED
Optimization Specifications for the Quasi-Newton Algorithm for
Continuous Outcomes
  Maximum number of iterations                                 100
  Convergence criterion                                  0.100D-05
Optimization Specifications for the EM Algorithm
  Maximum number of iterations                                 500
  Convergence criteria
    Loglikelihood change                                 0.100D-02
    Relative loglikelihood change                        0.100D-05
    Derivative                                           0.100D-02
Optimization Specifications for the M step of the EM Algorithm for
Categorical Latent variables
  Number of M step iterations                                    1
  M step convergence criterion                           0.100D-02
  Basis for M step termination                           ITERATION
Optimization Specifications for the M step of the EM Algorithm for
Censored, Binary or Ordered Categorical (Ordinal), Unordered
Categorical (Nominal) and Count Outcomes
  Number of M step iterations                                    1
  M step convergence criterion                           0.100D-02
  Basis for M step termination                           ITERATION
  Maximum value for logit thresholds                            15
  Minimum value for logit thresholds                           -15
  Minimum expected cell size for chi-square              0.100D-01
Maximum number of iterations for H1                           2000
Convergence criterion for H1                             0.100D-03
Optimization algorithm                                         EMA
Integration Specifications
  Type                                                  MONTECARLO
  Number of integration points                                1000
  Dimensions of numerical integration                            1
  Adaptive quadrature                                           ON
  Monte Carlo integration seed                                   0
Link                                                         LOGIT
Cholesky                                                        ON

Input data file(s)
  C:/Users/joshu/Desktop/GRA/Burrows/Sex_Differences/aMNLFA_Update/calibration.d
Input data format  FREE


SUMMARY OF DATA

     Number of missing data patterns             5
     Number of y missing data patterns           0
     Number of u missing data patterns           5


COVARIANCE COVERAGE OF DATA

Minimum covariance coverage value   0.100


     PROPORTION OF DATA PRESENT FOR U


           Covariance Coverage
              MOTOR         SENS          QREPB         Q19           Q16
              ________      ________      ________      ________      ________
 MOTOR          1.000
 SENS           0.997         0.997
 QREPB          0.438         0.438         0.438
 Q19            0.557         0.554         0.000         0.557
 Q16            0.560         0.557         0.000         0.557         0.560


UNIVARIATE PROPORTIONS AND COUNTS FOR CATEGORICAL VARIABLES

    MOTOR
      Category 1    0.873          329.000
      Category 2    0.048           18.000
      Category 3    0.080           30.000
    SENS
      Category 1    0.870          327.000
      Category 2    0.072           27.000
      Category 3    0.059           22.000
    QREPB
      Category 1    0.673          111.000
      Category 2    0.285           47.000
      Category 3    0.042            7.000
    Q19
      Category 1    0.910          191.000
      Category 2    0.090           19.000
    Q16
      Category 1    0.867          183.000
      Category 2    0.114           24.000
      Category 3    0.019            4.000



UNIVARIATE SAMPLE STATISTICS


     UNIVARIATE HIGHER-ORDER MOMENT DESCRIPTIVE STATISTICS

         Variable/         Mean/     Skewness/   Minimum/ % with                Percentiles
        Sample Size      Variance    Kurtosis    Maximum  Min/Max      20%/60%    40%/80%    Median

     GNUM                  0.422       0.317       0.000   57.82%       0.000      0.000      0.000
             377.000       0.244      -1.900       1.000   42.18%       1.000      1.000
     AGE                  19.030       0.786       5.600    0.27%       8.400     12.500     13.100
             377.000     126.703      -0.289      51.900    0.27%      24.100     25.600


THE MODEL ESTIMATION TERMINATED NORMALLY

  ERROR OCCURRED IN THE BRANT WALD TEST FOR PROPORTIONAL ODDS FOR Q16.



MODEL FIT INFORMATION

Number of Free Parameters                       18

Loglikelihood

          H0 Value                        -591.866

Information Criteria

          Akaike (AIC)                    1219.733
          Bayesian (BIC)                  1290.513
          Sample-Size Adjusted BIC        1233.403
            (n* = (n + 2) / 24)



MODEL RESULTS

                                                    Two-Tailed
                    Estimate       S.E.  Est./S.E.    P-Value

 ETA      BY
    MOTOR              1.094      0.335      3.268      0.001
    SENS               2.837      1.441      1.969      0.049
    QREPB            999.000      0.000    999.000    999.000
    Q19                1.371      0.523      2.622      0.009
    Q16                0.631      0.382      1.651      0.099

 ETA        ON
    AGE                0.016      0.008      2.023      0.043

 QREPB      ON
    GNUM              -2.536      1.235     -2.054      0.040

 Q16        ON
    AGE               -0.507      0.106     -4.778      0.000

 Intercepts
    ETA                0.000      0.000    999.000    999.000

 Thresholds
    MOTOR$1            2.663      0.442      6.023      0.000
    MOTOR$2            3.249      0.485      6.701      0.000
    SENS$1             4.744      1.773      2.675      0.007
    SENS$2             6.253      2.269      2.756      0.006
    QREPB$1            0.617      0.328      1.878      0.060
    QREPB$2            3.365      0.552      6.097      0.000
    Q19$1              3.217      0.627      5.131      0.000
    Q16$1             -2.399      0.826     -2.905      0.004
    Q16$2             -0.002      0.918     -0.003      0.998

 Residual Variances
    ETA                1.000      0.000    999.000    999.000

New/Additional Parameters
    L3_0               0.355      0.351      1.013      0.311
    L3_1               2.072      1.017      2.038      0.042


QUALITY OF NUMERICAL RESULTS

     Condition Number for the Information Matrix              0.362E-07
       (ratio of smallest to largest eigenvalue)


RESULTS IN PROBABILITY SCALE

                    Estimate

 MOTOR
    Category 1         0.871
    Category 2         0.048
    Category 3         0.081
 SENS
    Category 1         0.872
    Category 2         0.070
    Category 3         0.057
 QREPB
    Category 1         0.760
    Category 2         0.216
    Category 3         0.024
 Q19
    Category 1         0.894
    Category 2         0.106
 Q16
    Category 1         0.925
    Category 2         0.065
    Category 3         0.010


LOGISTIC REGRESSION ODDS RATIO RESULTS

                                                95% C.I.
                    Estimate       S.E.  Lower 2.5% Upper 2.5%

 QREPB      ON
    GNUM               0.079      0.098      0.007      0.890

 Q16        ON
    AGE                0.602      0.064      0.489      0.742


BRANT WALD TEST FOR PROPORTIONAL ODDS

                                   Degrees of
                      Chi-Square     Freedom   P-Value

  MOTOR
    Overall test           3.857         2      0.145
    GNUM                   0.202         1      0.653
    AGE                    3.630         1      0.057

  SENS
    Overall test          15.948         2      0.000
    GNUM                   4.265         1      0.039
    AGE                   11.851         1      0.001

  QREPB
    Overall test         110.577         2      0.000
    GNUM                   1.839         1      0.175
    AGE                  102.082         1      0.000


TECHNICAL 1 OUTPUT


     PARAMETER SPECIFICATION


           TAU
              MOTOR$1       MOTOR$2       SENS$1        SENS$2        QREPB$1
              ________      ________      ________      ________      ________
                   10            11            12            13            14


           TAU
              QREPB$2       Q19$1         Q16$1         Q16$2
              ________      ________      ________      ________
                   15            16            17            18


           NU
              MOTOR         SENS          QREPB         Q19           Q16
              ________      ________      ________      ________      ________
                    0             0             0             0             0


           NU
              GNUM          AGE
              ________      ________
                    0             0


           LAMBDA
              ETA           QREPB         Q16           GNUM          AGE
              ________      ________      ________      ________      ________
 MOTOR              1             0             0             0             0
 SENS               2             0             0             0             0
 QREPB              0             0             0             0             0
 Q19                3             0             0             0             0
 Q16                0             0             0             0             0
 GNUM               0             0             0             0             0
 AGE                0             0             0             0             0


           THETA
              MOTOR         SENS          QREPB         Q19           Q16
              ________      ________      ________      ________      ________
 MOTOR              0
 SENS               0             0
 QREPB              0             0             0
 Q19                0             0             0             0
 Q16                0             0             0             0             0
 GNUM               0             0             0             0             0
 AGE                0             0             0             0             0


           THETA
              GNUM          AGE
              ________      ________
 GNUM               0
 AGE                0             0


           ALPHA
              ETA           QREPB         Q16           GNUM          AGE
              ________      ________      ________      ________      ________
                    0             0             0             0             0


           BETA
              ETA           QREPB         Q16           GNUM          AGE
              ________      ________      ________      ________      ________
 ETA                0             0             0             0             4
 QREPB              5             0             0             6             0
 Q16                7             0             0             0             8
 GNUM               0             0             0             0             0
 AGE                0             0             0             0             0


           PSI
              ETA           QREPB         Q16           GNUM          AGE
              ________      ________      ________      ________      ________
 ETA                9
 QREPB              0             0
 Q16                0             0             0
 GNUM               0             0             0             0
 AGE                0             0             0             0             0


     PARAMETER SPECIFICATION FOR THE ADDITIONAL PARAMETERS


           NEW/ADDITIONAL PARAMETERS
              L3_0          L3_1
              ________      ________
                   19            20


     STARTING VALUES


           TAU
              MOTOR$1       MOTOR$2       SENS$1        SENS$2        QREPB$1
              ________      ________      ________      ________      ________
                1.925         2.448         1.898         2.778         0.721


           TAU
              QREPB$2       Q19$1         Q16$1         Q16$2
              ________      ________      ________      ________
                3.117         2.308         1.877         3.946


           NU
              MOTOR         SENS          QREPB         Q19           Q16
              ________      ________      ________      ________      ________
                0.000         0.000         0.000         0.000         0.000


           NU
              GNUM          AGE
              ________      ________
                0.000         0.000


           LAMBDA
              ETA           QREPB         Q16           GNUM          AGE
              ________      ________      ________      ________      ________
 MOTOR          1.000         0.000         0.000         0.000         0.000
 SENS           1.000         0.000         0.000         0.000         0.000
 QREPB          0.000         1.000         0.000         0.000         0.000
 Q19            1.000         0.000         0.000         0.000         0.000
 Q16            0.000         0.000         1.000         0.000         0.000
 GNUM           0.000         0.000         0.000         1.000         0.000
 AGE            0.000         0.000         0.000         0.000         1.000


           THETA
              MOTOR         SENS          QREPB         Q19           Q16
              ________      ________      ________      ________      ________
 MOTOR          1.000
 SENS           0.000         1.000
 QREPB          0.000         0.000         0.000
 Q19            0.000         0.000         0.000         1.000
 Q16            0.000         0.000         0.000         0.000         0.000
 GNUM           0.000         0.000         0.000         0.000         0.000
 AGE            0.000         0.000         0.000         0.000         0.000


           THETA
              GNUM          AGE
              ________      ________
 GNUM           0.000
 AGE            0.000         0.000


           ALPHA
              ETA           QREPB         Q16           GNUM          AGE
              ________      ________      ________      ________      ________
                0.000         0.000         0.000         0.000         0.000


           BETA
              ETA           QREPB         Q16           GNUM          AGE
              ________      ________      ________      ________      ________
 ETA            0.000         0.000         0.000         0.000         0.000
 QREPB          1.000         0.000         0.000         0.000         0.000
 Q16            1.000         0.000         0.000         0.000         0.000
 GNUM           0.000         0.000         0.000         0.000         0.000
 AGE            0.000         0.000         0.000         0.000         0.000


           PSI
              ETA           QREPB         Q16           GNUM          AGE
              ________      ________      ________      ________      ________
 ETA            0.050
 QREPB          0.000         1.000
 Q16            0.000         0.000         1.000
 GNUM           0.000         0.000         0.000         0.122
 AGE            0.000         0.000         0.000         0.000        63.352


     STARTING VALUES FOR THE ADDITIONAL PARAMETERS


           NEW/ADDITIONAL PARAMETERS
              L3_0          L3_1
              ________      ________
                1.000         0.000


     Beginning Time:  22:44:41
        Ending Time:  22:45:52
       Elapsed Time:  00:01:11



MUTHEN & MUTHEN
3463 Stoner Ave.
Los Angeles, CA  90066

Tel: (310) 391-9971
Fax: (310) 391-8971
Web: www.StatModel.com
Support: Support@StatModel.com

Copyright (c) 1998-2021 Muthen & Muthen
