Mplus VERSION 8.6
MUTHEN & MUTHEN
08/21/2021  10:29 PM

INPUT INSTRUCTIONS

  TITLE: Variance Impact Model
  DATA: FILE =
   "C:/Users/joshu/Desktop/GRA/Burrows/Sex_Differences/aMNLFA_Update/calibration.dat";
  VARIABLE:
  NAMES = ID VNUM MOTOR SENS QREPB Q19 Q16 GNUM AGE;
  MISSING=.;
  !
  !
  !
  !
  USEVARIABLES= MOTOR SENS QREPB Q19 Q16 AGE ;
  AUXILIARY= ID VNUM ;
  CATEGORICAL= MOTOR SENS QREPB Q19 Q16 ;
  !
  CONSTRAINT= AGE ;
  ANALYSIS: ESTIMATOR=ML;ALGORITHM=INTEGRATION;INTEGRATION=MONTECARLO;PROCESSORS=4;
  MODEL: ETA ON AGE ; ETA*(veta);
  ETA BY MOTOR*(l1);
  ETA BY SENS*(l2);
  ETA BY QREPB*(l3);
  ETA BY Q19*(l4);
  ETA BY Q16*(l5);
  MODEL CONSTRAINT: new(
  v1*0
  );
  veta=1*exp(
  v1*AGE);
  OUTPUT: tech1;



INPUT READING TERMINATED NORMALLY



Variance Impact Model

SUMMARY OF ANALYSIS

Number of groups                                                 1
Number of observations                                         377

Number of dependent variables                                    5
Number of independent variables                                  1
Number of continuous latent variables                            1

Observed dependent variables

  Binary and ordered categorical (ordinal)
   MOTOR       SENS        QREPB       Q19         Q16

Observed independent variables
   AGE

Observed auxiliary variables
   ID          VNUM

Continuous latent variables
   ETA


Estimator                                                       ML
Information matrix                                        OBSERVED
Optimization Specifications for the Quasi-Newton Algorithm for
Continuous Outcomes
  Maximum number of iterations                                 100
  Convergence criterion                                  0.100D-05
Optimization Specifications for the EM Algorithm
  Maximum number of iterations                                 500
  Convergence criteria
    Loglikelihood change                                 0.100D-02
    Relative loglikelihood change                        0.100D-05
    Derivative                                           0.100D-02
Optimization Specifications for the M step of the EM Algorithm for
Categorical Latent variables
  Number of M step iterations                                    1
  M step convergence criterion                           0.100D-02
  Basis for M step termination                           ITERATION
Optimization Specifications for the M step of the EM Algorithm for
Censored, Binary or Ordered Categorical (Ordinal), Unordered
Categorical (Nominal) and Count Outcomes
  Number of M step iterations                                    1
  M step convergence criterion                           0.100D-02
  Basis for M step termination                           ITERATION
  Maximum value for logit thresholds                            15
  Minimum value for logit thresholds                           -15
  Minimum expected cell size for chi-square              0.100D-01
Maximum number of iterations for H1                           2000
Convergence criterion for H1                             0.100D-03
Optimization algorithm                                         EMA
Integration Specifications
  Type                                                  MONTECARLO
  Number of integration points                                1000
  Dimensions of numerical integration                            1
  Adaptive quadrature                                           ON
  Monte Carlo integration seed                                   0
Link                                                         LOGIT
Cholesky                                                        ON

Input data file(s)
  C:/Users/joshu/Desktop/GRA/Burrows/Sex_Differences/aMNLFA_Update/calibration.d
Input data format  FREE


SUMMARY OF DATA

     Number of missing data patterns             5
     Number of y missing data patterns           0
     Number of u missing data patterns           5


COVARIANCE COVERAGE OF DATA

Minimum covariance coverage value   0.100


     PROPORTION OF DATA PRESENT FOR U


           Covariance Coverage
              MOTOR         SENS          QREPB         Q19           Q16
              ________      ________      ________      ________      ________
 MOTOR          1.000
 SENS           0.997         0.997
 QREPB          0.438         0.438         0.438
 Q19            0.557         0.554         0.000         0.557
 Q16            0.560         0.557         0.000         0.557         0.560


UNIVARIATE PROPORTIONS AND COUNTS FOR CATEGORICAL VARIABLES

    MOTOR
      Category 1    0.873          329.000
      Category 2    0.048           18.000
      Category 3    0.080           30.000
    SENS
      Category 1    0.870          327.000
      Category 2    0.072           27.000
      Category 3    0.059           22.000
    QREPB
      Category 1    0.673          111.000
      Category 2    0.285           47.000
      Category 3    0.042            7.000
    Q19
      Category 1    0.910          191.000
      Category 2    0.090           19.000
    Q16
      Category 1    0.867          183.000
      Category 2    0.114           24.000
      Category 3    0.019            4.000



UNIVARIATE SAMPLE STATISTICS


     UNIVARIATE HIGHER-ORDER MOMENT DESCRIPTIVE STATISTICS

         Variable/         Mean/     Skewness/   Minimum/ % with                Percentiles
        Sample Size      Variance    Kurtosis    Maximum  Min/Max      20%/60%    40%/80%    Median

     AGE                  19.030       0.786       5.600    0.27%       8.400     12.500     13.100
             377.000     126.703      -0.289      51.900    0.27%      24.100     25.600


THE MODEL ESTIMATION TERMINATED NORMALLY

  ERROR OCCURRED IN THE BRANT WALD TEST FOR PROPORTIONAL ODDS FOR Q16.



MODEL FIT INFORMATION

Number of Free Parameters                       16

Loglikelihood

          H0 Value                        -613.433

Information Criteria

          Akaike (AIC)                    1258.866
          Bayesian (BIC)                  1321.782
          Sample-Size Adjusted BIC        1271.018
            (n* = (n + 2) / 24)



MODEL RESULTS

                                                    Two-Tailed
                    Estimate       S.E.  Est./S.E.    P-Value

 ETA      BY
    MOTOR              1.192      0.345      3.457      0.001
    SENS              14.089     12.394      1.137      0.256
    QREPB              1.243      0.539      2.307      0.021
    Q19                1.512      0.478      3.167      0.002
    Q16                0.492      0.374      1.313      0.189

 ETA        ON
    AGE                0.022      0.004      5.793      0.000

 Thresholds
    MOTOR$1            2.687      0.332      8.093      0.000
    MOTOR$2            3.243      0.359      9.023      0.000
    SENS$1            17.611     15.524      1.134      0.257
    SENS$2            21.833     19.121      1.142      0.254
    QREPB$1            1.647      0.470      3.503      0.000
    QREPB$2            4.165      0.643      6.476      0.000
    Q19$1              3.204      0.496      6.463      0.000
    Q16$1              2.038      0.266      7.672      0.000
    Q16$2              4.130      0.542      7.613      0.000

 Residual Variances
    ETA              999.000      0.000    999.000    999.000

New/Additional Parameters
    V1                -0.041      0.013     -3.154      0.002


QUALITY OF NUMERICAL RESULTS

     Condition Number for the Information Matrix              0.805E-08
       (ratio of smallest to largest eigenvalue)


RESULTS IN PROBABILITY SCALE

                    Estimate

 MOTOR
    Category 1         0.878
    Category 2         0.046
    Category 3         0.076
 SENS
    Category 1         0.897
    Category 2         0.059
    Category 3         0.044
 QREPB
    Category 1         0.730
    Category 2         0.236
    Category 3         0.034
 Q19
    Category 1         0.902
    Category 2         0.098
 Q16
    Category 1         0.858
    Category 2         0.122
    Category 3         0.020


BRANT WALD TEST FOR PROPORTIONAL ODDS

                                   Degrees of
                      Chi-Square     Freedom   P-Value

  MOTOR
    Overall test           3.691         1      0.055
    AGE                    3.691         1      0.055

  SENS
    Overall test          12.083         1      0.001
    AGE                   12.083         1      0.001

  QREPB
    Overall test         116.833         1      0.000
    AGE                  116.833         1      0.000


TECHNICAL 1 OUTPUT


     PARAMETER SPECIFICATION


           TAU
              MOTOR$1       MOTOR$2       SENS$1        SENS$2        QREPB$1
              ________      ________      ________      ________      ________
                    8             9            10            11            12


           TAU
              QREPB$2       Q19$1         Q16$1         Q16$2
              ________      ________      ________      ________
                   13            14            15            16


           NU
              MOTOR         SENS          QREPB         Q19           Q16
              ________      ________      ________      ________      ________
                    0             0             0             0             0


           NU
              AGE
              ________
                    0


           LAMBDA
              ETA           AGE
              ________      ________
 MOTOR              1             0
 SENS               2             0
 QREPB              3             0
 Q19                4             0
 Q16                5             0
 AGE                0             0


           THETA
              MOTOR         SENS          QREPB         Q19           Q16
              ________      ________      ________      ________      ________
 MOTOR              0
 SENS               0             0
 QREPB              0             0             0
 Q19                0             0             0             0
 Q16                0             0             0             0             0
 AGE                0             0             0             0             0


           THETA
              AGE
              ________
 AGE                0


           ALPHA
              ETA           AGE
              ________      ________
                    0             0


           BETA
              ETA           AGE
              ________      ________
 ETA                0             6
 AGE                0             0


           PSI
              ETA           AGE
              ________      ________
 ETA                7
 AGE                0             0


     PARAMETER SPECIFICATION FOR THE ADDITIONAL PARAMETERS


           NEW/ADDITIONAL PARAMETERS
              V1
              ________
                   17


     STARTING VALUES


           TAU
              MOTOR$1       MOTOR$2       SENS$1        SENS$2        QREPB$1
              ________      ________      ________      ________      ________
                1.925         2.448         1.898         2.778         0.721


           TAU
              QREPB$2       Q19$1         Q16$1         Q16$2
              ________      ________      ________      ________
                3.117         2.308         1.877         3.946


           NU
              MOTOR         SENS          QREPB         Q19           Q16
              ________      ________      ________      ________      ________
                0.000         0.000         0.000         0.000         0.000


           NU
              AGE
              ________
                0.000


           LAMBDA
              ETA           AGE
              ________      ________
 MOTOR          1.000         0.000
 SENS           1.000         0.000
 QREPB          1.000         0.000
 Q19            1.000         0.000
 Q16            1.000         0.000
 AGE            0.000         1.000


           THETA
              MOTOR         SENS          QREPB         Q19           Q16
              ________      ________      ________      ________      ________
 MOTOR          1.000
 SENS           0.000         1.000
 QREPB          0.000         0.000         1.000
 Q19            0.000         0.000         0.000         1.000
 Q16            0.000         0.000         0.000         0.000         1.000
 AGE            0.000         0.000         0.000         0.000         0.000


           THETA
              AGE
              ________
 AGE            0.000


           ALPHA
              ETA           AGE
              ________      ________
                0.000         0.000


           BETA
              ETA           AGE
              ________      ________
 ETA            0.000         0.000
 AGE            0.000         0.000


           PSI
              ETA           AGE
              ________      ________
 ETA            0.050
 AGE            0.000        63.352


     STARTING VALUES FOR THE ADDITIONAL PARAMETERS


           NEW/ADDITIONAL PARAMETERS
              V1
              ________
                0.000


     Beginning Time:  22:29:33
        Ending Time:  22:42:31
       Elapsed Time:  00:12:58



MUTHEN & MUTHEN
3463 Stoner Ave.
Los Angeles, CA  90066

Tel: (310) 391-9971
Fax: (310) 391-8971
Web: www.StatModel.com
Support: Support@StatModel.com

Copyright (c) 1998-2021 Muthen & Muthen
